<?xml version="1.0" encoding="UTF-8"?>
<testsuites name="RegressionSuite" time="1149" tests="9" failures="0" errors="0">
   <testsuite name="RegressionSuite" tests="9" failures="0" errors="0" time="1149" timestamp="2018-04-30 14:52:14" hostname="shalinin - NIBC2129.nousinfo.com" id="Test Suites/RegressionSuite">
      <properties>
         <property name="deviceName" value=""/>
         <property name="devicePlatform" value=""/>
         <property name="logFolder" value="C:\\Users\\shalinin\\Katalon Studio\\HME_Scripts\\Reports\\RegressionSuite\\20180430_145211"/>
         <property name="logFiles" value="C:\\Users\\shalinin\\Katalon Studio\\HME_Scripts\\Reports\\RegressionSuite\\20180430_145211\\execution0.log"/>
         <property name="attachments" value="C:\\Users\\shalinin\\Katalon Studio\\HME_Scripts\\Reports\\RegressionSuite\\20180430_145211\\1525080825069.png, C:\\Users\\shalinin\\Katalon Studio\\HME_Scripts\\Reports\\RegressionSuite\\20180430_145211\\1525081271641.png"/>
         <property name="hostName" value="shalinin - NIBC2129.nousinfo.com"/>
         <property name="os" value="Windows 7 64bit"/>
         <property name="katalonVersion" value="5.3.1.1"/>
         <property name="browser" value="Chrome 66.0.3359.139"/>
         <property name="hostAddress" value="192.168.24.72"/>
         <property name="sessionId" value="af088ed8284737bd24a9aeaf160ad17c"/>
         <property name="seleniumVersion" value="3.7.1"/>
         <property name="proxyInformation" value="ProxyInformation{proxyOption=NO_PROXY, proxyServerType=HTTP, password=, proxyServerAddress=, proxyServerPort=0}"/>
         <property name="platform" value="Windows 7"/>
      </properties>
      <testcase name="Test Cases/CreateGroupTC/HME-CreateGroup-04" classname="Test Cases/CreateGroupTC/HME-CreateGroup-04" status="PASSED">
         <system-out><![CDATA[2018-04-30 14:52:15 - [TEST_CASE][PASSED] - Test Cases/CreateGroupTC/HME-CreateGroup-04: Browser is closed

2018-04-30 14:52:15 - [TEST_STEP][PASSED] - Start listener action : sampleBeforeTestCase: uiaction.CommonUIActions.deleteAllCookies is PASSED

2018-04-30 14:52:15 - [TEST_STEP][PASSED] - openBrowser: Browser is opened with url: ''

2018-04-30 14:52:20 - [MESSAGE][PASSED] - Browser is opened with url: ''

2018-04-30 14:52:20 - [TEST_STEP][PASSED] - maximizeWindow: Current window maximized

2018-04-30 14:52:21 - [MESSAGE][PASSED] - Current window maximized

2018-04-30 14:52:21 - [TEST_STEP][PASSED] - uiaction.CommonUIActions.deleteAllCookies: uiaction.CommonUIActions.deleteAllCookies is PASSED

2018-04-30 14:52:21 - [MESSAGE][PASSED] - Delete all cookies successfully

2018-04-30 14:52:21 - [MESSAGE][PASSED] - uiaction.CommonUIActions.deleteAllCookies is PASSED

2018-04-30 14:52:21 - [TEST_STEP][PASSED] - Statement - TCflag = true: null

2018-04-30 14:52:21 - [TEST_STEP][PASSED] - Statement - Try: uiaction.CommonUIActions.click is PASSED

2018-04-30 14:52:21 - [TEST_STEP][PASSED] - navigateToUrl: Navigate to 'https://hme-dev-public-cloud-app.azurewebsites.net/' successfully

2018-04-30 14:52:24 - [MESSAGE][PASSED] - Navigate to 'https://hme-dev-public-cloud-app.azurewebsites.net/' successfully

2018-04-30 14:52:24 - [TEST_STEP][PASSED] - projectSpecific.Reusability.login: projectSpecific.Reusability.login is PASSED

2018-04-30 14:52:25 - [MESSAGE][PASSED] - projectSpecific.Reusability.getTestData is PASSED

2018-04-30 14:52:25 - [MESSAGE][PASSED] - projectSpecific.Reusability.getTestData is PASSED

2018-04-30 14:52:25 - [MESSAGE][PASSED] - Text 'selvendrank@nousinfo.com' is set on object 'Object Repository/LoginPage/Username'

2018-04-30 14:52:25 - [MESSAGE][PASSED] - Text 'nous;123' is set on object 'Object Repository/LoginPage/Password'

2018-04-30 14:52:25 - [MESSAGE][PASSED] - Object: 'Object Repository/LoginPage/Login' is clicked on

2018-04-30 14:52:25 - [MESSAGE][PASSED] - projectSpecific.Reusability.login is PASSED

2018-04-30 14:52:25 - [TEST_STEP][PASSED] - delay: Delayed 10 second(s)

2018-04-30 14:52:35 - [MESSAGE][PASSED] - Delayed 10 second(s)

2018-04-30 14:52:35 - [TEST_STEP][PASSED] - uiaction.CommonUIActions.click: uiaction.CommonUIActions.click is PASSED

2018-04-30 14:52:35 - [MESSAGE][PASSED] - uiaction.CommonUIActions.click is PASSED

2018-04-30 14:52:35 - [TEST_STEP][PASSED] - verifyElementPresent: Object 'Object Repository/ReportingGroupManagement/reportingGroupDetails' is present

2018-04-30 14:52:35 - [MESSAGE][PASSED] - Object 'Object Repository/ReportingGroupManagement/reportingGroupDetails' is present

2018-04-30 14:52:35 - [TEST_STEP][PASSED] - Statement - grpName = CustomKeywords.uiaction.CommonUIActions.getText(com.kms.katalon.core.testobject.ObjectRepository.findTestObject(ReportingGroupManagement/groupName)): uiaction.CommonUIActions.getText is PASSED

2018-04-30 14:52:35 - [MESSAGE][PASSED] - uiaction.CommonUIActions.getText is PASSED

2018-04-30 14:52:35 - [TEST_STEP][PASSED] - Statement - println("grpName"): null

2018-04-30 14:52:35 - [TEST_STEP][PASSED] - Statement - If (grpName.contains("*")): null

2018-04-30 14:52:35 - [TEST_STEP][PASSED] - Statement - out.println("Group Name text box is marked with asterisk symbol"): null

2018-04-30 14:52:35 - [TEST_STEP][PASSED] - uiaction.CommonUIActions.enter: uiaction.CommonUIActions.enter is PASSED

2018-04-30 14:52:35 - [MESSAGE][PASSED] - projectSpecific.Reusability.getTestData is PASSED

2018-04-30 14:52:35 - [MESSAGE][PASSED] - uiaction.CommonUIActions.enter is PASSED

2018-04-30 14:52:35 - [TEST_STEP][PASSED] - uiaction.CommonUIActions.enter: uiaction.CommonUIActions.enter is PASSED

2018-04-30 14:52:35 - [MESSAGE][PASSED] - projectSpecific.Reusability.getTestData is PASSED

2018-04-30 14:52:35 - [MESSAGE][PASSED] - uiaction.CommonUIActions.enter is PASSED

2018-04-30 14:52:35 - [TEST_STEP][PASSED] - uiaction.CommonUIActions.click: uiaction.CommonUIActions.click is PASSED

2018-04-30 14:52:35 - [MESSAGE][PASSED] - uiaction.CommonUIActions.click is PASSED

2018-04-30 14:52:35 - [TEST_STEP][PASSED] - delay: Delayed 10 second(s)

2018-04-30 14:52:45 - [MESSAGE][PASSED] - Delayed 10 second(s)

2018-04-30 14:52:45 - [TEST_STEP][PASSED] - uiaction.CommonUIActions.back: uiaction.CommonUIActions.back is PASSED

2018-04-30 14:52:45 - [MESSAGE][PASSED] - Navigate back successfully

2018-04-30 14:52:45 - [MESSAGE][PASSED] - uiaction.CommonUIActions.back is PASSED

2018-04-30 14:52:45 - [TEST_STEP][PASSED] - delay: Delayed 5 second(s)

2018-04-30 14:52:50 - [MESSAGE][PASSED] - Delayed 5 second(s)

2018-04-30 14:52:50 - [TEST_STEP][PASSED] - uiaction.CommonUIActions.enter: uiaction.CommonUIActions.enter is PASSED

2018-04-30 14:52:51 - [MESSAGE][PASSED] - projectSpecific.Reusability.getTestData is PASSED

2018-04-30 14:52:51 - [MESSAGE][PASSED] - uiaction.CommonUIActions.enter is PASSED

2018-04-30 14:52:51 - [TEST_STEP][PASSED] - uiaction.CommonUIActions.enter: uiaction.CommonUIActions.enter is PASSED

2018-04-30 14:52:51 - [MESSAGE][PASSED] - projectSpecific.Reusability.getTestData is PASSED

2018-04-30 14:52:51 - [MESSAGE][PASSED] - uiaction.CommonUIActions.enter is PASSED

2018-04-30 14:52:51 - [TEST_STEP][PASSED] - uiaction.CommonUIActions.click: uiaction.CommonUIActions.click is PASSED

2018-04-30 14:52:51 - [MESSAGE][PASSED] - uiaction.CommonUIActions.click is PASSED

2018-04-30 14:52:51 - [TEST_STEP][PASSED] - delay: Delayed 10 second(s)

2018-04-30 14:53:01 - [MESSAGE][PASSED] - Delayed 10 second(s)

2018-04-30 14:53:01 - [TEST_STEP][PASSED] - uiaction.CommonUIActions.back: uiaction.CommonUIActions.back is PASSED

2018-04-30 14:53:01 - [MESSAGE][PASSED] - Navigate back successfully

2018-04-30 14:53:01 - [MESSAGE][PASSED] - uiaction.CommonUIActions.back is PASSED

2018-04-30 14:53:01 - [TEST_STEP][PASSED] - delay: Delayed 5 second(s)

2018-04-30 14:53:06 - [MESSAGE][PASSED] - Delayed 5 second(s)

2018-04-30 14:53:06 - [TEST_STEP][PASSED] - uiaction.CommonUIActions.back: uiaction.CommonUIActions.back is PASSED

2018-04-30 14:53:06 - [MESSAGE][PASSED] - Navigate back successfully

2018-04-30 14:53:06 - [MESSAGE][PASSED] - uiaction.CommonUIActions.back is PASSED

2018-04-30 14:53:06 - [TEST_STEP][PASSED] - delay: Delayed 5 second(s)

2018-04-30 14:53:11 - [MESSAGE][PASSED] - Delayed 5 second(s)

2018-04-30 14:53:11 - [TEST_STEP][PASSED] - uiaction.CommonUIActions.click: uiaction.CommonUIActions.click is PASSED

2018-04-30 14:53:11 - [MESSAGE][PASSED] - uiaction.CommonUIActions.click is PASSED

2018-04-30 14:53:11 - [TEST_STEP][PASSED] - Statement - StoreList = CustomKeywords.projectSpecific.Reusability.getTestData("ReportingGroupManagementPage", "dummyGroupName2"): projectSpecific.Reusability.getTestData is PASSED

2018-04-30 14:53:11 - [MESSAGE][PASSED] - projectSpecific.Reusability.getTestData is PASSED

2018-04-30 14:53:11 - [TEST_STEP][PASSED] - Statement - listOfStores = new java.util.ArrayList(java.util.Arrays.asList(StoreList)): null

2018-04-30 14:53:11 - [TEST_STEP][PASSED] - Statement - out.println(listOfStores): null

2018-04-30 14:53:11 - [TEST_STEP][PASSED] - delay: Delayed 10 second(s)

2018-04-30 14:53:21 - [MESSAGE][PASSED] - Delayed 10 second(s)

2018-04-30 14:53:21 - [TEST_STEP][PASSED] - Statement - driver = com.kms.katalon.core.webui.driver.DriverFactory.getWebDriver(): null

2018-04-30 14:53:21 - [TEST_STEP][PASSED] - Statement - availableStoreList = driver.findElements(org.openqa.selenium.By.xpath(com.kms.katalon.core.testdata.TestDataFactory.findTestData(OR_file).getValue(2, 10))): Reading excel file with source file 'C:\Users\shalinin\Katalon Studio\HME_Scripts\Data Files\HME_OR.xlsx' and sheet name 'Sheet1'

2018-04-30 14:53:21 - [TEST_STEP][PASSED] - Statement - actualList = new java.util.ArrayList(): null

2018-04-30 14:53:21 - [TEST_STEP][PASSED] - Statement - For ([i = 0, i < availableStoreList.size(), (i++)]): null

2018-04-30 14:53:21 - [TEST_STEP][PASSED] - Statement - actualList.add(i, availableStoreList.get(i).getText()): null

2018-04-30 14:53:21 - [TEST_STEP][PASSED] - Statement - actualList.add(i, availableStoreList.get(i).getText()): null

2018-04-30 14:53:21 - [TEST_STEP][PASSED] - Statement - actualList.add(i, availableStoreList.get(i).getText()): null

2018-04-30 14:53:21 - [TEST_STEP][PASSED] - Statement - actualList.add(i, availableStoreList.get(i).getText()): null

2018-04-30 14:53:21 - [TEST_STEP][PASSED] - Statement - actualList.add(i, availableStoreList.get(i).getText()): null

2018-04-30 14:53:21 - [TEST_STEP][PASSED] - Statement - actualList.add(i, availableStoreList.get(i).getText()): null

2018-04-30 14:53:21 - [TEST_STEP][PASSED] - Statement - actualList.add(i, availableStoreList.get(i).getText()): null

2018-04-30 14:53:21 - [TEST_STEP][PASSED] - Statement - actualList.add(i, availableStoreList.get(i).getText()): null

2018-04-30 14:53:21 - [TEST_STEP][PASSED] - Statement - actualList.add(i, availableStoreList.get(i).getText()): null

2018-04-30 14:53:21 - [TEST_STEP][PASSED] - Statement - actualList.add(i, availableStoreList.get(i).getText()): null

2018-04-30 14:53:21 - [TEST_STEP][PASSED] - Statement - out.println(actualList): null

2018-04-30 14:53:21 - [TEST_STEP][PASSED] - Statement - If (actualList.containsAll(listOfStores)): null

2018-04-30 14:53:21 - [TEST_STEP][PASSED] - Statement - println("Actual list contains the required stores or groups"): null

2018-04-30 14:53:21 - [TEST_STEP][PASSED] - uiaction.CommonUIActions.click: uiaction.CommonUIActions.click is PASSED

2018-04-30 14:53:21 - [MESSAGE][PASSED] - uiaction.CommonUIActions.click is PASSED

2018-04-30 14:53:21 - [TEST_STEP][PASSED] - uiaction.CommonUIActions.click: uiaction.CommonUIActions.click is PASSED

2018-04-30 14:53:21 - [MESSAGE][PASSED] - uiaction.CommonUIActions.click is PASSED

2018-04-30 14:53:21 - [TEST_STEP][PASSED] - uiaction.CommonUIActions.back: uiaction.CommonUIActions.back is PASSED

2018-04-30 14:53:21 - [MESSAGE][PASSED] - Navigate back successfully

2018-04-30 14:53:21 - [MESSAGE][PASSED] - uiaction.CommonUIActions.back is PASSED

2018-04-30 14:53:21 - [TEST_STEP][PASSED] - delay: Delayed 5 second(s)

2018-04-30 14:53:26 - [MESSAGE][PASSED] - Delayed 5 second(s)

2018-04-30 14:53:26 - [TEST_STEP][PASSED] - uiaction.CommonUIActions.back: uiaction.CommonUIActions.back is PASSED

2018-04-30 14:53:26 - [MESSAGE][PASSED] - Navigate back successfully

2018-04-30 14:53:26 - [MESSAGE][PASSED] - uiaction.CommonUIActions.back is PASSED

2018-04-30 14:53:26 - [TEST_STEP][PASSED] - delay: Delayed 5 second(s)

2018-04-30 14:53:31 - [MESSAGE][PASSED] - Delayed 5 second(s)

2018-04-30 14:53:31 - [TEST_STEP][PASSED] - uiaction.CommonUIActions.click: uiaction.CommonUIActions.click is PASSED

2018-04-30 14:53:31 - [MESSAGE][PASSED] - uiaction.CommonUIActions.click is PASSED

2018-04-30 14:53:31 - [TEST_STEP][PASSED] - uiaction.CommonUIActions.click: uiaction.CommonUIActions.click is PASSED

2018-04-30 14:53:32 - [MESSAGE][PASSED] - uiaction.CommonUIActions.click is PASSED

2018-04-30 14:53:32 - [TEST_STEP][PASSED] - uiaction.CommonUIActions.click: uiaction.CommonUIActions.click is PASSED

2018-04-30 14:53:32 - [MESSAGE][PASSED] - uiaction.CommonUIActions.click is PASSED

2018-04-30 14:53:32 - [TEST_STEP][PASSED] - uiaction.CommonUIActions.back: uiaction.CommonUIActions.back is PASSED

2018-04-30 14:53:32 - [MESSAGE][PASSED] - Navigate back successfully

2018-04-30 14:53:32 - [MESSAGE][PASSED] - uiaction.CommonUIActions.back is PASSED

2018-04-30 14:53:32 - [TEST_STEP][PASSED] - delay: Delayed 5 second(s)

2018-04-30 14:53:37 - [MESSAGE][PASSED] - Delayed 5 second(s)

2018-04-30 14:53:37 - [TEST_STEP][PASSED] - uiaction.CommonUIActions.back: uiaction.CommonUIActions.back is PASSED

2018-04-30 14:53:37 - [MESSAGE][PASSED] - Navigate back successfully

2018-04-30 14:53:37 - [MESSAGE][PASSED] - uiaction.CommonUIActions.back is PASSED

2018-04-30 14:53:37 - [TEST_STEP][PASSED] - delay: Delayed 5 second(s)

2018-04-30 14:53:42 - [MESSAGE][PASSED] - Delayed 5 second(s)

2018-04-30 14:53:42 - [TEST_STEP][PASSED] - uiaction.CommonUIActions.click: uiaction.CommonUIActions.click is PASSED

2018-04-30 14:53:42 - [MESSAGE][PASSED] - uiaction.CommonUIActions.click is PASSED

2018-04-30 14:53:42 - [TEST_STEP][PASSED] - delay: Delayed 5 second(s)

2018-04-30 14:53:47 - [MESSAGE][PASSED] - Delayed 5 second(s)

2018-04-30 14:53:47 - [TEST_STEP][PASSED] - Statement - secondStoreListBox = driver.findElements(org.openqa.selenium.By.xpath(com.kms.katalon.core.testdata.TestDataFactory.findTestData(OR_file).getValue(2, 11))): Reading excel file with source file 'C:\Users\shalinin\Katalon Studio\HME_Scripts\Data Files\HME_OR.xlsx' and sheet name 'Sheet1'

2018-04-30 14:53:47 - [TEST_STEP][PASSED] - Statement - list = new java.util.ArrayList(): null

2018-04-30 14:53:47 - [TEST_STEP][PASSED] - Statement - For ([i = 0, i < secondStoreListBox.size(), (i++)]): null

2018-04-30 14:53:47 - [TEST_STEP][PASSED] - Statement - If (list.size() == 0): null

2018-04-30 14:53:47 - [TEST_STEP][PASSED] - Statement - println("No Groups/Stores is displayed in Groups/Stores in Group list box"): null

2018-04-30 14:53:47 - [TEST_STEP][PASSED] - uiaction.CommonUIActions.enter: uiaction.CommonUIActions.enter is PASSED

2018-04-30 14:53:47 - [MESSAGE][PASSED] - projectSpecific.Reusability.getTestData is PASSED

2018-04-30 14:53:47 - [MESSAGE][PASSED] - uiaction.CommonUIActions.enter is PASSED

2018-04-30 14:53:47 - [TEST_STEP][PASSED] - uiaction.CommonUIActions.enter: uiaction.CommonUIActions.enter is PASSED

2018-04-30 14:53:47 - [MESSAGE][PASSED] - projectSpecific.Reusability.getTestData is PASSED

2018-04-30 14:53:47 - [MESSAGE][PASSED] - uiaction.CommonUIActions.enter is PASSED

2018-04-30 14:53:47 - [TEST_STEP][PASSED] - uiaction.CommonUIActions.verifyMatch: uiaction.CommonUIActions.verifyMatch is PASSED

2018-04-30 14:53:47 - [MESSAGE][PASSED] - projectSpecific.Reusability.getTestData is PASSED

2018-04-30 14:53:47 - [MESSAGE][PASSED] - Attribute 'value' of object 'Object Repository/ReportingGroupManagement/groupNameTxt' is: 'AutomationGroup'

2018-04-30 14:53:47 - [MESSAGE][PASSED] - Actual text 'AutomationGroup' and expected text 'AutomationGroup' are matched 

2018-04-30 14:53:47 - [MESSAGE][PASSED] - uiaction.CommonUIActions.verifyMatch is PASSED

2018-04-30 14:53:47 - [TEST_STEP][PASSED] - uiaction.CommonUIActions.verifyMatch: uiaction.CommonUIActions.verifyMatch is PASSED

2018-04-30 14:53:47 - [MESSAGE][PASSED] - projectSpecific.Reusability.getTestData is PASSED

2018-04-30 14:53:47 - [MESSAGE][PASSED] - Attribute 'value' of object 'Object Repository/ReportingGroupManagement/groupDescTxt' is: 'South west branch Group 11'

2018-04-30 14:53:47 - [MESSAGE][PASSED] - Actual text 'South west branch Group 11' and expected text 'South west branch Group 11' are matched 

2018-04-30 14:53:47 - [MESSAGE][PASSED] - uiaction.CommonUIActions.verifyMatch is PASSED

2018-04-30 14:53:47 - [TEST_STEP][PASSED] - delay: Delayed 5 second(s)

2018-04-30 14:53:52 - [MESSAGE][PASSED] - Delayed 5 second(s)

2018-04-30 14:53:52 - [TEST_STEP][PASSED] - uiaction.CommonUIActions.click: uiaction.CommonUIActions.click is PASSED

2018-04-30 14:53:52 - [MESSAGE][PASSED] - uiaction.CommonUIActions.click is PASSED

2018-04-30 14:53:52 - [TEST_STEP][PASSED] - Statement - availableStoresCheckBoxList = driver.findElements(org.openqa.selenium.By.xpath(com.kms.katalon.core.testdata.TestDataFactory.findTestData(OR_file).getValue(2, 12))): Reading excel file with source file 'C:\Users\shalinin\Katalon Studio\HME_Scripts\Data Files\HME_OR.xlsx' and sheet name 'Sheet1'

2018-04-30 14:53:52 - [TEST_STEP][PASSED] - Statement - index = 1: null

2018-04-30 14:53:52 - [TEST_STEP][PASSED] - Statement - flag = true: null

2018-04-30 14:53:52 - [TEST_STEP][PASSED] - Statement - For ([i = 0, i < availableStoresCheckBoxList.size(), (i++)]): null

2018-04-30 14:53:52 - [TEST_STEP][PASSED] - Statement - element = availableStoresCheckBoxList[i]: null

2018-04-30 14:53:52 - [TEST_STEP][PASSED] - Statement - If (!(element.isSelected())): null

2018-04-30 14:53:52 - [TEST_STEP][PASSED] - Statement - element = availableStoresCheckBoxList[i]: null

2018-04-30 14:53:52 - [TEST_STEP][PASSED] - Statement - If (!(element.isSelected())): null

2018-04-30 14:53:52 - [TEST_STEP][PASSED] - Statement - element = availableStoresCheckBoxList[i]: null

2018-04-30 14:53:52 - [TEST_STEP][PASSED] - Statement - If (!(element.isSelected())): null

2018-04-30 14:53:52 - [TEST_STEP][PASSED] - Statement - element = availableStoresCheckBoxList[i]: null

2018-04-30 14:53:52 - [TEST_STEP][PASSED] - Statement - If (!(element.isSelected())): null

2018-04-30 14:53:52 - [TEST_STEP][PASSED] - Statement - element = availableStoresCheckBoxList[i]: null

2018-04-30 14:53:52 - [TEST_STEP][PASSED] - Statement - If (!(element.isSelected())): null

2018-04-30 14:53:52 - [TEST_STEP][PASSED] - Statement - element = availableStoresCheckBoxList[i]: null

2018-04-30 14:53:52 - [TEST_STEP][PASSED] - Statement - If (!(element.isSelected())): null

2018-04-30 14:53:52 - [TEST_STEP][PASSED] - Statement - element = availableStoresCheckBoxList[i]: null

2018-04-30 14:53:52 - [TEST_STEP][PASSED] - Statement - If (!(element.isSelected())): null

2018-04-30 14:53:52 - [TEST_STEP][PASSED] - Statement - element = availableStoresCheckBoxList[i]: null

2018-04-30 14:53:52 - [TEST_STEP][PASSED] - Statement - If (!(element.isSelected())): null

2018-04-30 14:53:52 - [TEST_STEP][PASSED] - Statement - element = availableStoresCheckBoxList[i]: null

2018-04-30 14:53:52 - [TEST_STEP][PASSED] - Statement - If (!(element.isSelected())): null

2018-04-30 14:53:52 - [TEST_STEP][PASSED] - Statement - If (flag): null

2018-04-30 14:53:52 - [TEST_STEP][PASSED] - Statement - out.println("All Available Store checkboxes are checked"): null

2018-04-30 14:53:52 - [TEST_STEP][PASSED] - delay: Delayed 5 second(s)

2018-04-30 14:53:57 - [MESSAGE][PASSED] - Delayed 5 second(s)

2018-04-30 14:53:57 - [TEST_STEP][PASSED] - Statement - StoresCBList = driver.findElements(org.openqa.selenium.By.xpath(com.kms.katalon.core.testdata.TestDataFactory.findTestData(OR_file).getValue(2, 12))): Reading excel file with source file 'C:\Users\shalinin\Katalon Studio\HME_Scripts\Data Files\HME_OR.xlsx' and sheet name 'Sheet1'

2018-04-30 14:53:57 - [TEST_STEP][PASSED] - Statement - For (org.openqa.selenium.WebElement checkbox : StoresCBList): null

2018-04-30 14:53:57 - [TEST_STEP][PASSED] - Statement - If (checkbox.isSelected()): null

2018-04-30 14:53:57 - [TEST_STEP][PASSED] - Statement - checkbox.click(): null

2018-04-30 14:53:57 - [TEST_STEP][PASSED] - Statement - If (checkbox.isSelected()): null

2018-04-30 14:53:57 - [TEST_STEP][PASSED] - Statement - checkbox.click(): null

2018-04-30 14:53:57 - [TEST_STEP][PASSED] - Statement - If (checkbox.isSelected()): null

2018-04-30 14:53:57 - [TEST_STEP][PASSED] - Statement - checkbox.click(): null

2018-04-30 14:53:57 - [TEST_STEP][PASSED] - Statement - If (checkbox.isSelected()): null

2018-04-30 14:53:57 - [TEST_STEP][PASSED] - Statement - checkbox.click(): null

2018-04-30 14:53:58 - [TEST_STEP][PASSED] - Statement - If (checkbox.isSelected()): null

2018-04-30 14:53:58 - [TEST_STEP][PASSED] - Statement - checkbox.click(): null

2018-04-30 14:53:58 - [TEST_STEP][PASSED] - Statement - If (checkbox.isSelected()): null

2018-04-30 14:53:58 - [TEST_STEP][PASSED] - Statement - checkbox.click(): null

2018-04-30 14:53:58 - [TEST_STEP][PASSED] - Statement - If (checkbox.isSelected()): null

2018-04-30 14:53:58 - [TEST_STEP][PASSED] - Statement - checkbox.click(): null

2018-04-30 14:53:58 - [TEST_STEP][PASSED] - Statement - If (checkbox.isSelected()): null

2018-04-30 14:53:58 - [TEST_STEP][PASSED] - Statement - checkbox.click(): null

2018-04-30 14:53:58 - [TEST_STEP][PASSED] - Statement - If (checkbox.isSelected()): null

2018-04-30 14:53:58 - [TEST_STEP][PASSED] - Statement - checkbox.click(): null

2018-04-30 14:53:58 - [TEST_STEP][PASSED] - Statement - StoresCBList1 = driver.findElements(org.openqa.selenium.By.xpath(com.kms.katalon.core.testdata.TestDataFactory.findTestData(OR_file).getValue(2, 12))): Reading excel file with source file 'C:\Users\shalinin\Katalon Studio\HME_Scripts\Data Files\HME_OR.xlsx' and sheet name 'Sheet1'

2018-04-30 14:53:58 - [TEST_STEP][PASSED] - Statement - storesLabel = driver.findElements(org.openqa.selenium.By.xpath(com.kms.katalon.core.testdata.TestDataFactory.findTestData(OR_file).getValue(2, 10))): Reading excel file with source file 'C:\Users\shalinin\Katalon Studio\HME_Scripts\Data Files\HME_OR.xlsx' and sheet name 'Sheet1'

2018-04-30 14:53:58 - [TEST_STEP][PASSED] - Statement - groupStoresList = new java.util.ArrayList(): null

2018-04-30 14:53:58 - [TEST_STEP][PASSED] - Statement - out.println(StoresCBList1.size()): null

2018-04-30 14:53:58 - [TEST_STEP][PASSED] - Statement - size = StoresCBList1.size(): null

2018-04-30 14:53:58 - [TEST_STEP][PASSED] - Statement - For ([i = 0, i < StoresCBList1.size(), (i++)]): null

2018-04-30 14:53:58 - [TEST_STEP][PASSED] - Statement - groupStoresList[i] = storesLabel.get(i).getText(): null

2018-04-30 14:53:58 - [TEST_STEP][PASSED] - Statement - StoresCBList1.get(i).click(): null

2018-04-30 14:53:58 - [TEST_STEP][PASSED] - Statement - groupStoresList[i] = storesLabel.get(i).getText(): null

2018-04-30 14:53:58 - [TEST_STEP][PASSED] - Statement - StoresCBList1.get(i).click(): null

2018-04-30 14:53:58 - [TEST_STEP][PASSED] - Statement - groupStoresList[i] = storesLabel.get(i).getText(): null

2018-04-30 14:53:58 - [TEST_STEP][PASSED] - Statement - StoresCBList1.get(i).click(): null

2018-04-30 14:53:58 - [TEST_STEP][PASSED] - Statement - groupStoresList[i] = storesLabel.get(i).getText(): null

2018-04-30 14:53:58 - [TEST_STEP][PASSED] - Statement - StoresCBList1.get(i).click(): null

2018-04-30 14:53:58 - [TEST_STEP][PASSED] - Statement - groupStoresList[i] = storesLabel.get(i).getText(): null

2018-04-30 14:53:58 - [TEST_STEP][PASSED] - Statement - StoresCBList1.get(i).click(): null

2018-04-30 14:53:58 - [TEST_STEP][PASSED] - Statement - groupStoresList[i] = storesLabel.get(i).getText(): null

2018-04-30 14:53:58 - [TEST_STEP][PASSED] - Statement - StoresCBList1.get(i).click(): null

2018-04-30 14:53:58 - [TEST_STEP][PASSED] - Statement - groupStoresList[i] = storesLabel.get(i).getText(): null

2018-04-30 14:53:58 - [TEST_STEP][PASSED] - Statement - StoresCBList1.get(i).click(): null

2018-04-30 14:53:58 - [TEST_STEP][PASSED] - Statement - groupStoresList[i] = storesLabel.get(i).getText(): null

2018-04-30 14:53:58 - [TEST_STEP][PASSED] - Statement - StoresCBList1.get(i).click(): null

2018-04-30 14:53:58 - [TEST_STEP][PASSED] - Statement - groupStoresList[i] = storesLabel.get(i).getText(): null

2018-04-30 14:53:58 - [TEST_STEP][PASSED] - Statement - StoresCBList1.get(i).click(): null

2018-04-30 14:53:58 - [TEST_STEP][PASSED] - Statement - out.println(groupStoresList): null

2018-04-30 14:53:58 - [TEST_STEP][PASSED] - uiaction.CommonUIActions.click: uiaction.CommonUIActions.click is PASSED

2018-04-30 14:53:58 - [MESSAGE][PASSED] - uiaction.CommonUIActions.click is PASSED

2018-04-30 14:53:58 - [TEST_STEP][PASSED] - delay: Delayed 5 second(s)

2018-04-30 14:54:03 - [MESSAGE][PASSED] - Delayed 5 second(s)

2018-04-30 14:54:03 - [TEST_STEP][PASSED] - Statement - secondStoreListBox1 = driver.findElements(org.openqa.selenium.By.xpath(com.kms.katalon.core.testdata.TestDataFactory.findTestData(OR_file).getValue(2, 11))): Reading excel file with source file 'C:\Users\shalinin\Katalon Studio\HME_Scripts\Data Files\HME_OR.xlsx' and sheet name 'Sheet1'

2018-04-30 14:54:03 - [TEST_STEP][PASSED] - Statement - actualList1 = new java.util.ArrayList(): null

2018-04-30 14:54:03 - [TEST_STEP][PASSED] - Statement - For ([i = 0, i < secondStoreListBox1.size(), (i++)]): null

2018-04-30 14:54:03 - [TEST_STEP][PASSED] - Statement - actualList1.add(i, secondStoreListBox1.get(i).getText()): null

2018-04-30 14:54:03 - [TEST_STEP][PASSED] - Statement - actualList1.add(i, secondStoreListBox1.get(i).getText()): null

2018-04-30 14:54:03 - [TEST_STEP][PASSED] - Statement - actualList1.add(i, secondStoreListBox1.get(i).getText()): null

2018-04-30 14:54:03 - [TEST_STEP][PASSED] - Statement - actualList1.add(i, secondStoreListBox1.get(i).getText()): null

2018-04-30 14:54:03 - [TEST_STEP][PASSED] - Statement - actualList1.add(i, secondStoreListBox1.get(i).getText()): null

2018-04-30 14:54:03 - [TEST_STEP][PASSED] - Statement - actualList1.add(i, secondStoreListBox1.get(i).getText()): null

2018-04-30 14:54:03 - [TEST_STEP][PASSED] - Statement - actualList1.add(i, secondStoreListBox1.get(i).getText()): null

2018-04-30 14:54:03 - [TEST_STEP][PASSED] - Statement - actualList1.add(i, secondStoreListBox1.get(i).getText()): null

2018-04-30 14:54:03 - [TEST_STEP][PASSED] - Statement - actualList1.add(i, secondStoreListBox1.get(i).getText()): null

2018-04-30 14:54:03 - [TEST_STEP][PASSED] - Statement - out.println(actualList1): null

2018-04-30 14:54:03 - [TEST_STEP][PASSED] - delay: Delayed 10 second(s)

2018-04-30 14:54:13 - [MESSAGE][PASSED] - Delayed 10 second(s)

2018-04-30 14:54:13 - [TEST_STEP][PASSED] - Statement - If (actualList1.containsAll(groupStoresList)): null

2018-04-30 14:54:13 - [TEST_STEP][PASSED] - Statement - println("Selected stores are displayed in Group/Stores in Group listbox"): null

2018-04-30 14:54:13 - [TEST_STEP][PASSED] - uiaction.CommonUIActions.click: uiaction.CommonUIActions.click is PASSED

2018-04-30 14:54:13 - [MESSAGE][PASSED] - uiaction.CommonUIActions.click is PASSED

2018-04-30 14:54:13 - [TEST_STEP][PASSED] - verifyElementPresent: Object 'Object Repository/ReportingGroupManagement/groupCreatedMsg' is present

2018-04-30 14:54:15 - [MESSAGE][PASSED] - Object 'Object Repository/ReportingGroupManagement/groupCreatedMsg' is present

2018-04-30 14:54:15 - [TEST_STEP][PASSED] - delay: Delayed 10 second(s)

2018-04-30 14:54:25 - [MESSAGE][PASSED] - Delayed 10 second(s)

2018-04-30 14:54:25 - [TEST_STEP][PASSED] - uiaction.CommonUIActions.back: uiaction.CommonUIActions.back is PASSED

2018-04-30 14:54:25 - [MESSAGE][PASSED] - Navigate back successfully

2018-04-30 14:54:25 - [MESSAGE][PASSED] - uiaction.CommonUIActions.back is PASSED

2018-04-30 14:54:25 - [TEST_STEP][PASSED] - delay: Delayed 5 second(s)

2018-04-30 14:54:30 - [MESSAGE][PASSED] - Delayed 5 second(s)

2018-04-30 14:54:30 - [TEST_STEP][PASSED] - uiaction.CommonUIActions.back: uiaction.CommonUIActions.back is PASSED

2018-04-30 14:54:30 - [MESSAGE][PASSED] - Navigate back successfully

2018-04-30 14:54:30 - [MESSAGE][PASSED] - uiaction.CommonUIActions.back is PASSED

2018-04-30 14:54:30 - [TEST_STEP][PASSED] - delay: Delayed 5 second(s)

2018-04-30 14:54:35 - [MESSAGE][PASSED] - Delayed 5 second(s)

2018-04-30 14:54:35 - [TEST_STEP][PASSED] - Statement - groupHierarchyList = driver.findElements(org.openqa.selenium.By.xpath(com.kms.katalon.core.testdata.TestDataFactory.findTestData(OR_file).getValue(2, 13))): Reading excel file with source file 'C:\Users\shalinin\Katalon Studio\HME_Scripts\Data Files\HME_OR.xlsx' and sheet name 'Sheet1'

2018-04-30 14:54:35 - [TEST_STEP][PASSED] - Statement - actualgroupList = new java.util.ArrayList(): null

2018-04-30 14:54:35 - [TEST_STEP][PASSED] - Statement - For ([i = 0, i < groupHierarchyList.size(), (i++)]): null

2018-04-30 14:54:35 - [TEST_STEP][PASSED] - Statement - actualgroupList.add(i, groupHierarchyList.get(i).getText()): null

2018-04-30 14:54:35 - [TEST_STEP][PASSED] - Statement - out.println(actualgroupList): null

2018-04-30 14:54:35 - [TEST_STEP][PASSED] - delay: Delayed 5 second(s)

2018-04-30 14:54:40 - [MESSAGE][PASSED] - Delayed 5 second(s)

2018-04-30 14:54:40 - [TEST_STEP][PASSED] - Statement - groupName = CustomKeywords.projectSpecific.Reusability.getTestData("ReportingGroupManagementPage", "GroupName"): projectSpecific.Reusability.getTestData is PASSED

2018-04-30 14:54:40 - [MESSAGE][PASSED] - projectSpecific.Reusability.getTestData is PASSED

2018-04-30 14:54:40 - [TEST_STEP][PASSED] - Statement - If (actualgroupList.contains(groupName)): null

2018-04-30 14:54:40 - [TEST_STEP][PASSED] - Statement - println("Automation Group 11 is available in group hierarchy"): null

2018-04-30 14:54:40 - [TEST_STEP][PASSED] - uiaction.CommonUIActions.click: uiaction.CommonUIActions.click is PASSED

2018-04-30 14:54:40 - [MESSAGE][PASSED] - uiaction.CommonUIActions.click is PASSED

2018-04-30 14:54:40 - [TEST_STEP][PASSED] - Statement - subGroupList = new java.util.ArrayList(): null

2018-04-30 14:54:40 - [TEST_STEP][PASSED] - Statement - For ([i = 1, i <= size, (i++)]): null

2018-04-30 14:54:40 - [TEST_STEP][PASSED] - Statement - groupXpath = "(//span[@title='" + groupName + "']/following-sibling::ul/li/span[3]/span[2])[" + i + "]": null

2018-04-30 14:54:40 - [TEST_STEP][PASSED] - Statement - println(groupXpath): null

2018-04-30 14:54:40 - [TEST_STEP][PASSED] - Statement - childgroup = driver.findElement(org.openqa.selenium.By.xpath(groupXpath)).getText(): null

2018-04-30 14:54:40 - [TEST_STEP][PASSED] - Statement - println(childgroup): null

2018-04-30 14:54:40 - [TEST_STEP][PASSED] - Statement - subGroupList[i - 1] = childgroup: null

2018-04-30 14:54:40 - [TEST_STEP][PASSED] - Statement - groupXpath = "(//span[@title='" + groupName + "']/following-sibling::ul/li/span[3]/span[2])[" + i + "]": null

2018-04-30 14:54:40 - [TEST_STEP][PASSED] - Statement - println(groupXpath): null

2018-04-30 14:54:40 - [TEST_STEP][PASSED] - Statement - childgroup = driver.findElement(org.openqa.selenium.By.xpath(groupXpath)).getText(): null

2018-04-30 14:54:40 - [TEST_STEP][PASSED] - Statement - println(childgroup): null

2018-04-30 14:54:40 - [TEST_STEP][PASSED] - Statement - subGroupList[i - 1] = childgroup: null

2018-04-30 14:54:40 - [TEST_STEP][PASSED] - Statement - groupXpath = "(//span[@title='" + groupName + "']/following-sibling::ul/li/span[3]/span[2])[" + i + "]": null

2018-04-30 14:54:40 - [TEST_STEP][PASSED] - Statement - println(groupXpath): null

2018-04-30 14:54:40 - [TEST_STEP][PASSED] - Statement - childgroup = driver.findElement(org.openqa.selenium.By.xpath(groupXpath)).getText(): null

2018-04-30 14:54:40 - [TEST_STEP][PASSED] - Statement - println(childgroup): null

2018-04-30 14:54:40 - [TEST_STEP][PASSED] - Statement - subGroupList[i - 1] = childgroup: null

2018-04-30 14:54:40 - [TEST_STEP][PASSED] - Statement - groupXpath = "(//span[@title='" + groupName + "']/following-sibling::ul/li/span[3]/span[2])[" + i + "]": null

2018-04-30 14:54:40 - [TEST_STEP][PASSED] - Statement - println(groupXpath): null

2018-04-30 14:54:40 - [TEST_STEP][PASSED] - Statement - childgroup = driver.findElement(org.openqa.selenium.By.xpath(groupXpath)).getText(): null

2018-04-30 14:54:40 - [TEST_STEP][PASSED] - Statement - println(childgroup): null

2018-04-30 14:54:40 - [TEST_STEP][PASSED] - Statement - subGroupList[i - 1] = childgroup: null

2018-04-30 14:54:40 - [TEST_STEP][PASSED] - Statement - groupXpath = "(//span[@title='" + groupName + "']/following-sibling::ul/li/span[3]/span[2])[" + i + "]": null

2018-04-30 14:54:40 - [TEST_STEP][PASSED] - Statement - println(groupXpath): null

2018-04-30 14:54:40 - [TEST_STEP][PASSED] - Statement - childgroup = driver.findElement(org.openqa.selenium.By.xpath(groupXpath)).getText(): null

2018-04-30 14:54:40 - [TEST_STEP][PASSED] - Statement - println(childgroup): null

2018-04-30 14:54:40 - [TEST_STEP][PASSED] - Statement - subGroupList[i - 1] = childgroup: null

2018-04-30 14:54:40 - [TEST_STEP][PASSED] - Statement - groupXpath = "(//span[@title='" + groupName + "']/following-sibling::ul/li/span[3]/span[2])[" + i + "]": null

2018-04-30 14:54:40 - [TEST_STEP][PASSED] - Statement - println(groupXpath): null

2018-04-30 14:54:40 - [TEST_STEP][PASSED] - Statement - childgroup = driver.findElement(org.openqa.selenium.By.xpath(groupXpath)).getText(): null

2018-04-30 14:54:40 - [TEST_STEP][PASSED] - Statement - println(childgroup): null

2018-04-30 14:54:40 - [TEST_STEP][PASSED] - Statement - subGroupList[i - 1] = childgroup: null

2018-04-30 14:54:40 - [TEST_STEP][PASSED] - Statement - groupXpath = "(//span[@title='" + groupName + "']/following-sibling::ul/li/span[3]/span[2])[" + i + "]": null

2018-04-30 14:54:40 - [TEST_STEP][PASSED] - Statement - println(groupXpath): null

2018-04-30 14:54:40 - [TEST_STEP][PASSED] - Statement - childgroup = driver.findElement(org.openqa.selenium.By.xpath(groupXpath)).getText(): null

2018-04-30 14:54:40 - [TEST_STEP][PASSED] - Statement - println(childgroup): null

2018-04-30 14:54:40 - [TEST_STEP][PASSED] - Statement - subGroupList[i - 1] = childgroup: null

2018-04-30 14:54:40 - [TEST_STEP][PASSED] - Statement - groupXpath = "(//span[@title='" + groupName + "']/following-sibling::ul/li/span[3]/span[2])[" + i + "]": null

2018-04-30 14:54:40 - [TEST_STEP][PASSED] - Statement - println(groupXpath): null

2018-04-30 14:54:40 - [TEST_STEP][PASSED] - Statement - childgroup = driver.findElement(org.openqa.selenium.By.xpath(groupXpath)).getText(): null

2018-04-30 14:54:40 - [TEST_STEP][PASSED] - Statement - println(childgroup): null

2018-04-30 14:54:40 - [TEST_STEP][PASSED] - Statement - subGroupList[i - 1] = childgroup: null

2018-04-30 14:54:40 - [TEST_STEP][PASSED] - Statement - groupXpath = "(//span[@title='" + groupName + "']/following-sibling::ul/li/span[3]/span[2])[" + i + "]": null

2018-04-30 14:54:40 - [TEST_STEP][PASSED] - Statement - println(groupXpath): null

2018-04-30 14:54:40 - [TEST_STEP][PASSED] - Statement - childgroup = driver.findElement(org.openqa.selenium.By.xpath(groupXpath)).getText(): null

2018-04-30 14:54:40 - [TEST_STEP][PASSED] - Statement - println(childgroup): null

2018-04-30 14:54:40 - [TEST_STEP][PASSED] - Statement - subGroupList[i - 1] = childgroup: null

2018-04-30 14:54:40 - [TEST_STEP][PASSED] - Statement - println(subGroupList): null

2018-04-30 14:54:40 - [TEST_STEP][PASSED] - Statement - If (subGroupList.containsAll(groupStoresList)): null

2018-04-30 14:54:40 - [TEST_STEP][PASSED] - Statement - println("Parent group have all the associated stores and groups"): null

2018-04-30 14:54:40 - [TEST_STEP][PASSED] - uiaction.CommonUIActions.click: uiaction.CommonUIActions.click is PASSED

2018-04-30 14:54:40 - [MESSAGE][PASSED] - uiaction.CommonUIActions.click is PASSED

2018-04-30 14:54:40 - [TEST_STEP][PASSED] - uiaction.CommonUIActions.click: uiaction.CommonUIActions.click is PASSED

2018-04-30 14:54:40 - [MESSAGE][PASSED] - uiaction.CommonUIActions.click is PASSED

2018-04-30 14:54:40 - [TEST_STEP][PASSED] - delay: Delayed 10 second(s)

2018-04-30 14:54:50 - [MESSAGE][PASSED] - Delayed 10 second(s)

2018-04-30 14:54:50 - [TEST_STEP][PASSED] - uiaction.CommonUIActions.click: uiaction.CommonUIActions.click is PASSED

2018-04-30 14:54:50 - [MESSAGE][PASSED] - uiaction.CommonUIActions.click is PASSED

2018-04-30 14:54:50 - [TEST_STEP][PASSED] - uiaction.CommonUIActions.click: uiaction.CommonUIActions.click is PASSED

2018-04-30 14:54:50 - [MESSAGE][PASSED] - uiaction.CommonUIActions.click is PASSED

2018-04-30 14:54:50 - [TEST_STEP][PASSED] - uiaction.CommonUIActions.click: uiaction.CommonUIActions.click is PASSED

2018-04-30 14:54:50 - [MESSAGE][PASSED] - uiaction.CommonUIActions.click is PASSED

2018-04-30 14:54:50 - [TEST_STEP][PASSED] - delay: Delayed 10 second(s)

2018-04-30 14:55:00 - [MESSAGE][PASSED] - Delayed 10 second(s)

2018-04-30 14:55:00 - [TEST_STEP][PASSED] - uiaction.CommonUIActions.back: uiaction.CommonUIActions.back is PASSED

2018-04-30 14:55:00 - [MESSAGE][PASSED] - Navigate back successfully

2018-04-30 14:55:00 - [MESSAGE][PASSED] - uiaction.CommonUIActions.back is PASSED

2018-04-30 14:55:00 - [TEST_STEP][PASSED] - delay: Delayed 5 second(s)

2018-04-30 14:55:05 - [MESSAGE][PASSED] - Delayed 5 second(s)

2018-04-30 14:55:05 - [TEST_STEP][PASSED] - uiaction.CommonUIActions.back: uiaction.CommonUIActions.back is PASSED

2018-04-30 14:55:05 - [MESSAGE][PASSED] - Navigate back successfully

2018-04-30 14:55:05 - [MESSAGE][PASSED] - uiaction.CommonUIActions.back is PASSED

2018-04-30 14:55:05 - [TEST_STEP][PASSED] - delay: Delayed 5 second(s)

2018-04-30 14:55:10 - [MESSAGE][PASSED] - Delayed 5 second(s)

2018-04-30 14:55:10 - [TEST_STEP][PASSED] - uiaction.CommonUIActions.click: uiaction.CommonUIActions.click is PASSED

2018-04-30 14:55:10 - [MESSAGE][PASSED] - uiaction.CommonUIActions.click is PASSED

2018-04-30 14:55:10 - [TEST_STEP][PASSED] - uiaction.CommonUIActions.click: uiaction.CommonUIActions.click is PASSED

2018-04-30 14:55:10 - [MESSAGE][PASSED] - uiaction.CommonUIActions.click is PASSED

2018-04-30 14:55:10 - [TEST_STEP][PASSED] - uiaction.CommonUIActions.click: uiaction.CommonUIActions.click is PASSED

2018-04-30 14:55:11 - [MESSAGE][PASSED] - uiaction.CommonUIActions.click is PASSED

2018-04-30 14:55:11 - [TEST_STEP][PASSED] - uiaction.CommonUIActions.click: uiaction.CommonUIActions.click is PASSED

2018-04-30 14:55:16 - [MESSAGE][PASSED] - uiaction.CommonUIActions.click is PASSED

2018-04-30 14:55:16 - [TEST_STEP][PASSED] - Statement - assert TCflag == true: null

2018-04-30 14:55:16 - [TEST_STEP][PASSED] - Start listener action : sampleAfterTestCase: Browser is closed

2018-04-30 14:55:16 - [TEST_STEP][PASSED] - Statement - println(testCaseContext.getTestCaseId()): null

2018-04-30 14:55:16 - [TEST_STEP][PASSED] - Statement - println(testCaseContext.getTestCaseStatus()): null

2018-04-30 14:55:16 - [TEST_STEP][PASSED] - closeBrowser: Browser is closed

2018-04-30 14:55:17 - [MESSAGE][PASSED] - Browser is closed]]></system-out>
         <system-err><![CDATA[]]></system-err>
      </testcase>
      <testcase name="Test Cases/CreateGroupTC/HME-CreateGroup-06" classname="Test Cases/CreateGroupTC/HME-CreateGroup-06" status="PASSED">
         <system-out><![CDATA[2018-04-30 14:55:17 - [TEST_CASE][PASSED] - Test Cases/CreateGroupTC/HME-CreateGroup-06: Browser is closed

2018-04-30 14:55:17 - [TEST_STEP][PASSED] - Start listener action : sampleBeforeTestCase: uiaction.CommonUIActions.deleteAllCookies is PASSED

2018-04-30 14:55:17 - [TEST_STEP][PASSED] - openBrowser: Browser is opened with url: ''

2018-04-30 14:55:20 - [MESSAGE][PASSED] - Browser is opened with url: ''

2018-04-30 14:55:20 - [TEST_STEP][PASSED] - maximizeWindow: Current window maximized

2018-04-30 14:55:21 - [MESSAGE][PASSED] - Current window maximized

2018-04-30 14:55:21 - [TEST_STEP][PASSED] - uiaction.CommonUIActions.deleteAllCookies: uiaction.CommonUIActions.deleteAllCookies is PASSED

2018-04-30 14:55:21 - [MESSAGE][PASSED] - Delete all cookies successfully

2018-04-30 14:55:21 - [MESSAGE][PASSED] - uiaction.CommonUIActions.deleteAllCookies is PASSED

2018-04-30 14:55:21 - [TEST_STEP][PASSED] - Statement - TCflag = true: null

2018-04-30 14:55:21 - [TEST_STEP][PASSED] - Statement - Try: uiaction.CommonUIActions.click is PASSED

2018-04-30 14:55:21 - [TEST_STEP][PASSED] - navigateToUrl: Navigate to 'https://hme-dev-public-cloud-app.azurewebsites.net/' successfully

2018-04-30 14:55:24 - [MESSAGE][PASSED] - Navigate to 'https://hme-dev-public-cloud-app.azurewebsites.net/' successfully

2018-04-30 14:55:24 - [TEST_STEP][PASSED] - projectSpecific.Reusability.login: projectSpecific.Reusability.login is PASSED

2018-04-30 14:55:24 - [MESSAGE][PASSED] - projectSpecific.Reusability.getTestData is PASSED

2018-04-30 14:55:24 - [MESSAGE][PASSED] - projectSpecific.Reusability.getTestData is PASSED

2018-04-30 14:55:24 - [MESSAGE][PASSED] - Text 'selvendrank@nousinfo.com' is set on object 'Object Repository/LoginPage/Username'

2018-04-30 14:55:24 - [MESSAGE][PASSED] - Text 'nous;123' is set on object 'Object Repository/LoginPage/Password'

2018-04-30 14:55:24 - [MESSAGE][PASSED] - Object: 'Object Repository/LoginPage/Login' is clicked on

2018-04-30 14:55:24 - [MESSAGE][PASSED] - projectSpecific.Reusability.login is PASSED

2018-04-30 14:55:24 - [TEST_STEP][PASSED] - delay: Delayed 5 second(s)

2018-04-30 14:55:29 - [MESSAGE][PASSED] - Delayed 5 second(s)

2018-04-30 14:55:29 - [TEST_STEP][PASSED] - uiaction.CommonUIActions.click: uiaction.CommonUIActions.click is PASSED

2018-04-30 14:55:29 - [MESSAGE][PASSED] - uiaction.CommonUIActions.click is PASSED

2018-04-30 14:55:29 - [TEST_STEP][PASSED] - verifyElementPresent: Object 'Object Repository/ReportingGroupManagement/reportingGroupDetails' is present

2018-04-30 14:55:29 - [MESSAGE][PASSED] - Object 'Object Repository/ReportingGroupManagement/reportingGroupDetails' is present

2018-04-30 14:55:29 - [TEST_STEP][PASSED] - uiaction.CommonUIActions.enter: uiaction.CommonUIActions.enter is PASSED

2018-04-30 14:55:29 - [MESSAGE][PASSED] - projectSpecific.Reusability.getTestData is PASSED

2018-04-30 14:55:29 - [MESSAGE][PASSED] - uiaction.CommonUIActions.enter is PASSED

2018-04-30 14:55:29 - [TEST_STEP][PASSED] - uiaction.CommonUIActions.enter: uiaction.CommonUIActions.enter is PASSED

2018-04-30 14:55:29 - [MESSAGE][PASSED] - projectSpecific.Reusability.getTestData is PASSED

2018-04-30 14:55:29 - [MESSAGE][PASSED] - uiaction.CommonUIActions.enter is PASSED

2018-04-30 14:55:29 - [TEST_STEP][PASSED] - uiaction.CommonUIActions.click: uiaction.CommonUIActions.click is PASSED

2018-04-30 14:55:29 - [MESSAGE][PASSED] - uiaction.CommonUIActions.click is PASSED

2018-04-30 14:55:29 - [TEST_STEP][PASSED] - delay: Delayed 10 second(s)

2018-04-30 14:55:39 - [MESSAGE][PASSED] - Delayed 10 second(s)

2018-04-30 14:55:39 - [TEST_STEP][PASSED] - uiaction.CommonUIActions.back: uiaction.CommonUIActions.back is PASSED

2018-04-30 14:55:39 - [MESSAGE][PASSED] - Navigate back successfully

2018-04-30 14:55:39 - [MESSAGE][PASSED] - uiaction.CommonUIActions.back is PASSED

2018-04-30 14:55:39 - [TEST_STEP][PASSED] - delay: Delayed 5 second(s)

2018-04-30 14:55:44 - [MESSAGE][PASSED] - Delayed 5 second(s)

2018-04-30 14:55:44 - [TEST_STEP][PASSED] - uiaction.CommonUIActions.enter: uiaction.CommonUIActions.enter is PASSED

2018-04-30 14:55:44 - [MESSAGE][PASSED] - projectSpecific.Reusability.getTestData is PASSED

2018-04-30 14:55:44 - [MESSAGE][PASSED] - uiaction.CommonUIActions.enter is PASSED

2018-04-30 14:55:44 - [TEST_STEP][PASSED] - uiaction.CommonUIActions.enter: uiaction.CommonUIActions.enter is PASSED

2018-04-30 14:55:44 - [MESSAGE][PASSED] - projectSpecific.Reusability.getTestData is PASSED

2018-04-30 14:55:45 - [MESSAGE][PASSED] - uiaction.CommonUIActions.enter is PASSED

2018-04-30 14:55:45 - [TEST_STEP][PASSED] - uiaction.CommonUIActions.click: uiaction.CommonUIActions.click is PASSED

2018-04-30 14:55:45 - [MESSAGE][PASSED] - uiaction.CommonUIActions.click is PASSED

2018-04-30 14:55:45 - [TEST_STEP][PASSED] - delay: Delayed 5 second(s)

2018-04-30 14:55:50 - [MESSAGE][PASSED] - Delayed 5 second(s)

2018-04-30 14:55:50 - [TEST_STEP][PASSED] - uiaction.CommonUIActions.back: uiaction.CommonUIActions.back is PASSED

2018-04-30 14:55:50 - [MESSAGE][PASSED] - Navigate back successfully

2018-04-30 14:55:50 - [MESSAGE][PASSED] - uiaction.CommonUIActions.back is PASSED

2018-04-30 14:55:50 - [TEST_STEP][PASSED] - delay: Delayed 5 second(s)

2018-04-30 14:55:55 - [MESSAGE][PASSED] - Delayed 5 second(s)

2018-04-30 14:55:55 - [TEST_STEP][PASSED] - uiaction.CommonUIActions.back: uiaction.CommonUIActions.back is PASSED

2018-04-30 14:55:55 - [MESSAGE][PASSED] - Navigate back successfully

2018-04-30 14:55:55 - [MESSAGE][PASSED] - uiaction.CommonUIActions.back is PASSED

2018-04-30 14:55:55 - [TEST_STEP][PASSED] - delay: Delayed 5 second(s)

2018-04-30 14:56:00 - [MESSAGE][PASSED] - Delayed 5 second(s)

2018-04-30 14:56:00 - [TEST_STEP][PASSED] - uiaction.CommonUIActions.click: uiaction.CommonUIActions.click is PASSED

2018-04-30 14:56:00 - [MESSAGE][PASSED] - uiaction.CommonUIActions.click is PASSED

2018-04-30 14:56:00 - [TEST_STEP][PASSED] - Statement - StoreList = CustomKeywords.projectSpecific.Reusability.getTestData("ReportingGroupManagementPage", "dummyGroupName2"): projectSpecific.Reusability.getTestData is PASSED

2018-04-30 14:56:00 - [MESSAGE][PASSED] - projectSpecific.Reusability.getTestData is PASSED

2018-04-30 14:56:00 - [TEST_STEP][PASSED] - Statement - listOfStores = new java.util.ArrayList(java.util.Arrays.asList(StoreList)): null

2018-04-30 14:56:00 - [TEST_STEP][PASSED] - Statement - out.println(listOfStores): null

2018-04-30 14:56:00 - [TEST_STEP][PASSED] - delay: Delayed 10 second(s)

2018-04-30 14:56:10 - [MESSAGE][PASSED] - Delayed 10 second(s)

2018-04-30 14:56:10 - [TEST_STEP][PASSED] - Statement - driver = com.kms.katalon.core.webui.driver.DriverFactory.getWebDriver(): null

2018-04-30 14:56:10 - [TEST_STEP][PASSED] - Statement - availableStoreList = driver.findElements(org.openqa.selenium.By.xpath(com.kms.katalon.core.testdata.TestDataFactory.findTestData(OR_file).getValue(2, 10))): Reading excel file with source file 'C:\Users\shalinin\Katalon Studio\HME_Scripts\Data Files\HME_OR.xlsx' and sheet name 'Sheet1'

2018-04-30 14:56:10 - [TEST_STEP][PASSED] - Statement - actualList = new java.util.ArrayList(): null

2018-04-30 14:56:10 - [TEST_STEP][PASSED] - Statement - For ([i = 0, i < availableStoreList.size(), (i++)]): null

2018-04-30 14:56:10 - [TEST_STEP][PASSED] - Statement - actualList.add(i, availableStoreList.get(i).getText()): null

2018-04-30 14:56:10 - [TEST_STEP][PASSED] - Statement - actualList.add(i, availableStoreList.get(i).getText()): null

2018-04-30 14:56:10 - [TEST_STEP][PASSED] - Statement - actualList.add(i, availableStoreList.get(i).getText()): null

2018-04-30 14:56:10 - [TEST_STEP][PASSED] - Statement - actualList.add(i, availableStoreList.get(i).getText()): null

2018-04-30 14:56:10 - [TEST_STEP][PASSED] - Statement - actualList.add(i, availableStoreList.get(i).getText()): null

2018-04-30 14:56:10 - [TEST_STEP][PASSED] - Statement - actualList.add(i, availableStoreList.get(i).getText()): null

2018-04-30 14:56:10 - [TEST_STEP][PASSED] - Statement - actualList.add(i, availableStoreList.get(i).getText()): null

2018-04-30 14:56:10 - [TEST_STEP][PASSED] - Statement - actualList.add(i, availableStoreList.get(i).getText()): null

2018-04-30 14:56:10 - [TEST_STEP][PASSED] - Statement - actualList.add(i, availableStoreList.get(i).getText()): null

2018-04-30 14:56:10 - [TEST_STEP][PASSED] - Statement - actualList.add(i, availableStoreList.get(i).getText()): null

2018-04-30 14:56:10 - [TEST_STEP][PASSED] - Statement - out.println(actualList): null

2018-04-30 14:56:10 - [TEST_STEP][PASSED] - Statement - If (actualList.containsAll(listOfStores)): null

2018-04-30 14:56:10 - [TEST_STEP][PASSED] - Statement - println("Groups & Stores are displayed in Available Groups/Stores listbox"): null

2018-04-30 14:56:10 - [TEST_STEP][PASSED] - uiaction.CommonUIActions.click: uiaction.CommonUIActions.click is PASSED

2018-04-30 14:56:10 - [MESSAGE][PASSED] - uiaction.CommonUIActions.click is PASSED

2018-04-30 14:56:10 - [TEST_STEP][PASSED] - uiaction.CommonUIActions.click: uiaction.CommonUIActions.click is PASSED

2018-04-30 14:56:10 - [MESSAGE][PASSED] - uiaction.CommonUIActions.click is PASSED

2018-04-30 14:56:10 - [TEST_STEP][PASSED] - uiaction.CommonUIActions.back: uiaction.CommonUIActions.back is PASSED

2018-04-30 14:56:10 - [MESSAGE][PASSED] - Navigate back successfully

2018-04-30 14:56:10 - [MESSAGE][PASSED] - uiaction.CommonUIActions.back is PASSED

2018-04-30 14:56:10 - [TEST_STEP][PASSED] - delay: Delayed 5 second(s)

2018-04-30 14:56:15 - [MESSAGE][PASSED] - Delayed 5 second(s)

2018-04-30 14:56:15 - [TEST_STEP][PASSED] - uiaction.CommonUIActions.back: uiaction.CommonUIActions.back is PASSED

2018-04-30 14:56:15 - [MESSAGE][PASSED] - Navigate back successfully

2018-04-30 14:56:15 - [MESSAGE][PASSED] - uiaction.CommonUIActions.back is PASSED

2018-04-30 14:56:15 - [TEST_STEP][PASSED] - delay: Delayed 5 second(s)

2018-04-30 14:56:20 - [MESSAGE][PASSED] - Delayed 5 second(s)

2018-04-30 14:56:20 - [TEST_STEP][PASSED] - uiaction.CommonUIActions.click: uiaction.CommonUIActions.click is PASSED

2018-04-30 14:56:20 - [MESSAGE][PASSED] - uiaction.CommonUIActions.click is PASSED

2018-04-30 14:56:20 - [TEST_STEP][PASSED] - uiaction.CommonUIActions.click: uiaction.CommonUIActions.click is PASSED

2018-04-30 14:56:20 - [MESSAGE][PASSED] - uiaction.CommonUIActions.click is PASSED

2018-04-30 14:56:20 - [TEST_STEP][PASSED] - uiaction.CommonUIActions.click: uiaction.CommonUIActions.click is PASSED

2018-04-30 14:56:20 - [MESSAGE][PASSED] - uiaction.CommonUIActions.click is PASSED

2018-04-30 14:56:20 - [TEST_STEP][PASSED] - uiaction.CommonUIActions.back: uiaction.CommonUIActions.back is PASSED

2018-04-30 14:56:20 - [MESSAGE][PASSED] - Navigate back successfully

2018-04-30 14:56:20 - [MESSAGE][PASSED] - uiaction.CommonUIActions.back is PASSED

2018-04-30 14:56:20 - [TEST_STEP][PASSED] - delay: Delayed 5 second(s)

2018-04-30 14:56:25 - [MESSAGE][PASSED] - Delayed 5 second(s)

2018-04-30 14:56:25 - [TEST_STEP][PASSED] - uiaction.CommonUIActions.back: uiaction.CommonUIActions.back is PASSED

2018-04-30 14:56:25 - [MESSAGE][PASSED] - Navigate back successfully

2018-04-30 14:56:25 - [MESSAGE][PASSED] - uiaction.CommonUIActions.back is PASSED

2018-04-30 14:56:25 - [TEST_STEP][PASSED] - delay: Delayed 5 second(s)

2018-04-30 14:56:30 - [MESSAGE][PASSED] - Delayed 5 second(s)

2018-04-30 14:56:30 - [TEST_STEP][PASSED] - uiaction.CommonUIActions.click: uiaction.CommonUIActions.click is PASSED

2018-04-30 14:56:30 - [MESSAGE][PASSED] - uiaction.CommonUIActions.click is PASSED

2018-04-30 14:56:30 - [TEST_STEP][PASSED] - delay: Delayed 5 second(s)

2018-04-30 14:56:35 - [MESSAGE][PASSED] - Delayed 5 second(s)

2018-04-30 14:56:35 - [TEST_STEP][PASSED] - Statement - secondStoreListBox = driver.findElements(org.openqa.selenium.By.xpath(com.kms.katalon.core.testdata.TestDataFactory.findTestData(OR_file).getValue(2, 11))): Reading excel file with source file 'C:\Users\shalinin\Katalon Studio\HME_Scripts\Data Files\HME_OR.xlsx' and sheet name 'Sheet1'

2018-04-30 14:56:35 - [TEST_STEP][PASSED] - Statement - list = new java.util.ArrayList(): null

2018-04-30 14:56:35 - [TEST_STEP][PASSED] - Statement - For ([i = 0, i < secondStoreListBox.size(), (i++)]): null

2018-04-30 14:56:35 - [TEST_STEP][PASSED] - Statement - If (list.size() == 0): null

2018-04-30 14:56:35 - [TEST_STEP][PASSED] - Statement - println("No Groups/Stores is displayed in Groups/Stores in Group list box"): null

2018-04-30 14:56:35 - [TEST_STEP][PASSED] - uiaction.CommonUIActions.enter: uiaction.CommonUIActions.enter is PASSED

2018-04-30 14:56:35 - [MESSAGE][PASSED] - projectSpecific.Reusability.getTestData is PASSED

2018-04-30 14:56:36 - [MESSAGE][PASSED] - uiaction.CommonUIActions.enter is PASSED

2018-04-30 14:56:36 - [TEST_STEP][PASSED] - uiaction.CommonUIActions.enter: uiaction.CommonUIActions.enter is PASSED

2018-04-30 14:56:36 - [MESSAGE][PASSED] - projectSpecific.Reusability.getTestData is PASSED

2018-04-30 14:56:36 - [MESSAGE][PASSED] - uiaction.CommonUIActions.enter is PASSED

2018-04-30 14:56:36 - [TEST_STEP][PASSED] - uiaction.CommonUIActions.verifyMatch: uiaction.CommonUIActions.verifyMatch is PASSED

2018-04-30 14:56:36 - [MESSAGE][PASSED] - projectSpecific.Reusability.getTestData is PASSED

2018-04-30 14:56:36 - [MESSAGE][PASSED] - Attribute 'value' of object 'Object Repository/ReportingGroupManagement/groupNameTxt' is: 'AutomationGroup1'

2018-04-30 14:56:36 - [MESSAGE][PASSED] - Actual text 'AutomationGroup1' and expected text 'AutomationGroup1' are matched 

2018-04-30 14:56:36 - [MESSAGE][PASSED] - uiaction.CommonUIActions.verifyMatch is PASSED

2018-04-30 14:56:36 - [TEST_STEP][PASSED] - uiaction.CommonUIActions.verifyMatch: uiaction.CommonUIActions.verifyMatch is PASSED

2018-04-30 14:56:36 - [MESSAGE][PASSED] - projectSpecific.Reusability.getTestData is PASSED

2018-04-30 14:56:36 - [MESSAGE][PASSED] - Attribute 'value' of object 'Object Repository/ReportingGroupManagement/groupDescTxt' is: 'South west branch Group 1'

2018-04-30 14:56:36 - [MESSAGE][PASSED] - Actual text 'South west branch Group 1' and expected text 'South west branch Group 1' are matched 

2018-04-30 14:56:36 - [MESSAGE][PASSED] - uiaction.CommonUIActions.verifyMatch is PASSED

2018-04-30 14:56:36 - [TEST_STEP][PASSED] - delay: Delayed 5 second(s)

2018-04-30 14:56:41 - [MESSAGE][PASSED] - Delayed 5 second(s)

2018-04-30 14:56:41 - [TEST_STEP][PASSED] - Statement - StoresCBList = driver.findElements(org.openqa.selenium.By.xpath(com.kms.katalon.core.testdata.TestDataFactory.findTestData(OR_file).getValue(2, 12))): Reading excel file with source file 'C:\Users\shalinin\Katalon Studio\HME_Scripts\Data Files\HME_OR.xlsx' and sheet name 'Sheet1'

2018-04-30 14:56:41 - [TEST_STEP][PASSED] - Statement - storesLabel = driver.findElements(org.openqa.selenium.By.xpath(com.kms.katalon.core.testdata.TestDataFactory.findTestData(OR_file).getValue(2, 10))): Reading excel file with source file 'C:\Users\shalinin\Katalon Studio\HME_Scripts\Data Files\HME_OR.xlsx' and sheet name 'Sheet1'

2018-04-30 14:56:41 - [TEST_STEP][PASSED] - Statement - groupStoresList = new java.util.ArrayList(): null

2018-04-30 14:56:41 - [TEST_STEP][PASSED] - Statement - out.println(StoresCBList.size()): null

2018-04-30 14:56:41 - [TEST_STEP][PASSED] - Statement - size = StoresCBList.size(): null

2018-04-30 14:56:41 - [TEST_STEP][PASSED] - delay: Delayed 5 second(s)

2018-04-30 14:56:46 - [MESSAGE][PASSED] - Delayed 5 second(s)

2018-04-30 14:56:46 - [TEST_STEP][PASSED] - Statement - For ([i = 0, i < size, (i++)]): null

2018-04-30 14:56:46 - [TEST_STEP][PASSED] - Statement - groupStoresList[i] = storesLabel.get(i).getText(): null

2018-04-30 14:56:46 - [TEST_STEP][PASSED] - Statement - StoresCBList.get(i).click(): null

2018-04-30 14:56:46 - [TEST_STEP][PASSED] - Statement - groupStoresList[i] = storesLabel.get(i).getText(): null

2018-04-30 14:56:46 - [TEST_STEP][PASSED] - Statement - StoresCBList.get(i).click(): null

2018-04-30 14:56:46 - [TEST_STEP][PASSED] - Statement - groupStoresList[i] = storesLabel.get(i).getText(): null

2018-04-30 14:56:46 - [TEST_STEP][PASSED] - Statement - StoresCBList.get(i).click(): null

2018-04-30 14:56:46 - [TEST_STEP][PASSED] - Statement - groupStoresList[i] = storesLabel.get(i).getText(): null

2018-04-30 14:56:46 - [TEST_STEP][PASSED] - Statement - StoresCBList.get(i).click(): null

2018-04-30 14:56:46 - [TEST_STEP][PASSED] - Statement - groupStoresList[i] = storesLabel.get(i).getText(): null

2018-04-30 14:56:46 - [TEST_STEP][PASSED] - Statement - StoresCBList.get(i).click(): null

2018-04-30 14:56:46 - [TEST_STEP][PASSED] - Statement - groupStoresList[i] = storesLabel.get(i).getText(): null

2018-04-30 14:56:46 - [TEST_STEP][PASSED] - Statement - StoresCBList.get(i).click(): null

2018-04-30 14:56:46 - [TEST_STEP][PASSED] - Statement - groupStoresList[i] = storesLabel.get(i).getText(): null

2018-04-30 14:56:46 - [TEST_STEP][PASSED] - Statement - StoresCBList.get(i).click(): null

2018-04-30 14:56:46 - [TEST_STEP][PASSED] - Statement - groupStoresList[i] = storesLabel.get(i).getText(): null

2018-04-30 14:56:46 - [TEST_STEP][PASSED] - Statement - StoresCBList.get(i).click(): null

2018-04-30 14:56:46 - [TEST_STEP][PASSED] - Statement - groupStoresList[i] = storesLabel.get(i).getText(): null

2018-04-30 14:56:46 - [TEST_STEP][PASSED] - Statement - StoresCBList.get(i).click(): null

2018-04-30 14:56:46 - [TEST_STEP][PASSED] - Statement - out.println(groupStoresList): null

2018-04-30 14:56:46 - [TEST_STEP][PASSED] - delay: Delayed 10 second(s)

2018-04-30 14:56:56 - [MESSAGE][PASSED] - Delayed 10 second(s)

2018-04-30 14:56:56 - [TEST_STEP][PASSED] - uiaction.CommonUIActions.click: uiaction.CommonUIActions.click is PASSED

2018-04-30 14:56:56 - [MESSAGE][PASSED] - uiaction.CommonUIActions.click is PASSED

2018-04-30 14:56:56 - [TEST_STEP][PASSED] - delay: Delayed 10 second(s)

2018-04-30 14:57:06 - [MESSAGE][PASSED] - Delayed 10 second(s)

2018-04-30 14:57:06 - [TEST_STEP][PASSED] - Statement - secondStoreListBox1 = driver.findElements(org.openqa.selenium.By.xpath(com.kms.katalon.core.testdata.TestDataFactory.findTestData(OR_file).getValue(2, 11))): Reading excel file with source file 'C:\Users\shalinin\Katalon Studio\HME_Scripts\Data Files\HME_OR.xlsx' and sheet name 'Sheet1'

2018-04-30 14:57:06 - [TEST_STEP][PASSED] - Statement - actualList1 = new java.util.ArrayList(): null

2018-04-30 14:57:06 - [TEST_STEP][PASSED] - Statement - For ([i = 0, i < secondStoreListBox1.size(), (i++)]): null

2018-04-30 14:57:06 - [TEST_STEP][PASSED] - Statement - actualList1.add(i, secondStoreListBox1.get(i).getText()): null

2018-04-30 14:57:06 - [TEST_STEP][PASSED] - Statement - actualList1.add(i, secondStoreListBox1.get(i).getText()): null

2018-04-30 14:57:06 - [TEST_STEP][PASSED] - Statement - actualList1.add(i, secondStoreListBox1.get(i).getText()): null

2018-04-30 14:57:06 - [TEST_STEP][PASSED] - Statement - actualList1.add(i, secondStoreListBox1.get(i).getText()): null

2018-04-30 14:57:06 - [TEST_STEP][PASSED] - Statement - actualList1.add(i, secondStoreListBox1.get(i).getText()): null

2018-04-30 14:57:06 - [TEST_STEP][PASSED] - Statement - actualList1.add(i, secondStoreListBox1.get(i).getText()): null

2018-04-30 14:57:06 - [TEST_STEP][PASSED] - Statement - actualList1.add(i, secondStoreListBox1.get(i).getText()): null

2018-04-30 14:57:06 - [TEST_STEP][PASSED] - Statement - actualList1.add(i, secondStoreListBox1.get(i).getText()): null

2018-04-30 14:57:06 - [TEST_STEP][PASSED] - Statement - actualList1.add(i, secondStoreListBox1.get(i).getText()): null

2018-04-30 14:57:06 - [TEST_STEP][PASSED] - Statement - out.println(actualList1): null

2018-04-30 14:57:06 - [TEST_STEP][PASSED] - delay: Delayed 10 second(s)

2018-04-30 14:57:16 - [MESSAGE][PASSED] - Delayed 10 second(s)

2018-04-30 14:57:16 - [TEST_STEP][PASSED] - Statement - If (actualList1.containsAll(groupStoresList)): null

2018-04-30 14:57:16 - [TEST_STEP][PASSED] - Statement - println("Selected stores are displayed in Group/Stores in Group listbox"): null

2018-04-30 14:57:16 - [TEST_STEP][PASSED] - uiaction.CommonUIActions.click: uiaction.CommonUIActions.click is PASSED

2018-04-30 14:57:17 - [MESSAGE][PASSED] - uiaction.CommonUIActions.click is PASSED

2018-04-30 14:57:17 - [TEST_STEP][PASSED] - delay: Delayed 10 second(s)

2018-04-30 14:57:27 - [MESSAGE][PASSED] - Delayed 10 second(s)

2018-04-30 14:57:27 - [TEST_STEP][PASSED] - uiaction.CommonUIActions.back: uiaction.CommonUIActions.back is PASSED

2018-04-30 14:57:27 - [MESSAGE][PASSED] - Navigate back successfully

2018-04-30 14:57:27 - [MESSAGE][PASSED] - uiaction.CommonUIActions.back is PASSED

2018-04-30 14:57:27 - [TEST_STEP][PASSED] - delay: Delayed 5 second(s)

2018-04-30 14:57:32 - [MESSAGE][PASSED] - Delayed 5 second(s)

2018-04-30 14:57:32 - [TEST_STEP][PASSED] - uiaction.CommonUIActions.back: uiaction.CommonUIActions.back is PASSED

2018-04-30 14:57:32 - [MESSAGE][PASSED] - Navigate back successfully

2018-04-30 14:57:32 - [MESSAGE][PASSED] - uiaction.CommonUIActions.back is PASSED

2018-04-30 14:57:32 - [TEST_STEP][PASSED] - delay: Delayed 5 second(s)

2018-04-30 14:57:37 - [MESSAGE][PASSED] - Delayed 5 second(s)

2018-04-30 14:57:37 - [TEST_STEP][PASSED] - uiaction.CommonUIActions.click: uiaction.CommonUIActions.click is PASSED

2018-04-30 14:57:37 - [MESSAGE][PASSED] - uiaction.CommonUIActions.click is PASSED

2018-04-30 14:57:37 - [TEST_STEP][PASSED] - uiaction.CommonUIActions.click: uiaction.CommonUIActions.click is PASSED

2018-04-30 14:57:37 - [MESSAGE][PASSED] - uiaction.CommonUIActions.click is PASSED

2018-04-30 14:57:37 - [TEST_STEP][PASSED] - delay: Delayed 5 second(s)

2018-04-30 14:57:42 - [MESSAGE][PASSED] - Delayed 5 second(s)

2018-04-30 14:57:42 - [TEST_STEP][PASSED] - uiaction.CommonUIActions.click: uiaction.CommonUIActions.click is PASSED

2018-04-30 14:57:42 - [MESSAGE][PASSED] - uiaction.CommonUIActions.click is PASSED

2018-04-30 14:57:42 - [TEST_STEP][PASSED] - delay: Delayed 5 second(s)

2018-04-30 14:57:47 - [MESSAGE][PASSED] - Delayed 5 second(s)

2018-04-30 14:57:47 - [TEST_STEP][PASSED] - uiaction.CommonUIActions.click: uiaction.CommonUIActions.click is PASSED

2018-04-30 14:57:47 - [MESSAGE][PASSED] - uiaction.CommonUIActions.click is PASSED

2018-04-30 14:57:47 - [TEST_STEP][PASSED] - uiaction.CommonUIActions.click: uiaction.CommonUIActions.click is PASSED

2018-04-30 14:57:47 - [MESSAGE][PASSED] - uiaction.CommonUIActions.click is PASSED

2018-04-30 14:57:47 - [TEST_STEP][PASSED] - uiaction.CommonUIActions.click: uiaction.CommonUIActions.click is PASSED

2018-04-30 14:57:47 - [MESSAGE][PASSED] - uiaction.CommonUIActions.click is PASSED

2018-04-30 14:57:47 - [TEST_STEP][PASSED] - delay: Delayed 10 second(s)

2018-04-30 14:57:57 - [MESSAGE][PASSED] - Delayed 10 second(s)

2018-04-30 14:57:57 - [TEST_STEP][PASSED] - uiaction.CommonUIActions.back: uiaction.CommonUIActions.back is PASSED

2018-04-30 14:57:57 - [MESSAGE][PASSED] - Navigate back successfully

2018-04-30 14:57:57 - [MESSAGE][PASSED] - uiaction.CommonUIActions.back is PASSED

2018-04-30 14:57:57 - [TEST_STEP][PASSED] - delay: Delayed 5 second(s)

2018-04-30 14:58:02 - [MESSAGE][PASSED] - Delayed 5 second(s)

2018-04-30 14:58:02 - [TEST_STEP][PASSED] - uiaction.CommonUIActions.back: uiaction.CommonUIActions.back is PASSED

2018-04-30 14:58:02 - [MESSAGE][PASSED] - Navigate back successfully

2018-04-30 14:58:02 - [MESSAGE][PASSED] - uiaction.CommonUIActions.back is PASSED

2018-04-30 14:58:02 - [TEST_STEP][PASSED] - uiaction.CommonUIActions.click: uiaction.CommonUIActions.click is PASSED

2018-04-30 14:58:03 - [MESSAGE][PASSED] - uiaction.CommonUIActions.click is PASSED

2018-04-30 14:58:03 - [TEST_STEP][PASSED] - uiaction.CommonUIActions.click: uiaction.CommonUIActions.click is PASSED

2018-04-30 14:58:03 - [MESSAGE][PASSED] - uiaction.CommonUIActions.click is PASSED

2018-04-30 14:58:03 - [TEST_STEP][PASSED] - uiaction.CommonUIActions.click: uiaction.CommonUIActions.click is PASSED

2018-04-30 14:58:03 - [MESSAGE][PASSED] - uiaction.CommonUIActions.click is PASSED

2018-04-30 14:58:03 - [TEST_STEP][PASSED] - uiaction.CommonUIActions.click: uiaction.CommonUIActions.click is PASSED

2018-04-30 14:58:10 - [MESSAGE][PASSED] - uiaction.CommonUIActions.click is PASSED

2018-04-30 14:58:10 - [TEST_STEP][PASSED] - Statement - assert TCflag == true: null

2018-04-30 14:58:10 - [TEST_STEP][PASSED] - Start listener action : sampleAfterTestCase: Browser is closed

2018-04-30 14:58:10 - [TEST_STEP][PASSED] - Statement - println(testCaseContext.getTestCaseId()): null

2018-04-30 14:58:10 - [TEST_STEP][PASSED] - Statement - println(testCaseContext.getTestCaseStatus()): null

2018-04-30 14:58:10 - [TEST_STEP][PASSED] - closeBrowser: Browser is closed

2018-04-30 14:58:10 - [MESSAGE][PASSED] - Browser is closed]]></system-out>
         <system-err><![CDATA[]]></system-err>
      </testcase>
      <testcase name="Test Cases/CreateGroupTC/HME-EditGroup-05" classname="Test Cases/CreateGroupTC/HME-EditGroup-05" status="PASSED">
         <system-out><![CDATA[2018-04-30 14:58:10 - [TEST_CASE][PASSED] - Test Cases/CreateGroupTC/HME-EditGroup-05: Browser is closed

2018-04-30 14:58:10 - [TEST_STEP][PASSED] - Start listener action : sampleBeforeTestCase: uiaction.CommonUIActions.deleteAllCookies is PASSED

2018-04-30 14:58:10 - [TEST_STEP][PASSED] - openBrowser: Browser is opened with url: ''

2018-04-30 14:58:12 - [MESSAGE][PASSED] - Browser is opened with url: ''

2018-04-30 14:58:12 - [TEST_STEP][PASSED] - maximizeWindow: Current window maximized

2018-04-30 14:58:14 - [MESSAGE][PASSED] - Current window maximized

2018-04-30 14:58:14 - [TEST_STEP][PASSED] - uiaction.CommonUIActions.deleteAllCookies: uiaction.CommonUIActions.deleteAllCookies is PASSED

2018-04-30 14:58:14 - [MESSAGE][PASSED] - Delete all cookies successfully

2018-04-30 14:58:14 - [MESSAGE][PASSED] - uiaction.CommonUIActions.deleteAllCookies is PASSED

2018-04-30 14:58:14 - [TEST_STEP][PASSED] - Statement - TCflag = true: null

2018-04-30 14:58:14 - [TEST_STEP][PASSED] - Statement - Try: uiaction.CommonUIActions.click is PASSED

2018-04-30 14:58:14 - [TEST_STEP][PASSED] - navigateToUrl: Navigate to 'https://hme-dev-public-cloud-app.azurewebsites.net/' successfully

2018-04-30 14:58:17 - [MESSAGE][PASSED] - Navigate to 'https://hme-dev-public-cloud-app.azurewebsites.net/' successfully

2018-04-30 14:58:17 - [TEST_STEP][PASSED] - projectSpecific.Reusability.login: projectSpecific.Reusability.login is PASSED

2018-04-30 14:58:17 - [MESSAGE][PASSED] - projectSpecific.Reusability.getTestData is PASSED

2018-04-30 14:58:17 - [MESSAGE][PASSED] - projectSpecific.Reusability.getTestData is PASSED

2018-04-30 14:58:17 - [MESSAGE][PASSED] - Text 'selvendrank@nousinfo.com' is set on object 'Object Repository/LoginPage/Username'

2018-04-30 14:58:17 - [MESSAGE][PASSED] - Text 'nous;123' is set on object 'Object Repository/LoginPage/Password'

2018-04-30 14:58:17 - [MESSAGE][PASSED] - Object: 'Object Repository/LoginPage/Login' is clicked on

2018-04-30 14:58:17 - [MESSAGE][PASSED] - projectSpecific.Reusability.login is PASSED

2018-04-30 14:58:17 - [TEST_STEP][PASSED] - delay: Delayed 5 second(s)

2018-04-30 14:58:22 - [MESSAGE][PASSED] - Delayed 5 second(s)

2018-04-30 14:58:22 - [TEST_STEP][PASSED] - uiaction.CommonUIActions.click: uiaction.CommonUIActions.click is PASSED

2018-04-30 14:58:22 - [MESSAGE][PASSED] - uiaction.CommonUIActions.click is PASSED

2018-04-30 14:58:22 - [TEST_STEP][PASSED] - verifyElementPresent: Object 'Object Repository/ReportingGroupManagement/reportingGroupDetails' is present

2018-04-30 14:58:22 - [MESSAGE][PASSED] - Object 'Object Repository/ReportingGroupManagement/reportingGroupDetails' is present

2018-04-30 14:58:22 - [TEST_STEP][PASSED] - uiaction.CommonUIActions.enter: uiaction.CommonUIActions.enter is PASSED

2018-04-30 14:58:22 - [MESSAGE][PASSED] - projectSpecific.Reusability.getTestData is PASSED

2018-04-30 14:58:22 - [MESSAGE][PASSED] - uiaction.CommonUIActions.enter is PASSED

2018-04-30 14:58:22 - [TEST_STEP][PASSED] - uiaction.CommonUIActions.enter: uiaction.CommonUIActions.enter is PASSED

2018-04-30 14:58:22 - [MESSAGE][PASSED] - projectSpecific.Reusability.getTestData is PASSED

2018-04-30 14:58:22 - [MESSAGE][PASSED] - uiaction.CommonUIActions.enter is PASSED

2018-04-30 14:58:22 - [TEST_STEP][PASSED] - uiaction.CommonUIActions.click: uiaction.CommonUIActions.click is PASSED

2018-04-30 14:58:22 - [MESSAGE][PASSED] - uiaction.CommonUIActions.click is PASSED

2018-04-30 14:58:22 - [TEST_STEP][PASSED] - delay: Delayed 10 second(s)

2018-04-30 14:58:32 - [MESSAGE][PASSED] - Delayed 10 second(s)

2018-04-30 14:58:32 - [TEST_STEP][PASSED] - uiaction.CommonUIActions.back: uiaction.CommonUIActions.back is PASSED

2018-04-30 14:58:32 - [MESSAGE][PASSED] - Navigate back successfully

2018-04-30 14:58:32 - [MESSAGE][PASSED] - uiaction.CommonUIActions.back is PASSED

2018-04-30 14:58:32 - [TEST_STEP][PASSED] - delay: Delayed 5 second(s)

2018-04-30 14:58:37 - [MESSAGE][PASSED] - Delayed 5 second(s)

2018-04-30 14:58:37 - [TEST_STEP][PASSED] - uiaction.CommonUIActions.back: uiaction.CommonUIActions.back is PASSED

2018-04-30 14:58:37 - [MESSAGE][PASSED] - Navigate back successfully

2018-04-30 14:58:37 - [MESSAGE][PASSED] - uiaction.CommonUIActions.back is PASSED

2018-04-30 14:58:37 - [TEST_STEP][PASSED] - delay: Delayed 5 second(s)

2018-04-30 14:58:42 - [MESSAGE][PASSED] - Delayed 5 second(s)

2018-04-30 14:58:42 - [TEST_STEP][PASSED] - Statement - driver = com.kms.katalon.core.webui.driver.DriverFactory.getWebDriver(): null

2018-04-30 14:58:42 - [TEST_STEP][PASSED] - Statement - groupHierarchyList = driver.findElements(org.openqa.selenium.By.xpath(com.kms.katalon.core.testdata.TestDataFactory.findTestData(OR_file).getValue(2, 13))): Reading excel file with source file 'C:\Users\shalinin\Katalon Studio\HME_Scripts\Data Files\HME_OR.xlsx' and sheet name 'Sheet1'

2018-04-30 14:58:42 - [TEST_STEP][PASSED] - Statement - actualgroupList = new java.util.ArrayList(): null

2018-04-30 14:58:42 - [TEST_STEP][PASSED] - Statement - For ([i = 0, i < groupHierarchyList.size(), (i++)]): null

2018-04-30 14:58:42 - [TEST_STEP][PASSED] - Statement - actualgroupList.add(i, groupHierarchyList.get(i).getText()): null

2018-04-30 14:58:42 - [TEST_STEP][PASSED] - Statement - actualgroupList.add(i, groupHierarchyList.get(i).getText()): null

2018-04-30 14:58:42 - [TEST_STEP][PASSED] - Statement - actualgroupList.add(i, groupHierarchyList.get(i).getText()): null

2018-04-30 14:58:42 - [TEST_STEP][PASSED] - Statement - actualgroupList.add(i, groupHierarchyList.get(i).getText()): null

2018-04-30 14:58:42 - [TEST_STEP][PASSED] - Statement - actualgroupList.add(i, groupHierarchyList.get(i).getText()): null

2018-04-30 14:58:42 - [TEST_STEP][PASSED] - Statement - actualgroupList.add(i, groupHierarchyList.get(i).getText()): null

2018-04-30 14:58:42 - [TEST_STEP][PASSED] - Statement - actualgroupList.add(i, groupHierarchyList.get(i).getText()): null

2018-04-30 14:58:42 - [TEST_STEP][PASSED] - Statement - actualgroupList.add(i, groupHierarchyList.get(i).getText()): null

2018-04-30 14:58:42 - [TEST_STEP][PASSED] - Statement - actualgroupList.add(i, groupHierarchyList.get(i).getText()): null

2018-04-30 14:58:42 - [TEST_STEP][PASSED] - Statement - actualgroupList.add(i, groupHierarchyList.get(i).getText()): null

2018-04-30 14:58:43 - [TEST_STEP][PASSED] - Statement - out.println(actualgroupList): null

2018-04-30 14:58:43 - [TEST_STEP][PASSED] - delay: Delayed 10 second(s)

2018-04-30 14:58:53 - [MESSAGE][PASSED] - Delayed 10 second(s)

2018-04-30 14:58:53 - [TEST_STEP][PASSED] - Statement - groupName = CustomKeywords.projectSpecific.Reusability.getTestData("ReportingGroupManagementPage", "GroupName"): projectSpecific.Reusability.getTestData is PASSED

2018-04-30 14:58:53 - [MESSAGE][PASSED] - projectSpecific.Reusability.getTestData is PASSED

2018-04-30 14:58:53 - [TEST_STEP][PASSED] - Statement - If (actualgroupList.contains(groupName)): null

2018-04-30 14:58:53 - [TEST_STEP][PASSED] - uiaction.CommonUIActions.click: uiaction.CommonUIActions.click is PASSED

2018-04-30 14:58:53 - [MESSAGE][PASSED] - uiaction.CommonUIActions.click is PASSED

2018-04-30 14:58:53 - [TEST_STEP][PASSED] - Statement - println("Automation Group 11 is available in group hierarchy"): null

2018-04-30 14:58:53 - [TEST_STEP][PASSED] - verifyElementPresent: Object 'Object Repository/ReportingGroupManagement/reportingGroupDetails' is present

2018-04-30 14:58:53 - [MESSAGE][PASSED] - Object 'Object Repository/ReportingGroupManagement/reportingGroupDetails' is present

2018-04-30 14:58:53 - [TEST_STEP][PASSED] - delay: Delayed 5 second(s)

2018-04-30 14:58:58 - [MESSAGE][PASSED] - Delayed 5 second(s)

2018-04-30 14:58:58 - [TEST_STEP][PASSED] - uiaction.CommonUIActions.verifyMatch: uiaction.CommonUIActions.verifyMatch is PASSED

2018-04-30 14:58:58 - [MESSAGE][PASSED] - projectSpecific.Reusability.getTestData is PASSED

2018-04-30 14:58:58 - [MESSAGE][PASSED] - Attribute 'value' of object 'Object Repository/ReportingGroupManagement/groupNameTxt' is: 'AutomationGroup'

2018-04-30 14:58:58 - [MESSAGE][PASSED] - Actual text 'AutomationGroup' and expected text 'AutomationGroup' are matched 

2018-04-30 14:58:58 - [MESSAGE][PASSED] - uiaction.CommonUIActions.verifyMatch is PASSED

2018-04-30 14:58:58 - [TEST_STEP][PASSED] - delay: Delayed 5 second(s)

2018-04-30 14:59:03 - [MESSAGE][PASSED] - Delayed 5 second(s)

2018-04-30 14:59:03 - [TEST_STEP][PASSED] - uiaction.CommonUIActions.verifyMatch: uiaction.CommonUIActions.verifyMatch is PASSED

2018-04-30 14:59:03 - [MESSAGE][PASSED] - projectSpecific.Reusability.getTestData is PASSED

2018-04-30 14:59:03 - [MESSAGE][PASSED] - Attribute 'value' of object 'Object Repository/ReportingGroupManagement/groupDescTxt' is: 'South west branch Group 11'

2018-04-30 14:59:03 - [MESSAGE][PASSED] - Actual text 'South west branch Group 11' and expected text 'South west branch Group 11' are matched 

2018-04-30 14:59:03 - [MESSAGE][PASSED] - uiaction.CommonUIActions.verifyMatch is PASSED

2018-04-30 14:59:03 - [TEST_STEP][PASSED] - uiaction.CommonUIActions.click: uiaction.CommonUIActions.click is PASSED

2018-04-30 14:59:03 - [MESSAGE][PASSED] - uiaction.CommonUIActions.click is PASSED

2018-04-30 14:59:03 - [TEST_STEP][PASSED] - delay: Delayed 5 second(s)

2018-04-30 14:59:08 - [MESSAGE][PASSED] - Delayed 5 second(s)

2018-04-30 14:59:08 - [TEST_STEP][PASSED] - uiaction.CommonUIActions.click: uiaction.CommonUIActions.click is PASSED

2018-04-30 14:59:08 - [MESSAGE][PASSED] - uiaction.CommonUIActions.click is PASSED

2018-04-30 14:59:08 - [TEST_STEP][PASSED] - uiaction.CommonUIActions.enter: uiaction.CommonUIActions.enter is PASSED

2018-04-30 14:59:08 - [MESSAGE][PASSED] - projectSpecific.Reusability.getTestData is PASSED

2018-04-30 14:59:08 - [MESSAGE][PASSED] - uiaction.CommonUIActions.enter is PASSED

2018-04-30 14:59:08 - [TEST_STEP][PASSED] - uiaction.CommonUIActions.enter: uiaction.CommonUIActions.enter is PASSED

2018-04-30 14:59:08 - [MESSAGE][PASSED] - projectSpecific.Reusability.getTestData is PASSED

2018-04-30 14:59:08 - [MESSAGE][PASSED] - uiaction.CommonUIActions.enter is PASSED

2018-04-30 14:59:08 - [TEST_STEP][PASSED] - uiaction.CommonUIActions.click: uiaction.CommonUIActions.click is PASSED

2018-04-30 14:59:08 - [MESSAGE][PASSED] - uiaction.CommonUIActions.click is PASSED

2018-04-30 14:59:08 - [TEST_STEP][PASSED] - delay: Delayed 10 second(s)

2018-04-30 14:59:18 - [MESSAGE][PASSED] - Delayed 10 second(s)

2018-04-30 14:59:18 - [TEST_STEP][PASSED] - uiaction.CommonUIActions.back: uiaction.CommonUIActions.back is PASSED

2018-04-30 14:59:18 - [MESSAGE][PASSED] - Navigate back successfully

2018-04-30 14:59:18 - [MESSAGE][PASSED] - uiaction.CommonUIActions.back is PASSED

2018-04-30 14:59:18 - [TEST_STEP][PASSED] - delay: Delayed 5 second(s)

2018-04-30 14:59:23 - [MESSAGE][PASSED] - Delayed 5 second(s)

2018-04-30 14:59:23 - [TEST_STEP][PASSED] - uiaction.CommonUIActions.back: uiaction.CommonUIActions.back is PASSED

2018-04-30 14:59:23 - [MESSAGE][PASSED] - Navigate back successfully

2018-04-30 14:59:23 - [MESSAGE][PASSED] - uiaction.CommonUIActions.back is PASSED

2018-04-30 14:59:23 - [TEST_STEP][PASSED] - delay: Delayed 5 second(s)

2018-04-30 14:59:28 - [MESSAGE][PASSED] - Delayed 5 second(s)

2018-04-30 14:59:28 - [TEST_STEP][PASSED] - uiaction.CommonUIActions.click: uiaction.CommonUIActions.click is PASSED

2018-04-30 14:59:28 - [MESSAGE][PASSED] - uiaction.CommonUIActions.click is PASSED

2018-04-30 14:59:28 - [TEST_STEP][PASSED] - uiaction.CommonUIActions.enter: uiaction.CommonUIActions.enter is PASSED

2018-04-30 14:59:28 - [MESSAGE][PASSED] - projectSpecific.Reusability.getTestData is PASSED

2018-04-30 14:59:28 - [MESSAGE][PASSED] - uiaction.CommonUIActions.enter is PASSED

2018-04-30 14:59:28 - [TEST_STEP][PASSED] - uiaction.CommonUIActions.enter: uiaction.CommonUIActions.enter is PASSED

2018-04-30 14:59:28 - [MESSAGE][PASSED] - projectSpecific.Reusability.getTestData is PASSED

2018-04-30 14:59:28 - [MESSAGE][PASSED] - uiaction.CommonUIActions.enter is PASSED

2018-04-30 14:59:28 - [TEST_STEP][PASSED] - uiaction.CommonUIActions.click: uiaction.CommonUIActions.click is PASSED

2018-04-30 14:59:28 - [MESSAGE][PASSED] - uiaction.CommonUIActions.click is PASSED

2018-04-30 14:59:28 - [TEST_STEP][PASSED] - delay: Delayed 10 second(s)

2018-04-30 14:59:38 - [MESSAGE][PASSED] - Delayed 10 second(s)

2018-04-30 14:59:38 - [TEST_STEP][PASSED] - uiaction.CommonUIActions.back: uiaction.CommonUIActions.back is PASSED

2018-04-30 14:59:38 - [MESSAGE][PASSED] - Navigate back successfully

2018-04-30 14:59:38 - [MESSAGE][PASSED] - uiaction.CommonUIActions.back is PASSED

2018-04-30 14:59:38 - [TEST_STEP][PASSED] - delay: Delayed 5 second(s)

2018-04-30 14:59:43 - [MESSAGE][PASSED] - Delayed 5 second(s)

2018-04-30 14:59:43 - [TEST_STEP][PASSED] - uiaction.CommonUIActions.back: uiaction.CommonUIActions.back is PASSED

2018-04-30 14:59:44 - [MESSAGE][PASSED] - Navigate back successfully

2018-04-30 14:59:44 - [MESSAGE][PASSED] - uiaction.CommonUIActions.back is PASSED

2018-04-30 14:59:44 - [TEST_STEP][PASSED] - delay: Delayed 5 second(s)

2018-04-30 14:59:49 - [MESSAGE][PASSED] - Delayed 5 second(s)

2018-04-30 14:59:49 - [TEST_STEP][PASSED] - uiaction.CommonUIActions.click: uiaction.CommonUIActions.click is PASSED

2018-04-30 14:59:49 - [MESSAGE][PASSED] - uiaction.CommonUIActions.click is PASSED

2018-04-30 14:59:49 - [TEST_STEP][PASSED] - Statement - StoreList = CustomKeywords.projectSpecific.Reusability.getTestData("ReportingGroupManagementPage", "dummyGroupName2"): projectSpecific.Reusability.getTestData is PASSED

2018-04-30 14:59:49 - [MESSAGE][PASSED] - projectSpecific.Reusability.getTestData is PASSED

2018-04-30 14:59:49 - [TEST_STEP][PASSED] - Statement - listOfStores = new java.util.ArrayList(java.util.Arrays.asList(StoreList)): null

2018-04-30 14:59:49 - [TEST_STEP][PASSED] - Statement - out.println(listOfStores): null

2018-04-30 14:59:49 - [TEST_STEP][PASSED] - delay: Delayed 10 second(s)

2018-04-30 14:59:59 - [MESSAGE][PASSED] - Delayed 10 second(s)

2018-04-30 14:59:59 - [TEST_STEP][PASSED] - Statement - availableStoreList = driver.findElements(org.openqa.selenium.By.xpath(com.kms.katalon.core.testdata.TestDataFactory.findTestData(OR_file).getValue(2, 10))): Reading excel file with source file 'C:\Users\shalinin\Katalon Studio\HME_Scripts\Data Files\HME_OR.xlsx' and sheet name 'Sheet1'

2018-04-30 14:59:59 - [TEST_STEP][PASSED] - Statement - actualList = new java.util.ArrayList(): null

2018-04-30 14:59:59 - [TEST_STEP][PASSED] - Statement - For ([i = 0, i < availableStoreList.size(), (i++)]): null

2018-04-30 14:59:59 - [TEST_STEP][PASSED] - Statement - actualList.add(i, availableStoreList.get(i).getText()): null

[...]

2018-04-30 15:09:35 - [MESSAGE][PASSED] - uiaction.CommonUIActions.click is PASSED

2018-04-30 15:09:35 - [TEST_STEP][PASSED] - delay: Delayed 5 second(s)

2018-04-30 15:09:40 - [MESSAGE][PASSED] - Delayed 5 second(s)

2018-04-30 15:09:40 - [TEST_STEP][PASSED] - Statement - secondStoreListBox1 = driver.findElements(org.openqa.selenium.By.xpath(com.kms.katalon.core.testdata.TestDataFactory.findTestData(OR_file).getValue(2, 11))): Reading excel file with source file 'C:\Users\shalinin\Katalon Studio\HME_Scripts\Data Files\HME_OR.xlsx' and sheet name 'Sheet1'

2018-04-30 15:09:40 - [TEST_STEP][PASSED] - Statement - actualList1 = new java.util.ArrayList(): null

2018-04-30 15:09:40 - [TEST_STEP][PASSED] - Statement - For ([i = 0, i < secondStoreListBox1.size(), (i++)]): null

2018-04-30 15:09:40 - [TEST_STEP][PASSED] - Statement - actualList1.add(i, secondStoreListBox1.get(i).getText()): null

2018-04-30 15:09:40 - [TEST_STEP][PASSED] - Statement - actualList1.add(i, secondStoreListBox1.get(i).getText()): null

2018-04-30 15:09:40 - [TEST_STEP][PASSED] - Statement - actualList1.add(i, secondStoreListBox1.get(i).getText()): null

2018-04-30 15:09:40 - [TEST_STEP][PASSED] - Statement - actualList1.add(i, secondStoreListBox1.get(i).getText()): null

2018-04-30 15:09:40 - [TEST_STEP][PASSED] - Statement - actualList1.add(i, secondStoreListBox1.get(i).getText()): null

2018-04-30 15:09:40 - [TEST_STEP][PASSED] - Statement - actualList1.add(i, secondStoreListBox1.get(i).getText()): null

2018-04-30 15:09:40 - [TEST_STEP][PASSED] - Statement - actualList1.add(i, secondStoreListBox1.get(i).getText()): null

2018-04-30 15:09:40 - [TEST_STEP][PASSED] - Statement - actualList1.add(i, secondStoreListBox1.get(i).getText()): null

2018-04-30 15:09:40 - [TEST_STEP][PASSED] - Statement - actualList1.add(i, secondStoreListBox1.get(i).getText()): null

2018-04-30 15:09:40 - [TEST_STEP][PASSED] - Statement - out.println(actualList1): null

2018-04-30 15:09:40 - [TEST_STEP][PASSED] - delay: Delayed 10 second(s)

2018-04-30 15:09:50 - [MESSAGE][PASSED] - Delayed 10 second(s)

2018-04-30 15:09:50 - [TEST_STEP][PASSED] - Statement - exists = false: null

2018-04-30 15:09:50 - [TEST_STEP][PASSED] - Statement - If (actualList1.containsAll(groupStoresList)): null

2018-04-30 15:09:50 - [TEST_STEP][PASSED] - Statement - exists = true: null

2018-04-30 15:09:50 - [TEST_STEP][PASSED] - Statement - println("Selected stores are displayed in Group/Stores in Group listbox"): null

2018-04-30 15:09:50 - [TEST_STEP][PASSED] - Statement - StoresCBList1 = driver.findElements(org.openqa.selenium.By.xpath(com.kms.katalon.core.testdata.TestDataFactory.findTestData(OR_file).getValue(2, 12))): Reading excel file with source file 'C:\Users\shalinin\Katalon Studio\HME_Scripts\Data Files\HME_OR.xlsx' and sheet name 'Sheet1'

2018-04-30 15:09:50 - [TEST_STEP][PASSED] - Statement - storesLabel = driver.findElements(org.openqa.selenium.By.xpath(com.kms.katalon.core.testdata.TestDataFactory.findTestData(OR_file).getValue(2, 10))): Reading excel file with source file 'C:\Users\shalinin\Katalon Studio\HME_Scripts\Data Files\HME_OR.xlsx' and sheet name 'Sheet1'

2018-04-30 15:09:50 - [TEST_STEP][PASSED] - Statement - storesLabelList = new java.util.ArrayList(): null

2018-04-30 15:09:50 - [TEST_STEP][PASSED] - Statement - For ([i = 0, i < storesLabel.size(), (i++)]): null

2018-04-30 15:09:50 - [TEST_STEP][PASSED] - Statement - println("storesLabel" + storesLabelList): null

2018-04-30 15:09:50 - [TEST_STEP][PASSED] - uiaction.CommonUIActions.click: uiaction.CommonUIActions.click is PASSED

2018-04-30 15:09:50 - [MESSAGE][PASSED] - uiaction.CommonUIActions.click is PASSED

2018-04-30 15:09:50 - [TEST_STEP][PASSED] - delay: Delayed 10 second(s)

2018-04-30 15:10:00 - [MESSAGE][PASSED] - Delayed 10 second(s)

2018-04-30 15:10:00 - [TEST_STEP][PASSED] - back: Navigate back successfully

2018-04-30 15:10:00 - [MESSAGE][PASSED] - Navigate back successfully

2018-04-30 15:10:00 - [TEST_STEP][PASSED] - delay: Delayed 10 second(s)

2018-04-30 15:10:10 - [MESSAGE][PASSED] - Delayed 10 second(s)

2018-04-30 15:10:10 - [TEST_STEP][PASSED] - back: Navigate back successfully

2018-04-30 15:10:10 - [MESSAGE][PASSED] - Navigate back successfully

2018-04-30 15:10:10 - [TEST_STEP][PASSED] - delay: Delayed 10 second(s)

2018-04-30 15:10:20 - [MESSAGE][PASSED] - Delayed 10 second(s)

2018-04-30 15:10:20 - [TEST_STEP][PASSED] - Statement - groupHierarchyList = driver.findElements(org.openqa.selenium.By.xpath(com.kms.katalon.core.testdata.TestDataFactory.findTestData(OR_file).getValue(2, 13))): Reading excel file with source file 'C:\Users\shalinin\Katalon Studio\HME_Scripts\Data Files\HME_OR.xlsx' and sheet name 'Sheet1'

2018-04-30 15:10:20 - [TEST_STEP][PASSED] - Statement - actualgroupList = new java.util.ArrayList(): null

2018-04-30 15:10:20 - [TEST_STEP][PASSED] - Statement - For ([i = 0, i < groupHierarchyList.size(), (i++)]): null

2018-04-30 15:10:20 - [TEST_STEP][PASSED] - Statement - actualgroupList.add(i, groupHierarchyList.get(i).getText()): null

2018-04-30 15:10:20 - [TEST_STEP][PASSED] - Statement - groupXpath = "//span[text()='" + CustomKeywords.projectSpecific.Reusability.getTestData("ReportingGroupManagementPage", "groupNameTC7") + "']": projectSpecific.Reusability.getTestData is PASSED

2018-04-30 15:10:20 - [MESSAGE][PASSED] - projectSpecific.Reusability.getTestData is PASSED

2018-04-30 15:10:20 - [TEST_STEP][PASSED] - Statement - println(groupXpath): null

2018-04-30 15:10:20 - [TEST_STEP][PASSED] - Statement - driver.findElement(org.openqa.selenium.By.xpath(groupXpath)).click(): null

2018-04-30 15:10:20 - [TEST_STEP][PASSED] - delay: Delayed 10 second(s)

2018-04-30 15:10:30 - [MESSAGE][PASSED] - Delayed 10 second(s)

2018-04-30 15:10:30 - [TEST_STEP][PASSED] - Statement - groupNameAttr = com.kms.katalon.core.webui.keyword.WebUiBuiltInKeywords.getAttribute(com.kms.katalon.core.testobject.ObjectRepository.findTestObject(ReportingGroupManagement/groupNameTxt), "value"): Attribute 'value' of object 'Object Repository/ReportingGroupManagement/groupNameTxt' is: 'Group TC7'

2018-04-30 15:10:31 - [MESSAGE][PASSED] - Attribute 'value' of object 'Object Repository/ReportingGroupManagement/groupNameTxt' is: 'Group TC7'

2018-04-30 15:10:31 - [TEST_STEP][PASSED] - verifyMatch: Actual text 'Group TC7' and expected text 'Group TC7' are matched 

2018-04-30 15:10:31 - [MESSAGE][PASSED] - projectSpecific.Reusability.getTestData is PASSED

2018-04-30 15:10:31 - [MESSAGE][PASSED] - Actual text 'Group TC7' and expected text 'Group TC7' are matched 

2018-04-30 15:10:31 - [TEST_STEP][PASSED] - Statement - groupDescAttr = com.kms.katalon.core.webui.keyword.WebUiBuiltInKeywords.getAttribute(com.kms.katalon.core.testobject.ObjectRepository.findTestObject(ReportingGroupManagement/groupDescTxt), "value"): Attribute 'value' of object 'Object Repository/ReportingGroupManagement/groupDescTxt' is: 'South west branch Group 1'

2018-04-30 15:10:31 - [MESSAGE][PASSED] - Attribute 'value' of object 'Object Repository/ReportingGroupManagement/groupDescTxt' is: 'South west branch Group 1'

2018-04-30 15:10:31 - [TEST_STEP][PASSED] - verifyMatch: Actual text 'South west branch Group 1' and expected text 'South west branch Group 1' are matched 

2018-04-30 15:10:31 - [MESSAGE][PASSED] - projectSpecific.Reusability.getTestData is PASSED

2018-04-30 15:10:31 - [MESSAGE][PASSED] - Actual text 'South west branch Group 1' and expected text 'South west branch Group 1' are matched 

2018-04-30 15:10:31 - [TEST_STEP][PASSED] - Statement - availableStoreList = driver.findElements(org.openqa.selenium.By.xpath(com.kms.katalon.core.testdata.TestDataFactory.findTestData(OR_file).getValue(2, 10))): Reading excel file with source file 'C:\Users\shalinin\Katalon Studio\HME_Scripts\Data Files\HME_OR.xlsx' and sheet name 'Sheet1'

2018-04-30 15:10:31 - [TEST_STEP][PASSED] - Statement - actualList = new java.util.ArrayList(): null

2018-04-30 15:10:31 - [TEST_STEP][PASSED] - Statement - For ([i = 0, i < availableStoreList.size(), (i++)]): null

2018-04-30 15:10:31 - [TEST_STEP][PASSED] - Statement - out.println(actualList): null

2018-04-30 15:10:31 - [TEST_STEP][PASSED] - Statement - out.println(storesLabelList): null

2018-04-30 15:10:31 - [TEST_STEP][PASSED] - Statement - If (actualList.containsAll(storesLabelList)): null

2018-04-30 15:10:31 - [TEST_STEP][PASSED] - Statement - println("Selected stores are displayed in Group/Stores in Group listbox"): null

2018-04-30 15:10:31 - [TEST_STEP][PASSED] - Statement - secondStoreListBox1 = driver.findElements(org.openqa.selenium.By.xpath(com.kms.katalon.core.testdata.TestDataFactory.findTestData(OR_file).getValue(2, 11))): Reading excel file with source file 'C:\Users\shalinin\Katalon Studio\HME_Scripts\Data Files\HME_OR.xlsx' and sheet name 'Sheet1'

2018-04-30 15:10:31 - [TEST_STEP][PASSED] - Statement - actualList2 = new java.util.ArrayList(): null

2018-04-30 15:10:31 - [TEST_STEP][PASSED] - Statement - For ([i = 0, i < secondStoreListBox1.size(), (i++)]): null

2018-04-30 15:10:31 - [TEST_STEP][PASSED] - Statement - out.println(actualList2): null

2018-04-30 15:10:31 - [TEST_STEP][PASSED] - Statement - If (actualList1.containsAll(actualList2)): null

2018-04-30 15:10:31 - [TEST_STEP][PASSED] - Statement - println("Selected stores are displayed in Group/Stores in Group listbox"): null

2018-04-30 15:10:31 - [TEST_STEP][PASSED] - uiaction.CommonUIActions.click: uiaction.CommonUIActions.click is PASSED

2018-04-30 15:10:31 - [MESSAGE][PASSED] - uiaction.CommonUIActions.click is PASSED

2018-04-30 15:10:31 - [TEST_STEP][PASSED] - delay: Delayed 10 second(s)

2018-04-30 15:10:41 - [MESSAGE][PASSED] - Delayed 10 second(s)

2018-04-30 15:10:41 - [TEST_STEP][PASSED] - Statement - confirmToDeleteText = CustomKeywords.uiaction.CommonUIActions.getText(com.kms.katalon.core.testobject.ObjectRepository.findTestObject(ReportingGroupManagement/confirmToDeleteText)): uiaction.CommonUIActions.getText is PASSED

2018-04-30 15:10:41 - [MESSAGE][PASSED] - uiaction.CommonUIActions.getText is PASSED

2018-04-30 15:10:41 - [TEST_STEP][PASSED] - Statement - confirmToDeleteText2 = CustomKeywords.projectSpecific.Reusability.getTestData("ReportingGroupManagementPage", "confirmDeleteTxt"): projectSpecific.Reusability.getTestData is PASSED

2018-04-30 15:10:41 - [MESSAGE][PASSED] - projectSpecific.Reusability.getTestData is PASSED

2018-04-30 15:10:41 - [TEST_STEP][PASSED] - verifyMatch: Actual text 'Confirm to Delete
Are you sure you want to remove this user?
Yes
No' and expected text 'Confirm to Delete
Are you sure you want to remove this user?
Yes
No' are matched 

2018-04-30 15:10:41 - [MESSAGE][PASSED] - Actual text 'Confirm to Delete
Are you sure you want to remove this user?
Yes
No' and expected text 'Confirm to Delete
Are you sure you want to remove this user?
Yes
No' are matched 

2018-04-30 15:10:41 - [TEST_STEP][PASSED] - verifyElementPresent: Object 'Object Repository/ReportingGroupManagement/confirmToDelNoBtn' is present

2018-04-30 15:10:41 - [MESSAGE][PASSED] - Object 'Object Repository/ReportingGroupManagement/confirmToDelNoBtn' is present

2018-04-30 15:10:41 - [TEST_STEP][PASSED] - verifyElementPresent: Object 'Object Repository/ReportingGroupManagement/confirmToDelBtn' is present

2018-04-30 15:10:41 - [MESSAGE][PASSED] - Object 'Object Repository/ReportingGroupManagement/confirmToDelBtn' is present

2018-04-30 15:10:41 - [TEST_STEP][PASSED] - uiaction.CommonUIActions.click: uiaction.CommonUIActions.click is PASSED

2018-04-30 15:10:41 - [MESSAGE][PASSED] - uiaction.CommonUIActions.click is PASSED

2018-04-30 15:10:41 - [TEST_STEP][PASSED] - Statement - groupNameAttr = com.kms.katalon.core.webui.keyword.WebUiBuiltInKeywords.getAttribute(com.kms.katalon.core.testobject.ObjectRepository.findTestObject(ReportingGroupManagement/groupNameTxt), "value"): Attribute 'value' of object 'Object Repository/ReportingGroupManagement/groupNameTxt' is: 'Group TC7'

2018-04-30 15:10:41 - [MESSAGE][PASSED] - Attribute 'value' of object 'Object Repository/ReportingGroupManagement/groupNameTxt' is: 'Group TC7'

2018-04-30 15:10:41 - [TEST_STEP][PASSED] - verifyMatch: Actual text 'Group TC7' and expected text 'Group TC7' are matched 

2018-04-30 15:10:41 - [MESSAGE][PASSED] - projectSpecific.Reusability.getTestData is PASSED

2018-04-30 15:10:41 - [MESSAGE][PASSED] - Actual text 'Group TC7' and expected text 'Group TC7' are matched 

2018-04-30 15:10:41 - [TEST_STEP][PASSED] - uiaction.CommonUIActions.click: uiaction.CommonUIActions.click is PASSED

2018-04-30 15:10:41 - [MESSAGE][PASSED] - uiaction.CommonUIActions.click is PASSED

2018-04-30 15:10:41 - [TEST_STEP][PASSED] - delay: Delayed 10 second(s)

2018-04-30 15:10:51 - [MESSAGE][PASSED] - Delayed 10 second(s)

2018-04-30 15:10:51 - [TEST_STEP][PASSED] - Statement - confirmToDeleteText = CustomKeywords.uiaction.CommonUIActions.getText(com.kms.katalon.core.testobject.ObjectRepository.findTestObject(ReportingGroupManagement/confirmToDeleteText)): uiaction.CommonUIActions.getText is PASSED

2018-04-30 15:10:51 - [MESSAGE][PASSED] - uiaction.CommonUIActions.getText is PASSED

2018-04-30 15:10:51 - [TEST_STEP][PASSED] - Statement - confirmToDeleteText2 = CustomKeywords.projectSpecific.Reusability.getTestData("ReportingGroupManagementPage", "confirmDeleteTxt"): projectSpecific.Reusability.getTestData is PASSED

2018-04-30 15:10:51 - [MESSAGE][PASSED] - projectSpecific.Reusability.getTestData is PASSED

2018-04-30 15:10:51 - [TEST_STEP][PASSED] - verifyMatch: Actual text 'Confirm to Delete
Are you sure you want to remove this user?
Yes
No' and expected text 'Confirm to Delete
Are you sure you want to remove this user?
Yes
No' are matched 

2018-04-30 15:10:51 - [MESSAGE][PASSED] - Actual text 'Confirm to Delete
Are you sure you want to remove this user?
Yes
No' and expected text 'Confirm to Delete
Are you sure you want to remove this user?
Yes
No' are matched 

2018-04-30 15:10:51 - [TEST_STEP][PASSED] - uiaction.CommonUIActions.click: uiaction.CommonUIActions.click is PASSED

2018-04-30 15:10:51 - [MESSAGE][PASSED] - uiaction.CommonUIActions.click is PASSED

2018-04-30 15:10:51 - [TEST_STEP][PASSED] - back: Navigate back successfully

2018-04-30 15:10:51 - [MESSAGE][PASSED] - Navigate back successfully

2018-04-30 15:10:51 - [TEST_STEP][PASSED] - delay: Delayed 10 second(s)

2018-04-30 15:11:01 - [MESSAGE][PASSED] - Delayed 10 second(s)

2018-04-30 15:11:01 - [TEST_STEP][PASSED] - back: Navigate back successfully

2018-04-30 15:11:01 - [MESSAGE][PASSED] - Navigate back successfully

2018-04-30 15:11:01 - [TEST_STEP][PASSED] - delay: Delayed 10 second(s)

2018-04-30 15:11:11 - [MESSAGE][PASSED] - Delayed 10 second(s)

2018-04-30 15:11:11 - [TEST_STEP][PASSED] - Statement - groupHierarchyList2 = driver.findElements(org.openqa.selenium.By.xpath(com.kms.katalon.core.testdata.TestDataFactory.findTestData(OR_file).getValue(2, 13))): Reading excel file with source file 'C:\Users\shalinin\Katalon Studio\HME_Scripts\Data Files\HME_OR.xlsx' and sheet name 'Sheet1'

2018-04-30 15:11:11 - [TEST_STEP][PASSED] - Statement - actualgroupList2 = new java.util.ArrayList(): null

2018-04-30 15:11:11 - [TEST_STEP][PASSED] - Statement - For ([i = 0, i < groupHierarchyList2.size(), (i++)]): null

2018-04-30 15:11:11 - [TEST_STEP][PASSED] - Statement - actualgroupList2[i] = groupHierarchyList2.get(i).getText(): null

2018-04-30 15:11:11 - [TEST_STEP][PASSED] - Statement - actualgroupList2[i] = groupHierarchyList2.get(i).getText(): null

2018-04-30 15:11:11 - [TEST_STEP][PASSED] - Statement - actualgroupList2[i] = groupHierarchyList2.get(i).getText(): null

2018-04-30 15:11:11 - [TEST_STEP][PASSED] - Statement - actualgroupList2[i] = groupHierarchyList2.get(i).getText(): null

2018-04-30 15:11:11 - [TEST_STEP][PASSED] - Statement - actualgroupList2[i] = groupHierarchyList2.get(i).getText(): null

2018-04-30 15:11:11 - [TEST_STEP][PASSED] - Statement - actualgroupList2[i] = groupHierarchyList2.get(i).getText(): null

2018-04-30 15:11:11 - [TEST_STEP][PASSED] - Statement - actualgroupList2[i] = groupHierarchyList2.get(i).getText(): null

2018-04-30 15:11:11 - [TEST_STEP][PASSED] - Statement - actualgroupList2[i] = groupHierarchyList2.get(i).getText(): null

2018-04-30 15:11:11 - [TEST_STEP][PASSED] - Statement - actualgroupList2[i] = groupHierarchyList2.get(i).getText(): null

2018-04-30 15:11:11 - [TEST_STEP][PASSED] - Statement - out.println(actualgroupList2): null

2018-04-30 15:11:11 - [TEST_STEP][PASSED] - Statement - groupName = CustomKeywords.projectSpecific.Reusability.getTestData("ReportingGroupManagementPage", "groupNameTC7"): projectSpecific.Reusability.getTestData is PASSED

2018-04-30 15:11:11 - [MESSAGE][PASSED] - projectSpecific.Reusability.getTestData is PASSED

2018-04-30 15:11:11 - [TEST_STEP][PASSED] - Statement - If (actualgroupList2.contains(groupName)): null

2018-04-30 15:11:11 - [TEST_STEP][PASSED] - Statement - Else: Taking screenshot successfully

2018-04-30 15:11:11 - [TEST_STEP][PASSED] - Statement - println("Required group is not available in tree structure"): null

2018-04-30 15:11:11 - [TEST_STEP][PASSED] - Statement - If (!(TCflag)): null

2018-04-30 15:11:11 - [TEST_STEP][PASSED] - takeScreenshot: Taking screenshot successfully

2018-04-30 15:11:11 - [MESSAGE][PASSED] - Taking screenshot successfully
[[ATTACHMENT|C:\\Users\\shalinin\\Katalon Studio\\HME_Scripts\\Reports\\RegressionSuite\\20180430_145211\\1525081271641.png]]

2018-04-30 15:11:11 - [TEST_STEP][PASSED] - uiaction.CommonUIActions.click: uiaction.CommonUIActions.click is PASSED

2018-04-30 15:11:11 - [MESSAGE][PASSED] - uiaction.CommonUIActions.click is PASSED

2018-04-30 15:11:11 - [TEST_STEP][PASSED] - verifyElementPresent: Object 'Object Repository/ReportingGroupManagement/reportingGroupDetails' is present

2018-04-30 15:11:11 - [MESSAGE][PASSED] - Object 'Object Repository/ReportingGroupManagement/reportingGroupDetails' is present

2018-04-30 15:11:11 - [TEST_STEP][PASSED] - Statement - storesLabel = driver.findElements(org.openqa.selenium.By.xpath(com.kms.katalon.core.testdata.TestDataFactory.findTestData(OR_file).getValue(2, 10))): Reading excel file with source file 'C:\Users\shalinin\Katalon Studio\HME_Scripts\Data Files\HME_OR.xlsx' and sheet name 'Sheet1'

2018-04-30 15:11:11 - [TEST_STEP][PASSED] - Statement - groupStoresList = new java.util.ArrayList(): null

2018-04-30 15:11:11 - [TEST_STEP][PASSED] - Statement - For ([i = 0, i < storesLabel.size(), (i++)]): null

2018-04-30 15:11:11 - [TEST_STEP][PASSED] - Statement - If (actualgroupList2.containsAll(groupStoresList)): null

2018-04-30 15:11:11 - [TEST_STEP][PASSED] - Statement - println("Selected stores are displayed in Group/Stores in Group listbox"): null

2018-04-30 15:11:11 - [TEST_STEP][PASSED] - delay: Delayed 5 second(s)

2018-04-30 15:11:16 - [MESSAGE][PASSED] - Delayed 5 second(s)

2018-04-30 15:11:16 - [TEST_STEP][PASSED] - uiaction.CommonUIActions.click: uiaction.CommonUIActions.click is PASSED

2018-04-30 15:11:23 - [MESSAGE][PASSED] - uiaction.CommonUIActions.click is PASSED

2018-04-30 15:11:23 - [TEST_STEP][PASSED] - Statement - assert TCflag == true: null

2018-04-30 15:11:23 - [TEST_STEP][PASSED] - Start listener action : sampleAfterTestCase: Browser is closed

2018-04-30 15:11:23 - [TEST_STEP][PASSED] - Statement - println(testCaseContext.getTestCaseId()): null

2018-04-30 15:11:23 - [TEST_STEP][PASSED] - Statement - println(testCaseContext.getTestCaseStatus()): null

2018-04-30 15:11:23 - [TEST_STEP][PASSED] - closeBrowser: Browser is closed

2018-04-30 15:11:23 - [MESSAGE][PASSED] - Browser is closed]]></system-out>
         <system-err><![CDATA[]]></system-err>
      </testcase>
      <system-out><![CDATA[2018-04-30 14:52:14 - [TEST_SUITE][PASSED] - RegressionSuite: Browser is closed]]></system-out>
      <system-err><![CDATA[]]></system-err>
   </testsuite>
</testsuites>
