<?xml version="1.0" encoding="UTF-8"?>
<testsuites name="TestSuiteDemo" time="3794" tests="7" failures="6" errors="0">
   <testsuite name="TestSuiteDemo" tests="7" failures="6" errors="0" time="3794" timestamp="2018-06-06 19:22:58" hostname="shalinin - NIBC2129.nousinfo.com" id="Test Suites/TestSuiteDemo">
      <properties>
[...]
</properties>
      <testcase name="Test Cases/TimeZoneTC/HME-Browser-Timezone-01" classname="Test Cases/TimeZoneTC/HME-Browser-Timezone-01" status="PASSED">
         <system-out><![CDATA[2018-06-06 19:22:58 - [TEST_CASE][PASSED] - Test Cases/TimeZoneTC/HME-Browser-Timezone-01: Browser is closed

2018-06-06 19:22:58 - [TEST_STEP][PASSED] - Start listener action : sampleBeforeTestCase: uiaction.CommonUIActions.deleteAllCookies is PASSED

2018-06-06 19:22:58 - [TEST_STEP][PASSED] - openBrowser: Browser is opened with url: ''

2018-06-06 19:23:01 - [MESSAGE][PASSED] - Browser is opened with url: ''

2018-06-06 19:23:01 - [TEST_STEP][PASSED] - maximizeWindow: Current window maximized

2018-06-06 19:23:02 - [MESSAGE][PASSED] - Current window maximized

2018-06-06 19:23:02 - [TEST_STEP][PASSED] - uiaction.CommonUIActions.deleteAllCookies: uiaction.CommonUIActions.deleteAllCookies is PASSED

2018-06-06 19:23:03 - [MESSAGE][PASSED] - Delete all cookies successfully

2018-06-06 19:23:03 - [MESSAGE][PASSED] - uiaction.CommonUIActions.deleteAllCookies is PASSED

2018-06-06 19:23:03 - [TEST_STEP][PASSED] - Statement - TCflag = true: null

2018-06-06 19:23:03 - [TEST_STEP][PASSED] - Statement - Try: uiaction.CommonUIActions.click is PASSED

2018-06-06 19:23:03 - [TEST_STEP][PASSED] - navigateToUrl: Navigate to 'https://uat.hmedtcloud.com' successfully

2018-06-06 19:23:15 - [MESSAGE][PASSED] - Navigate to 'https://uat.hmedtcloud.com' successfully

2018-06-06 19:23:15 - [TEST_STEP][PASSED] - projectSpecific.Reusability.login: projectSpecific.Reusability.login is PASSED

2018-06-06 19:23:16 - [MESSAGE][PASSED] - projectSpecific.Reusability.getTestData is PASSED

2018-06-06 19:23:16 - [MESSAGE][PASSED] - projectSpecific.Reusability.getTestData is PASSED

2018-06-06 19:23:16 - [MESSAGE][PASSED] - Text 'swtest01@hme.com' is set on object 'Object Repository/LoginPage/Username'

2018-06-06 19:23:16 - [MESSAGE][PASSED] - Text 'SWTest01' is set on object 'Object Repository/LoginPage/Password'

2018-06-06 19:23:30 - [MESSAGE][PASSED] - Object: 'Object Repository/LoginPage/Login' is clicked on

2018-06-06 19:23:30 - [MESSAGE][PASSED] - projectSpecific.Reusability.login is PASSED

2018-06-06 19:23:30 - [TEST_STEP][PASSED] - delay: Delayed 10 second(s)

2018-06-06 19:23:40 - [MESSAGE][PASSED] - Delayed 10 second(s)

2018-06-06 19:23:40 - [TEST_STEP][PASSED] - Statement - welcomeMsg = CustomKeywords.uiaction.CommonUIActions.getText(com.kms.katalon.core.testobject.ObjectRepository.findTestObject(HomePage/welcomeMessage)): uiaction.CommonUIActions.getText is PASSED

2018-06-06 19:23:40 - [MESSAGE][PASSED] - uiaction.CommonUIActions.getText is PASSED

2018-06-06 19:23:40 - [TEST_STEP][PASSED] - Statement - expactedWelcomeMsg = CustomKeywords.projectSpecific.Reusability.getTestData("HomePage", "welcomeMsg"): projectSpecific.Reusability.getTestData is PASSED

2018-06-06 19:23:40 - [MESSAGE][PASSED] - projectSpecific.Reusability.getTestData is PASSED

2018-06-06 19:23:40 - [TEST_STEP][PASSED] - Statement - If (welcomeMsg.contains(expactedWelcomeMsg)): null

2018-06-06 19:23:40 - [TEST_STEP][PASSED] - Statement - out.println("Welcome message is verified"): null

2018-06-06 19:23:40 - [TEST_STEP][PASSED] - uiaction.CommonUIActions.click: uiaction.CommonUIActions.click is PASSED

2018-06-06 19:23:43 - [MESSAGE][PASSED] - uiaction.CommonUIActions.click is PASSED

2018-06-06 19:23:43 - [TEST_STEP][PASSED] - Statement - storenumber = CustomKeywords.uiaction.CommonUIActions.getText(com.kms.katalon.core.testobject.ObjectRepository.findTestObject(StorePage/storepage_storenumber)): uiaction.CommonUIActions.getText is PASSED

2018-06-06 19:23:43 - [MESSAGE][PASSED] - uiaction.CommonUIActions.getText is PASSED

2018-06-06 19:23:43 - [TEST_STEP][PASSED] - Statement - out.println(" the store number is--" + storenumber.trim()): null

2018-06-06 19:23:43 - [TEST_STEP][PASSED] - uiaction.CommonUIActions.click: uiaction.CommonUIActions.click is PASSED

2018-06-06 19:23:48 - [MESSAGE][PASSED] - uiaction.CommonUIActions.click is PASSED

2018-06-06 19:23:48 - [TEST_STEP][PASSED] - delay: Delayed 15 second(s)

2018-06-06 19:24:03 - [MESSAGE][PASSED] - Delayed 15 second(s)

2018-06-06 19:24:03 - [TEST_STEP][PASSED] - delay: Delayed 10 second(s)

2018-06-06 19:24:13 - [MESSAGE][PASSED] - Delayed 10 second(s)

2018-06-06 19:24:13 - [TEST_STEP][PASSED] - Statement - driver = com.kms.katalon.core.webui.driver.DriverFactory.getWebDriver(): null

2018-06-06 19:24:13 - [TEST_STEP][PASSED] - Statement - driver.findElement(org.openqa.selenium.By.xpath("//span[contains(text(),'" + storenumber.trim() + "')]")).click(): null

2018-06-06 19:24:13 - [TEST_STEP][PASSED] - click: Object: 'Object Repository/ReportsPage/timeSelection' is clicked on

2018-06-06 19:24:13 - [MESSAGE][PASSED] - Object: 'Object Repository/ReportsPage/timeSelection' is clicked on

2018-06-06 19:24:13 - [TEST_STEP][PASSED] - click: Object: 'Object Repository/ReportsPage/dayTimeOption' is clicked on

2018-06-06 19:24:13 - [MESSAGE][PASSED] - Object: 'Object Repository/ReportsPage/dayTimeOption' is clicked on

2018-06-06 19:24:13 - [TEST_STEP][PASSED] - click: Object: 'Object Repository/ReportsPage/summaryReportHeading' is clicked on

2018-06-06 19:24:13 - [MESSAGE][PASSED] - Object: 'Object Repository/ReportsPage/summaryReportHeading' is clicked on

2018-06-06 19:24:13 - [TEST_STEP][PASSED] - verifyElementText: Actual text and expected text of test object 'Object Repository/ReportsPage/dayTimeOption' are matched.

2018-06-06 19:24:13 - [MESSAGE][PASSED] - projectSpecific.Reusability.getTestData is PASSED

2018-06-06 19:24:13 - [MESSAGE][PASSED] - Actual text and expected text of test object 'Object Repository/ReportsPage/dayTimeOption' are matched.

2018-06-06 19:24:13 - [TEST_STEP][PASSED] - verifyElementText: Actual text and expected text of test object 'Object Repository/ReportsPage/criteriaTimeMeasureForDay' are matched.

2018-06-06 19:24:13 - [MESSAGE][PASSED] - projectSpecific.Reusability.getTestData is PASSED

2018-06-06 19:24:13 - [MESSAGE][PASSED] - Actual text and expected text of test object 'Object Repository/ReportsPage/criteriaTimeMeasureForDay' are matched.

2018-06-06 19:24:13 - [TEST_STEP][PASSED] - delay: Delayed 5 second(s)

2018-06-06 19:24:18 - [MESSAGE][PASSED] - Delayed 5 second(s)

2018-06-06 19:24:18 - [TEST_STEP][PASSED] - click: Object: 'Object Repository/ReportsPage/fromDateSelector' is clicked on

2018-06-06 19:24:18 - [MESSAGE][PASSED] - Object: 'Object Repository/ReportsPage/fromDateSelector' is clicked on

2018-06-06 19:24:18 - [TEST_STEP][PASSED] - delay: Delayed 5 second(s)

2018-06-06 19:24:23 - [MESSAGE][PASSED] - Delayed 5 second(s)

2018-06-06 19:24:23 - [TEST_STEP][PASSED] - Statement - monthText = com.kms.katalon.core.webui.keyword.WebUiBuiltInKeywords.getText(com.kms.katalon.core.testobject.ObjectRepository.findTestObject(ReportsPage/monthText)): Text of object 'Object Repository/ReportsPage/monthText' is: 'June 2018'

2018-06-06 19:24:23 - [MESSAGE][PASSED] - Text of object 'Object Repository/ReportsPage/monthText' is: 'June 2018'

2018-06-06 19:24:23 - [TEST_STEP][PASSED] - Statement - monthTextArray = monthText.split(" "): null

2018-06-06 19:24:23 - [TEST_STEP][PASSED] - Statement - month = monthTextArray[0]: null

2018-06-06 19:24:23 - [TEST_STEP][PASSED] - Statement - monthTextValue = CustomKeywords.projectSpecific.Reusability.getTestData("ReportsPage", "Month"): projectSpecific.Reusability.getTestData is PASSED

2018-06-06 19:24:23 - [MESSAGE][PASSED] - projectSpecific.Reusability.getTestData is PASSED

2018-06-06 19:24:23 - [TEST_STEP][PASSED] - Statement - If (!(monthTextValue.equals(month))): null

2018-06-06 19:24:23 - [TEST_STEP][PASSED] - Statement - While (!(monthTextValue.equals(month))): null

2018-06-06 19:24:23 - [TEST_STEP][PASSED] - click: Object: 'Object Repository/ReportsPage/previousDateSelector' is clicked on

2018-06-06 19:24:23 - [MESSAGE][PASSED] - Object: 'Object Repository/ReportsPage/previousDateSelector' is clicked on

2018-06-06 19:24:23 - [TEST_STEP][PASSED] - Statement - monthText = com.kms.katalon.core.webui.keyword.WebUiBuiltInKeywords.getText(com.kms.katalon.core.testobject.ObjectRepository.findTestObject(ReportsPage/monthText)): Text of object 'Object Repository/ReportsPage/monthText' is: 'May 2018'

2018-06-06 19:24:23 - [MESSAGE][PASSED] - Text of object 'Object Repository/ReportsPage/monthText' is: 'May 2018'

2018-06-06 19:24:23 - [TEST_STEP][PASSED] - Statement - monthTextArray = monthText.split(" "): null

2018-06-06 19:24:23 - [TEST_STEP][PASSED] - Statement - month = monthTextArray[0]: null

2018-06-06 19:24:23 - [TEST_STEP][PASSED] - click: Object: 'Object Repository/ReportsPage/previousDateSelector' is clicked on

2018-06-06 19:24:23 - [MESSAGE][PASSED] - Object: 'Object Repository/ReportsPage/previousDateSelector' is clicked on

2018-06-06 19:24:23 - [TEST_STEP][PASSED] - Statement - monthText = com.kms.katalon.core.webui.keyword.WebUiBuiltInKeywords.getText(com.kms.katalon.core.testobject.ObjectRepository.findTestObject(ReportsPage/monthText)): Text of object 'Object Repository/ReportsPage/monthText' is: 'April 2018'

2018-06-06 19:24:23 - [MESSAGE][PASSED] - Text of object 'Object Repository/ReportsPage/monthText' is: 'April 2018'

2018-06-06 19:24:23 - [TEST_STEP][PASSED] - Statement - monthTextArray = monthText.split(" "): null

2018-06-06 19:24:23 - [TEST_STEP][PASSED] - Statement - month = monthTextArray[0]: null

2018-06-06 19:24:23 - [TEST_STEP][PASSED] - click: Object: 'Object Repository/ReportsPage/previousDateSelector' is clicked on

2018-06-06 19:24:23 - [MESSAGE][PASSED] - Object: 'Object Repository/ReportsPage/previousDateSelector' is clicked on

2018-06-06 19:24:23 - [TEST_STEP][PASSED] - Statement - monthText = com.kms.katalon.core.webui.keyword.WebUiBuiltInKeywords.getText(com.kms.katalon.core.testobject.ObjectRepository.findTestObject(ReportsPage/monthText)): Text of object 'Object Repository/ReportsPage/monthText' is: 'March 2018'

2018-06-06 19:24:23 - [MESSAGE][PASSED] - Text of object 'Object Repository/ReportsPage/monthText' is: 'March 2018'

2018-06-06 19:24:23 - [TEST_STEP][PASSED] - Statement - monthTextArray = monthText.split(" "): null

2018-06-06 19:24:23 - [TEST_STEP][PASSED] - Statement - month = monthTextArray[0]: null

2018-06-06 19:24:23 - [TEST_STEP][PASSED] - Statement - data = CustomKeywords.projectSpecific.Reusability.getTestData("ReportsPage", "StartDate_March"): projectSpecific.Reusability.getTestData is PASSED

2018-06-06 19:24:24 - [MESSAGE][PASSED] - projectSpecific.Reusability.getTestData is PASSED

2018-06-06 19:24:24 - [TEST_STEP][PASSED] - Statement - startDate = "(//td[text()='" + data + "'])[1]": null

2018-06-06 19:24:24 - [TEST_STEP][PASSED] - Statement - println(startDate): null

2018-06-06 19:24:24 - [TEST_STEP][PASSED] - Statement - startdateEle = driver.findElement(org.openqa.selenium.By.xpath(startDate)): null

2018-06-06 19:24:24 - [TEST_STEP][PASSED] - Statement - startdateEle.click(): null

2018-06-06 19:24:24 - [TEST_STEP][PASSED] - delay: Delayed 5 second(s)

2018-06-06 19:24:29 - [MESSAGE][PASSED] - Delayed 5 second(s)

2018-06-06 19:24:29 - [TEST_STEP][PASSED] - click: Object: 'Object Repository/ReportsPage/toDateSelector' is clicked on

2018-06-06 19:24:29 - [MESSAGE][PASSED] - Object: 'Object Repository/ReportsPage/toDateSelector' is clicked on

2018-06-06 19:24:29 - [TEST_STEP][PASSED] - Statement - monthText = com.kms.katalon.core.webui.keyword.WebUiBuiltInKeywords.getText(com.kms.katalon.core.testobject.ObjectRepository.findTestObject(ReportsPage/monthText2)): Text of object 'Object Repository/ReportsPage/monthText2' is: 'June 2018'

2018-06-06 19:24:29 - [MESSAGE][PASSED] - Text of object 'Object Repository/ReportsPage/monthText2' is: 'June 2018'

2018-06-06 19:24:29 - [TEST_STEP][PASSED] - Statement - monthTextArray = monthText.split(" "): null

2018-06-06 19:24:29 - [TEST_STEP][PASSED] - Statement - month = monthTextArray[0]: null

2018-06-06 19:24:29 - [TEST_STEP][PASSED] - Statement - monthTextValue1 = CustomKeywords.projectSpecific.Reusability.getTestData("ReportsPage", "Month"): projectSpecific.Reusability.getTestData is PASSED

2018-06-06 19:24:29 - [MESSAGE][PASSED] - projectSpecific.Reusability.getTestData is PASSED

2018-06-06 19:24:29 - [TEST_STEP][PASSED] - Statement - If (!(monthTextValue1.equals(month))): null

2018-06-06 19:24:29 - [TEST_STEP][PASSED] - Statement - While (!(monthTextValue1.equals(month))): null

2018-06-06 19:24:29 - [TEST_STEP][PASSED] - click: Object: 'Object Repository/ReportsPage/previousDateSelector2' is clicked on

2018-06-06 19:24:29 - [MESSAGE][PASSED] - Object: 'Object Repository/ReportsPage/previousDateSelector2' is clicked on

2018-06-06 19:24:29 - [TEST_STEP][PASSED] - Statement - monthText = com.kms.katalon.core.webui.keyword.WebUiBuiltInKeywords.getText(com.kms.katalon.core.testobject.ObjectRepository.findTestObject(ReportsPage/monthText2)): Text of object 'Object Repository/ReportsPage/monthText2' is: 'May 2018'

2018-06-06 19:24:29 - [MESSAGE][PASSED] - Text of object 'Object Repository/ReportsPage/monthText2' is: 'May 2018'

2018-06-06 19:24:29 - [TEST_STEP][PASSED] - Statement - monthTextArray = monthText.split(" "): null

2018-06-06 19:24:29 - [TEST_STEP][PASSED] - Statement - month = monthTextArray[0]: null

2018-06-06 19:24:29 - [TEST_STEP][PASSED] - click: Object: 'Object Repository/ReportsPage/previousDateSelector2' is clicked on

2018-06-06 19:24:29 - [MESSAGE][PASSED] - Object: 'Object Repository/ReportsPage/previousDateSelector2' is clicked on

2018-06-06 19:24:29 - [TEST_STEP][PASSED] - Statement - monthText = com.kms.katalon.core.webui.keyword.WebUiBuiltInKeywords.getText(com.kms.katalon.core.testobject.ObjectRepository.findTestObject(ReportsPage/monthText2)): Text of object 'Object Repository/ReportsPage/monthText2' is: 'April 2018'

2018-06-06 19:24:29 - [MESSAGE][PASSED] - Text of object 'Object Repository/ReportsPage/monthText2' is: 'April 2018'

2018-06-06 19:24:29 - [TEST_STEP][PASSED] - Statement - monthTextArray = monthText.split(" "): null

2018-06-06 19:24:29 - [TEST_STEP][PASSED] - Statement - month = monthTextArray[0]: null

2018-06-06 19:24:29 - [TEST_STEP][PASSED] - click: Object: 'Object Repository/ReportsPage/previousDateSelector2' is clicked on

2018-06-06 19:24:29 - [MESSAGE][PASSED] - Object: 'Object Repository/ReportsPage/previousDateSelector2' is clicked on

2018-06-06 19:24:29 - [TEST_STEP][PASSED] - Statement - monthText = com.kms.katalon.core.webui.keyword.WebUiBuiltInKeywords.getText(com.kms.katalon.core.testobject.ObjectRepository.findTestObject(ReportsPage/monthText2)): Text of object 'Object Repository/ReportsPage/monthText2' is: 'March 2018'

2018-06-06 19:24:29 - [MESSAGE][PASSED] - Text of object 'Object Repository/ReportsPage/monthText2' is: 'March 2018'

2018-06-06 19:24:29 - [TEST_STEP][PASSED] - Statement - monthTextArray = monthText.split(" "): null

2018-06-06 19:24:29 - [TEST_STEP][PASSED] - Statement - month = monthTextArray[0]: null

2018-06-06 19:24:29 - [TEST_STEP][PASSED] - Statement - endDate = CustomKeywords.projectSpecific.Reusability.getTestData("ReportsPage", "EndDate_March"): projectSpecific.Reusability.getTestData is PASSED

2018-06-06 19:24:29 - [MESSAGE][PASSED] - projectSpecific.Reusability.getTestData is PASSED

2018-06-06 19:24:29 - [TEST_STEP][PASSED] - Statement - toDate = "(//td[text()='" + endDate + "'])[2]": null

2018-06-06 19:24:29 - [TEST_STEP][PASSED] - Statement - println(toDate): null

2018-06-06 19:24:29 - [TEST_STEP][PASSED] - Statement - toDateEle = driver.findElement(org.openqa.selenium.By.xpath(toDate)): null

2018-06-06 19:24:29 - [TEST_STEP][PASSED] - Statement - toDateEle.click(): null

2018-06-06 19:24:29 - [TEST_STEP][PASSED] - delay: Delayed 5 second(s)

2018-06-06 19:24:34 - [MESSAGE][PASSED] - Delayed 5 second(s)

2018-06-06 19:24:34 - [TEST_STEP][PASSED] - Statement - dateAttr = com.kms.katalon.core.webui.keyword.WebUiBuiltInKeywords.getAttribute(com.kms.katalon.core.testobject.ObjectRepository.findTestObject(ReportsPage/selectedDate1), "value"): Attribute 'value' of object 'Object Repository/ReportsPage/selectedDate1' is: '03/09/2018'

2018-06-06 19:24:34 - [MESSAGE][PASSED] - Attribute 'value' of object 'Object Repository/ReportsPage/selectedDate1' is: '03/09/2018'

2018-06-06 19:24:34 - [TEST_STEP][PASSED] - Statement - fromDateValue = CustomKeywords.projectSpecific.Reusability.getTestData("ReportsPage", "fromDate_March"): projectSpecific.Reusability.getTestData is PASSED

2018-06-06 19:24:34 - [MESSAGE][PASSED] - projectSpecific.Reusability.getTestData is PASSED

2018-06-06 19:24:34 - [TEST_STEP][PASSED] - Statement - If (!(dateAttr.equals(fromDateValue))): null

2018-06-06 19:24:34 - [TEST_STEP][PASSED] - Statement - dateAttr = com.kms.katalon.core.webui.keyword.WebUiBuiltInKeywords.getAttribute(com.kms.katalon.core.testobject.ObjectRepository.findTestObject(ReportsPage/selectedDate2), "value"): Attribute 'value' of object 'Object Repository/ReportsPage/selectedDate2' is: '03/10/2018'

2018-06-06 19:24:34 - [MESSAGE][PASSED] - Attribute 'value' of object 'Object Repository/ReportsPage/selectedDate2' is: '03/10/2018'

2018-06-06 19:24:34 - [TEST_STEP][PASSED] - Statement - toDateValue = CustomKeywords.projectSpecific.Reusability.getTestData("ReportsPage", "toDate_March"): projectSpecific.Reusability.getTestData is PASSED

2018-06-06 19:24:34 - [MESSAGE][PASSED] - projectSpecific.Reusability.getTestData is PASSED

2018-06-06 19:24:34 - [TEST_STEP][PASSED] - Statement - If (!(dateAttr.equals(toDateValue))): null

2018-06-06 19:24:34 - [TEST_STEP][PASSED] - click: Object: 'Object Repository/ReportsPage/generateReport' is clicked on

2018-06-06 19:24:34 - [MESSAGE][PASSED] - Object: 'Object Repository/ReportsPage/generateReport' is clicked on

2018-06-06 19:24:34 - [TEST_STEP][PASSED] - delay: Delayed 15 second(s)

2018-06-06 19:24:49 - [MESSAGE][PASSED] - Delayed 15 second(s)

2018-06-06 19:24:49 - [TEST_STEP][PASSED] - Statement - printTime = CustomKeywords.uiaction.CommonUIActions.getText(com.kms.katalon.core.testobject.ObjectRepository.findTestObject(SummarizedReportPage/printTime)): uiaction.CommonUIActions.getText is PASSED

2018-06-06 19:24:49 - [MESSAGE][PASSED] - uiaction.CommonUIActions.getText is PASSED

2018-06-06 19:24:49 - [TEST_STEP][PASSED] - Statement - cal = java.util.Calendar.getInstance(): null

2018-06-06 19:24:49 - [TEST_STEP][PASSED] - Statement - sdf = new java.text.SimpleDateFormat(hh:mm a): null

2018-06-06 19:24:49 - [TEST_STEP][PASSED] - Statement - currentSystemTime = sdf.format(cal.getTime()): null

2018-06-06 19:24:49 - [TEST_STEP][PASSED] - Statement - out.println(currentSystemTime): null

2018-06-06 19:24:49 - [TEST_STEP][PASSED] - Statement - If (currentSystemTime.contains(printTime)): null

2018-06-06 19:24:49 - [TEST_STEP][PASSED] - Statement - out.println("Print Time is displayed the current local time "): null

2018-06-06 19:24:49 - [TEST_STEP][PASSED] - delay: Delayed 5 second(s)

2018-06-06 19:24:54 - [MESSAGE][PASSED] - Delayed 5 second(s)

2018-06-06 19:24:54 - [TEST_STEP][PASSED] - uiaction.CommonUIActions.click: uiaction.CommonUIActions.click is PASSED

2018-06-06 19:25:00 - [MESSAGE][PASSED] - uiaction.CommonUIActions.click is PASSED

2018-06-06 19:25:00 - [TEST_STEP][PASSED] - Statement - assert TCflag == true: null

2018-06-06 19:25:00 - [TEST_STEP][PASSED] - Start listener action : sampleAfterTestCase: Browser is closed

2018-06-06 19:25:00 - [TEST_STEP][PASSED] - Statement - println(testCaseContext.getTestCaseId()): null

2018-06-06 19:25:00 - [TEST_STEP][PASSED] - Statement - println(testCaseContext.getTestCaseStatus()): null

2018-06-06 19:25:00 - [TEST_STEP][PASSED] - closeBrowser: Browser is closed

2018-06-06 19:25:00 - [MESSAGE][PASSED] - Browser is closed]]></system-out>
         <system-err><![CDATA[]]></system-err>
      </testcase>
      <testcase name="Test Cases/TimeZoneTC/HME-Browser-Timezone-02" classname="Test Cases/TimeZoneTC/HME-Browser-Timezone-02" status="PASSED">
         <system-out><![CDATA[2018-06-06 19:25:00 - [TEST_CASE][PASSED] - Test Cases/TimeZoneTC/HME-Browser-Timezone-02: Browser is closed

2018-06-06 19:25:00 - [TEST_STEP][PASSED] - Start listener action : sampleBeforeTestCase: uiaction.CommonUIActions.deleteAllCookies is PASSED

2018-06-06 19:25:00 - [TEST_STEP][PASSED] - openBrowser: Browser is opened with url: ''

2018-06-06 19:25:03 - [MESSAGE][PASSED] - Browser is opened with url: ''

2018-06-06 19:25:03 - [TEST_STEP][PASSED] - maximizeWindow: Current window maximized

2018-06-06 19:25:04 - [MESSAGE][PASSED] - Current window maximized

2018-06-06 19:25:04 - [TEST_STEP][PASSED] - uiaction.CommonUIActions.deleteAllCookies: uiaction.CommonUIActions.deleteAllCookies is PASSED

2018-06-06 19:25:04 - [MESSAGE][PASSED] - Delete all cookies successfully

2018-06-06 19:25:04 - [MESSAGE][PASSED] - uiaction.CommonUIActions.deleteAllCookies is PASSED

2018-06-06 19:25:04 - [TEST_STEP][PASSED] - Statement - TCflag = true: null

2018-06-06 19:25:04 - [TEST_STEP][PASSED] - Statement - Try: uiaction.CommonUIActions.click is PASSED

2018-06-06 19:25:04 - [TEST_STEP][PASSED] - navigateToUrl: Navigate to 'https://uat.hmedtcloud.com' successfully

2018-06-06 19:25:25 - [MESSAGE][PASSED] - Navigate to 'https://uat.hmedtcloud.com' successfully

2018-06-06 19:25:25 - [TEST_STEP][PASSED] - projectSpecific.Reusability.login: projectSpecific.Reusability.login is PASSED

2018-06-06 19:25:25 - [MESSAGE][PASSED] - projectSpecific.Reusability.getTestData is PASSED

2018-06-06 19:25:26 - [MESSAGE][PASSED] - projectSpecific.Reusability.getTestData is PASSED

2018-06-06 19:25:33 - [MESSAGE][PASSED] - Text 'swtest01@hme.com' is set on object 'Object Repository/LoginPage/Username'

2018-06-06 19:25:33 - [MESSAGE][PASSED] - Text 'SWTest01' is set on object 'Object Repository/LoginPage/Password'

2018-06-06 19:25:38 - [MESSAGE][PASSED] - Object: 'Object Repository/LoginPage/Login' is clicked on

2018-06-06 19:25:38 - [MESSAGE][PASSED] - projectSpecific.Reusability.login is PASSED

2018-06-06 19:25:38 - [TEST_STEP][PASSED] - delay: Delayed 10 second(s)

2018-06-06 19:25:48 - [MESSAGE][PASSED] - Delayed 10 second(s)

2018-06-06 19:25:48 - [TEST_STEP][PASSED] - Statement - welcomeMsg = CustomKeywords.uiaction.CommonUIActions.getText(com.kms.katalon.core.testobject.ObjectRepository.findTestObject(HomePage/welcomeMessage)): uiaction.CommonUIActions.getText is PASSED

2018-06-06 19:25:48 - [MESSAGE][PASSED] - uiaction.CommonUIActions.getText is PASSED

2018-06-06 19:25:48 - [TEST_STEP][PASSED] - Statement - expactedWelcomeMsg = CustomKeywords.projectSpecific.Reusability.getTestData("HomePage", "welcomeMsg"): projectSpecific.Reusability.getTestData is PASSED

2018-06-06 19:25:48 - [MESSAGE][PASSED] - projectSpecific.Reusability.getTestData is PASSED

2018-06-06 19:25:48 - [TEST_STEP][PASSED] - Statement - If (welcomeMsg.contains(expactedWelcomeMsg)): null

2018-06-06 19:25:48 - [TEST_STEP][PASSED] - Statement - out.println("Welcome message is verified"): null

2018-06-06 19:25:48 - [TEST_STEP][PASSED] - uiaction.CommonUIActions.click: uiaction.CommonUIActions.click is PASSED

2018-06-06 19:25:50 - [MESSAGE][PASSED] - uiaction.CommonUIActions.click is PASSED

2018-06-06 19:25:50 - [TEST_STEP][PASSED] - Statement - storenumber = CustomKeywords.uiaction.CommonUIActions.getText(com.kms.katalon.core.testobject.ObjectRepository.findTestObject(StorePage/storepage_storenumber)): uiaction.CommonUIActions.getText is PASSED

2018-06-06 19:25:50 - [MESSAGE][PASSED] - uiaction.CommonUIActions.getText is PASSED

2018-06-06 19:25:50 - [TEST_STEP][PASSED] - Statement - out.println(" the store number is--" + storenumber.trim()): null

2018-06-06 19:25:50 - [TEST_STEP][PASSED] - uiaction.CommonUIActions.click: uiaction.CommonUIActions.click is PASSED

2018-06-06 19:25:53 - [MESSAGE][PASSED] - uiaction.CommonUIActions.click is PASSED

2018-06-06 19:25:53 - [TEST_STEP][PASSED] - delay: Delayed 15 second(s)

2018-06-06 19:26:08 - [MESSAGE][PASSED] - Delayed 15 second(s)

2018-06-06 19:26:08 - [TEST_STEP][PASSED] - Statement - driver = com.kms.katalon.core.webui.driver.DriverFactory.getWebDriver(): null

2018-06-06 19:26:08 - [TEST_STEP][PASSED] - Statement - driver.findElement(org.openqa.selenium.By.xpath("//span[contains(text(),'" + storenumber.trim() + "')]")).click(): null

2018-06-06 19:26:08 - [TEST_STEP][PASSED] - click: Object: 'Object Repository/ReportsPage/timeSelection' is clicked on

2018-06-06 19:26:09 - [MESSAGE][PASSED] - Object: 'Object Repository/ReportsPage/timeSelection' is clicked on

2018-06-06 19:26:09 - [TEST_STEP][PASSED] - click: Object: 'Object Repository/ReportsPage/daypartTimeOption' is clicked on

2018-06-06 19:26:09 - [MESSAGE][PASSED] - Object: 'Object Repository/ReportsPage/daypartTimeOption' is clicked on

2018-06-06 19:26:09 - [TEST_STEP][PASSED] - click: Object: 'Object Repository/ReportsPage/summaryReportHeading' is clicked on

2018-06-06 19:26:09 - [MESSAGE][PASSED] - Object: 'Object Repository/ReportsPage/summaryReportHeading' is clicked on

2018-06-06 19:26:09 - [TEST_STEP][PASSED] - verifyElementText: Actual text and expected text of test object 'Object Repository/ReportsPage/daypartTimeOption' are matched.

2018-06-06 19:26:09 - [MESSAGE][PASSED] - projectSpecific.Reusability.getTestData is PASSED

2018-06-06 19:26:09 - [MESSAGE][PASSED] - Actual text and expected text of test object 'Object Repository/ReportsPage/daypartTimeOption' are matched.

2018-06-06 19:26:09 - [TEST_STEP][PASSED] - verifyElementText: Actual text and expected text of test object 'Object Repository/ReportsPage/criteriaTimeMeasureFordaypart' are matched.

2018-06-06 19:26:09 - [MESSAGE][PASSED] - projectSpecific.Reusability.getTestData is PASSED

2018-06-06 19:26:09 - [MESSAGE][PASSED] - Actual text and expected text of test object 'Object Repository/ReportsPage/criteriaTimeMeasureFordaypart' are matched.

2018-06-06 19:26:09 - [TEST_STEP][PASSED] - delay: Delayed 5 second(s)

2018-06-06 19:26:14 - [MESSAGE][PASSED] - Delayed 5 second(s)

2018-06-06 19:26:14 - [TEST_STEP][PASSED] - click: Object: 'Object Repository/ReportsPage/fromDateSelector' is clicked on

2018-06-06 19:26:14 - [MESSAGE][PASSED] - Object: 'Object Repository/ReportsPage/fromDateSelector' is clicked on

2018-06-06 19:26:14 - [TEST_STEP][PASSED] - delay: Delayed 5 second(s)

2018-06-06 19:26:19 - [MESSAGE][PASSED] - Delayed 5 second(s)

2018-06-06 19:26:19 - [TEST_STEP][PASSED] - Statement - monthText = com.kms.katalon.core.webui.keyword.WebUiBuiltInKeywords.getText(com.kms.katalon.core.testobject.ObjectRepository.findTestObject(ReportsPage/monthText)): Text of object 'Object Repository/ReportsPage/monthText' is: 'June 2018'

2018-06-06 19:26:19 - [MESSAGE][PASSED] - Text of object 'Object Repository/ReportsPage/monthText' is: 'June 2018'

2018-06-06 19:26:19 - [TEST_STEP][PASSED] - Statement - monthTextArray = monthText.split(" "): null

2018-06-06 19:26:19 - [TEST_STEP][PASSED] - Statement - month = monthTextArray[0]: null

2018-06-06 19:26:19 - [TEST_STEP][PASSED] - Statement - monthTextValue = CustomKeywords.projectSpecific.Reusability.getTestData("ReportsPage", "Month"): projectSpecific.Reusability.getTestData is PASSED

2018-06-06 19:26:19 - [MESSAGE][PASSED] - projectSpecific.Reusability.getTestData is PASSED

2018-06-06 19:26:19 - [TEST_STEP][PASSED] - Statement - If (!(monthTextValue.equals(month))): null

2018-06-06 19:26:19 - [TEST_STEP][PASSED] - Statement - While (!(monthTextValue.equals(month))): null

2018-06-06 19:26:19 - [TEST_STEP][PASSED] - click: Object: 'Object Repository/ReportsPage/previousDateSelector' is clicked on

2018-06-06 19:26:19 - [MESSAGE][PASSED] - Object: 'Object Repository/ReportsPage/previousDateSelector' is clicked on

2018-06-06 19:26:19 - [TEST_STEP][PASSED] - Statement - monthText = com.kms.katalon.core.webui.keyword.WebUiBuiltInKeywords.getText(com.kms.katalon.core.testobject.ObjectRepository.findTestObject(ReportsPage/monthText)): Text of object 'Object Repository/ReportsPage/monthText' is: 'May 2018'

2018-06-06 19:26:19 - [MESSAGE][PASSED] - Text of object 'Object Repository/ReportsPage/monthText' is: 'May 2018'

2018-06-06 19:26:19 - [TEST_STEP][PASSED] - Statement - monthTextArray = monthText.split(" "): null

2018-06-06 19:26:19 - [TEST_STEP][PASSED] - Statement - month = monthTextArray[0]: null

2018-06-06 19:26:19 - [TEST_STEP][PASSED] - click: Object: 'Object Repository/ReportsPage/previousDateSelector' is clicked on

2018-06-06 19:26:19 - [MESSAGE][PASSED] - Object: 'Object Repository/ReportsPage/previousDateSelector' is clicked on

2018-06-06 19:26:19 - [TEST_STEP][PASSED] - Statement - monthText = com.kms.katalon.core.webui.keyword.WebUiBuiltInKeywords.getText(com.kms.katalon.core.testobject.ObjectRepository.findTestObject(ReportsPage/monthText)): Text of object 'Object Repository/ReportsPage/monthText' is: 'April 2018'

2018-06-06 19:26:19 - [MESSAGE][PASSED] - Text of object 'Object Repository/ReportsPage/monthText' is: 'April 2018'

2018-06-06 19:26:19 - [TEST_STEP][PASSED] - Statement - monthTextArray = monthText.split(" "): null

2018-06-06 19:26:19 - [TEST_STEP][PASSED] - Statement - month = monthTextArray[0]: null

2018-06-06 19:26:19 - [TEST_STEP][PASSED] - click: Object: 'Object Repository/ReportsPage/previousDateSelector' is clicked on

2018-06-06 19:26:19 - [MESSAGE][PASSED] - Object: 'Object Repository/ReportsPage/previousDateSelector' is clicked on

2018-06-06 19:26:19 - [TEST_STEP][PASSED] - Statement - monthText = com.kms.katalon.core.webui.keyword.WebUiBuiltInKeywords.getText(com.kms.katalon.core.testobject.ObjectRepository.findTestObject(ReportsPage/monthText)): Text of object 'Object Repository/ReportsPage/monthText' is: 'March 2018'

2018-06-06 19:26:19 - [MESSAGE][PASSED] - Text of object 'Object Repository/ReportsPage/monthText' is: 'March 2018'

2018-06-06 19:26:19 - [TEST_STEP][PASSED] - Statement - monthTextArray = monthText.split(" "): null

2018-06-06 19:26:19 - [TEST_STEP][PASSED] - Statement - month = monthTextArray[0]: null

2018-06-06 19:26:19 - [TEST_STEP][PASSED] - Statement - data = CustomKeywords.projectSpecific.Reusability.getTestData("ReportsPage", "StartDate_March1"): projectSpecific.Reusability.getTestData is PASSED

2018-06-06 19:26:19 - [MESSAGE][PASSED] - projectSpecific.Reusability.getTestData is PASSED

2018-06-06 19:26:19 - [TEST_STEP][PASSED] - Statement - startDate = "(//td[text()='" + data + "'])[1]": null

2018-06-06 19:26:19 - [TEST_STEP][PASSED] - Statement - println(startDate): null

2018-06-06 19:26:19 - [TEST_STEP][PASSED] - Statement - startdateEle = driver.findElement(org.openqa.selenium.By.xpath(startDate)): null

2018-06-06 19:26:19 - [TEST_STEP][PASSED] - Statement - startdateEle.click(): null

2018-06-06 19:26:19 - [TEST_STEP][PASSED] - delay: Delayed 5 second(s)

2018-06-06 19:26:24 - [MESSAGE][PASSED] - Delayed 5 second(s)

2018-06-06 19:26:24 - [TEST_STEP][PASSED] - click: Object: 'Object Repository/ReportsPage/toDateSelector' is clicked on

2018-06-06 19:26:24 - [MESSAGE][PASSED] - Object: 'Object Repository/ReportsPage/toDateSelector' is clicked on

2018-06-06 19:26:24 - [TEST_STEP][PASSED] - Statement - monthText = com.kms.katalon.core.webui.keyword.WebUiBuiltInKeywords.getText(com.kms.katalon.core.testobject.ObjectRepository.findTestObject(ReportsPage/monthText2)): Text of object 'Object Repository/ReportsPage/monthText2' is: 'June 2018'

2018-06-06 19:26:24 - [MESSAGE][PASSED] - Text of object 'Object Repository/ReportsPage/monthText2' is: 'June 2018'

2018-06-06 19:26:24 - [TEST_STEP][PASSED] - Statement - monthTextArray = monthText.split(" "): null

2018-06-06 19:26:24 - [TEST_STEP][PASSED] - Statement - month = monthTextArray[0]: null

2018-06-06 19:26:24 - [TEST_STEP][PASSED] - Statement - monthTextValue1 = CustomKeywords.projectSpecific.Reusability.getTestData("ReportsPage", "Month"): projectSpecific.Reusability.getTestData is PASSED

2018-06-06 19:26:24 - [MESSAGE][PASSED] - projectSpecific.Reusability.getTestData is PASSED

2018-06-06 19:26:24 - [TEST_STEP][PASSED] - Statement - If (!(monthTextValue1.equals(month))): null

2018-06-06 19:26:24 - [TEST_STEP][PASSED] - Statement - While (!(monthTextValue1.equals(month))): null

2018-06-06 19:26:24 - [TEST_STEP][PASSED] - click: Object: 'Object Repository/ReportsPage/previousDateSelector2' is clicked on

2018-06-06 19:26:24 - [MESSAGE][PASSED] - Object: 'Object Repository/ReportsPage/previousDateSelector2' is clicked on

2018-06-06 19:26:24 - [TEST_STEP][PASSED] - Statement - monthText = com.kms.katalon.core.webui.keyword.WebUiBuiltInKeywords.getText(com.kms.katalon.core.testobject.ObjectRepository.findTestObject(ReportsPage/monthText2)): Text of object 'Object Repository/ReportsPage/monthText2' is: 'May 2018'

2018-06-06 19:26:24 - [MESSAGE][PASSED] - Text of object 'Object Repository/ReportsPage/monthText2' is: 'May 2018'

2018-06-06 19:26:24 - [TEST_STEP][PASSED] - Statement - monthTextArray = monthText.split(" "): null

2018-06-06 19:26:24 - [TEST_STEP][PASSED] - Statement - month = monthTextArray[0]: null

2018-06-06 19:26:24 - [TEST_STEP][PASSED] - click: Object: 'Object Repository/ReportsPage/previousDateSelector2' is clicked on

2018-06-06 19:26:25 - [MESSAGE][PASSED] - Object: 'Object Repository/ReportsPage/previousDateSelector2' is clicked on

2018-06-06 19:26:25 - [TEST_STEP][PASSED] - Statement - monthText = com.kms.katalon.core.webui.keyword.WebUiBuiltInKeywords.getText(com.kms.katalon.core.testobject.ObjectRepository.findTestObject(ReportsPage/monthText2)): Text of object 'Object Repository/ReportsPage/monthText2' is: 'April 2018'

2018-06-06 19:26:25 - [MESSAGE][PASSED] - Text of object 'Object Repository/ReportsPage/monthText2' is: 'April 2018'

2018-06-06 19:26:25 - [TEST_STEP][PASSED] - Statement - monthTextArray = monthText.split(" "): null

2018-06-06 19:26:25 - [TEST_STEP][PASSED] - Statement - month = monthTextArray[0]: null

2018-06-06 19:26:25 - [TEST_STEP][PASSED] - click: Object: 'Object Repository/ReportsPage/previousDateSelector2' is clicked on

2018-06-06 19:26:25 - [MESSAGE][PASSED] - Object: 'Object Repository/ReportsPage/previousDateSelector2' is clicked on

2018-06-06 19:26:25 - [TEST_STEP][PASSED] - Statement - monthText = com.kms.katalon.core.webui.keyword.WebUiBuiltInKeywords.getText(com.kms.katalon.core.testobject.ObjectRepository.findTestObject(ReportsPage/monthText2)): Text of object 'Object Repository/ReportsPage/monthText2' is: 'March 2018'

2018-06-06 19:26:25 - [MESSAGE][PASSED] - Text of object 'Object Repository/ReportsPage/monthText2' is: 'March 2018'

2018-06-06 19:26:25 - [TEST_STEP][PASSED] - Statement - monthTextArray = monthText.split(" "): null

2018-06-06 19:26:25 - [TEST_STEP][PASSED] - Statement - month = monthTextArray[0]: null

2018-06-06 19:26:25 - [TEST_STEP][PASSED] - Statement - endDate = CustomKeywords.projectSpecific.Reusability.getTestData("ReportsPage", "EndDate_March1"): projectSpecific.Reusability.getTestData is PASSED

2018-06-06 19:26:25 - [MESSAGE][PASSED] - projectSpecific.Reusability.getTestData is PASSED

2018-06-06 19:26:25 - [TEST_STEP][PASSED] - Statement - toDate = "(//td[text()='" + endDate + "'])[2]": null

2018-06-06 19:26:25 - [TEST_STEP][PASSED] - Statement - println(toDate): null

2018-06-06 19:26:25 - [TEST_STEP][PASSED] - Statement - toDateEle = driver.findElement(org.openqa.selenium.By.xpath(toDate)): null

2018-06-06 19:26:25 - [TEST_STEP][PASSED] - Statement - toDateEle.click(): null

2018-06-06 19:26:25 - [TEST_STEP][PASSED] - delay: Delayed 5 second(s)

2018-06-06 19:26:30 - [MESSAGE][PASSED] - Delayed 5 second(s)

2018-06-06 19:26:30 - [TEST_STEP][PASSED] - Statement - dateAttr = com.kms.katalon.core.webui.keyword.WebUiBuiltInKeywords.getAttribute(com.kms.katalon.core.testobject.ObjectRepository.findTestObject(ReportsPage/selectedDate1), "value"): Attribute 'value' of object 'Object Repository/ReportsPage/selectedDate1' is: '03/12/2018'

2018-06-06 19:26:30 - [MESSAGE][PASSED] - Attribute 'value' of object 'Object Repository/ReportsPage/selectedDate1' is: '03/12/2018'

2018-06-06 19:26:30 - [TEST_STEP][PASSED] - Statement - fromDateValue = CustomKeywords.projectSpecific.Reusability.getTestData("ReportsPage", "fromDate_March1"): projectSpecific.Reusability.getTestData is PASSED

2018-06-06 19:26:30 - [MESSAGE][PASSED] - projectSpecific.Reusability.getTestData is PASSED

2018-06-06 19:26:30 - [TEST_STEP][PASSED] - Statement - If (!(dateAttr.equals(fromDateValue))): null

2018-06-06 19:26:30 - [TEST_STEP][PASSED] - Statement - dateAttr = com.kms.katalon.core.webui.keyword.WebUiBuiltInKeywords.getAttribute(com.kms.katalon.core.testobject.ObjectRepository.findTestObject(ReportsPage/selectedDate2), "value"): Attribute 'value' of object 'Object Repository/ReportsPage/selectedDate2' is: '03/13/2018'

2018-06-06 19:26:30 - [MESSAGE][PASSED] - Attribute 'value' of object 'Object Repository/ReportsPage/selectedDate2' is: '03/13/2018'

2018-06-06 19:26:30 - [TEST_STEP][PASSED] - Statement - toDateValue = CustomKeywords.projectSpecific.Reusability.getTestData("ReportsPage", "toDate_March1"): projectSpecific.Reusability.getTestData is PASSED

2018-06-06 19:26:30 - [MESSAGE][PASSED] - projectSpecific.Reusability.getTestData is PASSED

2018-06-06 19:26:30 - [TEST_STEP][PASSED] - Statement - If (!(dateAttr.equals(toDateValue))): null

2018-06-06 19:26:30 - [TEST_STEP][PASSED] - click: Object: 'Object Repository/ReportsPage/generateReport' is clicked on

2018-06-06 19:26:30 - [MESSAGE][PASSED] - Object: 'Object Repository/ReportsPage/generateReport' is clicked on

2018-06-06 19:26:30 - [TEST_STEP][PASSED] - delay: Delayed 15 second(s)

2018-06-06 19:26:45 - [MESSAGE][PASSED] - Delayed 15 second(s)

2018-06-06 19:26:45 - [TEST_STEP][PASSED] - Statement - printTime = CustomKeywords.uiaction.CommonUIActions.getText(com.kms.katalon.core.testobject.ObjectRepository.findTestObject(SummarizedReportPage/printTime)): uiaction.CommonUIActions.getText is PASSED

2018-06-06 19:26:45 - [MESSAGE][PASSED] - uiaction.CommonUIActions.getText is PASSED

2018-06-06 19:26:45 - [TEST_STEP][PASSED] - Statement - cal = java.util.Calendar.getInstance(): null

2018-06-06 19:26:45 - [TEST_STEP][PASSED] - Statement - sdf = new java.text.SimpleDateFormat(hh:mm a): null

2018-06-06 19:26:45 - [TEST_STEP][PASSED] - Statement - currentSystemTime = sdf.format(cal.getTime()): null

2018-06-06 19:26:45 - [TEST_STEP][PASSED] - Statement - out.println(currentSystemTime): null

2018-06-06 19:26:45 - [TEST_STEP][PASSED] - Statement - If (currentSystemTime.contains(printTime)): null

2018-06-06 19:26:45 - [TEST_STEP][PASSED] - Statement - out.println("Print Time is displayed the current local time "): null

2018-06-06 19:26:45 - [TEST_STEP][PASSED] - delay: Delayed 5 second(s)

2018-06-06 19:26:50 - [MESSAGE][PASSED] - Delayed 5 second(s)

2018-06-06 19:26:50 - [TEST_STEP][PASSED] - uiaction.CommonUIActions.click: uiaction.CommonUIActions.click is PASSED

2018-06-06 19:26:52 - [MESSAGE][PASSED] - uiaction.CommonUIActions.click is PASSED

2018-06-06 19:26:52 - [TEST_STEP][PASSED] - Statement - assert TCflag == true: null

2018-06-06 19:26:52 - [TEST_STEP][PASSED] - Start listener action : sampleAfterTestCase: Browser is closed

2018-06-06 19:26:52 - [TEST_STEP][PASSED] - Statement - println(testCaseContext.getTestCaseId()): null

2018-06-06 19:26:52 - [TEST_STEP][PASSED] - Statement - println(testCaseContext.getTestCaseStatus()): null

2018-06-06 19:26:52 - [TEST_STEP][PASSED] - closeBrowser: Browser is closed

2018-06-06 19:26:53 - [MESSAGE][PASSED] - Browser is closed]]></system-out>
         <system-err><![CDATA[]]></system-err>
      </testcase>
      <testcase name="Test Cases/TimeZoneTC/HME-Browser-Timezone-03" classname="Test Cases/TimeZoneTC/HME-Browser-Timezone-03" status="PASSED">
         <system-out><![CDATA[2018-06-06 19:26:53 - [TEST_CASE][PASSED] - Test Cases/TimeZoneTC/HME-Browser-Timezone-03: Browser is closed

2018-06-06 19:26:53 - [TEST_STEP][PASSED] - Start listener action : sampleBeforeTestCase: uiaction.CommonUIActions.deleteAllCookies is PASSED

2018-06-06 19:26:53 - [TEST_STEP][PASSED] - openBrowser: Browser is opened with url: ''

2018-06-06 19:26:55 - [MESSAGE][PASSED] - Browser is opened with url: ''

2018-06-06 19:26:55 - [TEST_STEP][PASSED] - maximizeWindow: Current window maximized

2018-06-06 19:26:56 - [MESSAGE][PASSED] - Current window maximized

2018-06-06 19:26:56 - [TEST_STEP][PASSED] - uiaction.CommonUIActions.deleteAllCookies: uiaction.CommonUIActions.deleteAllCookies is PASSED

2018-06-06 19:26:56 - [MESSAGE][PASSED] - Delete all cookies successfully

2018-06-06 19:26:56 - [MESSAGE][PASSED] - uiaction.CommonUIActions.deleteAllCookies is PASSED

2018-06-06 19:26:56 - [TEST_STEP][PASSED] - Statement - TCflag = true: null

2018-06-06 19:26:56 - [TEST_STEP][PASSED] - Statement - Try: uiaction.CommonUIActions.click is PASSED

2018-06-06 19:26:56 - [TEST_STEP][PASSED] - navigateToUrl: Navigate to 'https://uat.hmedtcloud.com' successfully

2018-06-06 19:26:59 - [MESSAGE][PASSED] - Navigate to 'https://uat.hmedtcloud.com' successfully

2018-06-06 19:26:59 - [TEST_STEP][PASSED] - projectSpecific.Reusability.login: projectSpecific.Reusability.login is PASSED

2018-06-06 19:26:59 - [MESSAGE][PASSED] - projectSpecific.Reusability.getTestData is PASSED

2018-06-06 19:26:59 - [MESSAGE][PASSED] - projectSpecific.Reusability.getTestData is PASSED

2018-06-06 19:26:59 - [MESSAGE][PASSED] - Text 'swtest01@hme.com' is set on object 'Object Repository/LoginPage/Username'

2018-06-06 19:27:00 - [MESSAGE][PASSED] - Text 'SWTest01' is set on object 'Object Repository/LoginPage/Password'

2018-06-06 19:27:06 - [MESSAGE][PASSED] - Object: 'Object Repository/LoginPage/Login' is clicked on

2018-06-06 19:27:06 - [MESSAGE][PASSED] - projectSpecific.Reusability.login is PASSED

2018-06-06 19:27:06 - [TEST_STEP][PASSED] - delay: Delayed 10 second(s)

2018-06-06 19:27:16 - [MESSAGE][PASSED] - Delayed 10 second(s)

2018-06-06 19:27:16 - [TEST_STEP][PASSED] - Statement - welcomeMsg = CustomKeywords.uiaction.CommonUIActions.getText(com.kms.katalon.core.testobject.ObjectRepository.findTestObject(HomePage/welcomeMessage)): uiaction.CommonUIActions.getText is PASSED

2018-06-06 19:27:17 - [MESSAGE][PASSED] - uiaction.CommonUIActions.getText is PASSED

2018-06-06 19:27:17 - [TEST_STEP][PASSED] - Statement - expactedWelcomeMsg = CustomKeywords.projectSpecific.Reusability.getTestData("HomePage", "welcomeMsg"): projectSpecific.Reusability.getTestData is PASSED

2018-06-06 19:27:17 - [MESSAGE][PASSED] - projectSpecific.Reusability.getTestData is PASSED

2018-06-06 19:27:17 - [TEST_STEP][PASSED] - Statement - If (welcomeMsg.contains(expactedWelcomeMsg)): null

2018-06-06 19:27:17 - [TEST_STEP][PASSED] - Statement - out.println("Welcome message is verified"): null

2018-06-06 19:27:17 - [TEST_STEP][PASSED] - uiaction.CommonUIActions.click: uiaction.CommonUIActions.click is PASSED

2018-06-06 19:27:18 - [MESSAGE][PASSED] - uiaction.CommonUIActions.click is PASSED

2018-06-06 19:27:18 - [TEST_STEP][PASSED] - Statement - storenumber = CustomKeywords.uiaction.CommonUIActions.getText(com.kms.katalon.core.testobject.ObjectRepository.findTestObject(StorePage/storepage_storenumber)): uiaction.CommonUIActions.getText is PASSED

2018-06-06 19:27:18 - [MESSAGE][PASSED] - uiaction.CommonUIActions.getText is PASSED

2018-06-06 19:27:18 - [TEST_STEP][PASSED] - Statement - out.println(" the store number is--" + storenumber.trim()): null

2018-06-06 19:27:18 - [TEST_STEP][PASSED] - uiaction.CommonUIActions.click: uiaction.CommonUIActions.click is PASSED

2018-06-06 19:27:22 - [MESSAGE][PASSED] - uiaction.CommonUIActions.click is PASSED

2018-06-06 19:27:22 - [TEST_STEP][PASSED] - delay: Delayed 15 second(s)

2018-06-06 19:27:37 - [MESSAGE][PASSED] - Delayed 15 second(s)

2018-06-06 19:27:37 - [TEST_STEP][PASSED] - Statement - driver = com.kms.katalon.core.webui.driver.DriverFactory.getWebDriver(): null

2018-06-06 19:27:37 - [TEST_STEP][PASSED] - Statement - driver.findElement(org.openqa.selenium.By.xpath("//span[contains(text(),'" + storenumber.trim() + "')]")).click(): null

2018-06-06 19:27:37 - [TEST_STEP][PASSED] - click: Object: 'Object Repository/ReportsPage/timeSelection' is clicked on

2018-06-06 19:27:38 - [MESSAGE][PASSED] - Object: 'Object Repository/ReportsPage/timeSelection' is clicked on

2018-06-06 19:27:38 - [TEST_STEP][PASSED] - click: Object: 'Object Repository/ReportsPage/weekTimeOption' is clicked on

2018-06-06 19:27:38 - [MESSAGE][PASSED] - Object: 'Object Repository/ReportsPage/weekTimeOption' is clicked on

2018-06-06 19:27:38 - [TEST_STEP][PASSED] - click: Object: 'Object Repository/ReportsPage/summaryReportHeading' is clicked on

2018-06-06 19:27:38 - [MESSAGE][PASSED] - Object: 'Object Repository/ReportsPage/summaryReportHeading' is clicked on

2018-06-06 19:27:38 - [TEST_STEP][PASSED] - verifyElementText: Actual text and expected text of test object 'Object Repository/ReportsPage/weekTimeOption' are matched.

2018-06-06 19:27:38 - [MESSAGE][PASSED] - projectSpecific.Reusability.getTestData is PASSED

2018-06-06 19:27:38 - [MESSAGE][PASSED] - Actual text and expected text of test object 'Object Repository/ReportsPage/weekTimeOption' are matched.

2018-06-06 19:27:38 - [TEST_STEP][PASSED] - verifyElementText: Actual text and expected text of test object 'Object Repository/ReportsPage/criteriaTimeMeasure' are matched.

2018-06-06 19:27:38 - [MESSAGE][PASSED] - projectSpecific.Reusability.getTestData is PASSED

2018-06-06 19:27:38 - [MESSAGE][PASSED] - Actual text and expected text of test object 'Object Repository/ReportsPage/criteriaTimeMeasure' are matched.

2018-06-06 19:27:38 - [TEST_STEP][PASSED] - delay: Delayed 5 second(s)

2018-06-06 19:27:43 - [MESSAGE][PASSED] - Delayed 5 second(s)

2018-06-06 19:27:43 - [TEST_STEP][PASSED] - click: Object: 'Object Repository/ReportsPage/fromDateSelector' is clicked on

2018-06-06 19:27:43 - [MESSAGE][PASSED] - Object: 'Object Repository/ReportsPage/fromDateSelector' is clicked on

2018-06-06 19:27:43 - [TEST_STEP][PASSED] - delay: Delayed 5 second(s)

2018-06-06 19:27:48 - [MESSAGE][PASSED] - Delayed 5 second(s)

2018-06-06 19:27:48 - [TEST_STEP][PASSED] - Statement - monthText = com.kms.katalon.core.webui.keyword.WebUiBuiltInKeywords.getText(com.kms.katalon.core.testobject.ObjectRepository.findTestObject(ReportsPage/monthText)): Text of object 'Object Repository/ReportsPage/monthText' is: 'June 2018'

2018-06-06 19:27:48 - [MESSAGE][PASSED] - Text of object 'Object Repository/ReportsPage/monthText' is: 'June 2018'

2018-06-06 19:27:48 - [TEST_STEP][PASSED] - Statement - monthTextArray = monthText.split(" "): null

2018-06-06 19:27:48 - [TEST_STEP][PASSED] - Statement - month = monthTextArray[0]: null

2018-06-06 19:27:48 - [TEST_STEP][PASSED] - Statement - monthTextValue = CustomKeywords.projectSpecific.Reusability.getTestData("ReportsPage", "Month"): projectSpecific.Reusability.getTestData is PASSED

2018-06-06 19:27:48 - [MESSAGE][PASSED] - projectSpecific.Reusability.getTestData is PASSED

2018-06-06 19:27:48 - [TEST_STEP][PASSED] - Statement - If (!(monthTextValue.equals(month))): null

2018-06-06 19:27:48 - [TEST_STEP][PASSED] - Statement - While (!(monthTextValue.equals(month))): null

2018-06-06 19:27:48 - [TEST_STEP][PASSED] - click: Object: 'Object Repository/ReportsPage/previousDateSelector' is clicked on

2018-06-06 19:27:48 - [MESSAGE][PASSED] - Object: 'Object Repository/ReportsPage/previousDateSelector' is clicked on

2018-06-06 19:27:48 - [TEST_STEP][PASSED] - Statement - monthText = com.kms.katalon.core.webui.keyword.WebUiBuiltInKeywords.getText(com.kms.katalon.core.testobject.ObjectRepository.findTestObject(ReportsPage/monthText)): Text of object 'Object Repository/ReportsPage/monthText' is: 'May 2018'

2018-06-06 19:27:48 - [MESSAGE][PASSED] - Text of object 'Object Repository/ReportsPage/monthText' is: 'May 2018'

2018-06-06 19:27:48 - [TEST_STEP][PASSED] - Statement - monthTextArray = monthText.split(" "): null

2018-06-06 19:27:48 - [TEST_STEP][PASSED] - Statement - month = monthTextArray[0]: null

2018-06-06 19:27:48 - [TEST_STEP][PASSED] - click: Object: 'Object Repository/ReportsPage/previousDateSelector' is clicked on

2018-06-06 19:27:48 - [MESSAGE][PASSED] - Object: 'Object Repository/ReportsPage/previousDateSelector' is clicked on

2018-06-06 19:27:48 - [TEST_STEP][PASSED] - Statement - monthText = com.kms.katalon.core.webui.keyword.WebUiBuiltInKeywords.getText(com.kms.katalon.core.testobject.ObjectRepository.findTestObject(ReportsPage/monthText)): Text of object 'Object Repository/ReportsPage/monthText' is: 'April 2018'

2018-06-06 19:27:48 - [MESSAGE][PASSED] - Text of object 'Object Repository/ReportsPage/monthText' is: 'April 2018'

2018-06-06 19:27:48 - [TEST_STEP][PASSED] - Statement - monthTextArray = monthText.split(" "): null

2018-06-06 19:27:48 - [TEST_STEP][PASSED] - Statement - month = monthTextArray[0]: null

2018-06-06 19:27:48 - [TEST_STEP][PASSED] - click: Object: 'Object Repository/ReportsPage/previousDateSelector' is clicked on

2018-06-06 19:27:48 - [MESSAGE][PASSED] - Object: 'Object Repository/ReportsPage/previousDateSelector' is clicked on

2018-06-06 19:27:48 - [TEST_STEP][PASSED] - Statement - monthText = com.kms.katalon.core.webui.keyword.WebUiBuiltInKeywords.getText(com.kms.katalon.core.testobject.ObjectRepository.findTestObject(ReportsPage/monthText)): Text of object 'Object Repository/ReportsPage/monthText' is: 'March 2018'

2018-06-06 19:27:48 - [MESSAGE][PASSED] - Text of object 'Object Repository/ReportsPage/monthText' is: 'March 2018'

2018-06-06 19:27:48 - [TEST_STEP][PASSED] - Statement - monthTextArray = monthText.split(" "): null

2018-06-06 19:27:48 - [TEST_STEP][PASSED] - Statement - month = monthTextArray[0]: null

2018-06-06 19:27:48 - [TEST_STEP][PASSED] - Statement - data = CustomKeywords.projectSpecific.Reusability.getTestData("ReportsPage", "StartDate_March2"): projectSpecific.Reusability.getTestData is PASSED

2018-06-06 19:27:48 - [MESSAGE][PASSED] - projectSpecific.Reusability.getTestData is PASSED

2018-06-06 19:27:48 - [TEST_STEP][PASSED] - Statement - startDate = "(//td[text()='" + data + "'])[1]": null

2018-06-06 19:27:48 - [TEST_STEP][PASSED] - Statement - println(startDate): null

2018-06-06 19:27:48 - [TEST_STEP][PASSED] - Statement - startdateEle = driver.findElement(org.openqa.selenium.By.xpath(startDate)): null

2018-06-06 19:27:48 - [TEST_STEP][PASSED] - Statement - startdateEle.click(): null

2018-06-06 19:27:48 - [TEST_STEP][PASSED] - delay: Delayed 5 second(s)

2018-06-06 19:27:53 - [MESSAGE][PASSED] - Delayed 5 second(s)

2018-06-06 19:27:53 - [TEST_STEP][PASSED] - click: Object: 'Object Repository/ReportsPage/toDateSelector' is clicked on

2018-06-06 19:27:53 - [MESSAGE][PASSED] - Object: 'Object Repository/ReportsPage/toDateSelector' is clicked on

2018-06-06 19:27:53 - [TEST_STEP][PASSED] - Statement - monthText = com.kms.katalon.core.webui.keyword.WebUiBuiltInKeywords.getText(com.kms.katalon.core.testobject.ObjectRepository.findTestObject(ReportsPage/monthText2)): Text of object 'Object Repository/ReportsPage/monthText2' is: 'June 2018'

2018-06-06 19:27:53 - [MESSAGE][PASSED] - Text of object 'Object Repository/ReportsPage/monthText2' is: 'June 2018'

2018-06-06 19:27:53 - [TEST_STEP][PASSED] - Statement - monthTextArray = monthText.split(" "): null

2018-06-06 19:27:53 - [TEST_STEP][PASSED] - Statement - month = monthTextArray[0]: null

2018-06-06 19:27:53 - [TEST_STEP][PASSED] - Statement - monthTextValue1 = CustomKeywords.projectSpecific.Reusability.getTestData("ReportsPage", "Month"): projectSpecific.Reusability.getTestData is PASSED

2018-06-06 19:27:53 - [MESSAGE][PASSED] - projectSpecific.Reusability.getTestData is PASSED

2018-06-06 19:27:53 - [TEST_STEP][PASSED] - Statement - If (!(monthTextValue1.equals(month))): null

2018-06-06 19:27:53 - [TEST_STEP][PASSED] - Statement - While (!(monthTextValue1.equals(month))): null

2018-06-06 19:27:53 - [TEST_STEP][PASSED] - click: Object: 'Object Repository/ReportsPage/previousDateSelector2' is clicked on

2018-06-06 19:27:53 - [MESSAGE][PASSED] - Object: 'Object Repository/ReportsPage/previousDateSelector2' is clicked on

2018-06-06 19:27:53 - [TEST_STEP][PASSED] - Statement - monthText = com.kms.katalon.core.webui.keyword.WebUiBuiltInKeywords.getText(com.kms.katalon.core.testobject.ObjectRepository.findTestObject(ReportsPage/monthText2)): Text of object 'Object Repository/ReportsPage/monthText2' is: 'May 2018'

2018-06-06 19:27:53 - [MESSAGE][PASSED] - Text of object 'Object Repository/ReportsPage/monthText2' is: 'May 2018'

2018-06-06 19:27:53 - [TEST_STEP][PASSED] - Statement - monthTextArray = monthText.split(" "): null

2018-06-06 19:27:53 - [TEST_STEP][PASSED] - Statement - month = monthTextArray[0]: null

2018-06-06 19:27:53 - [TEST_STEP][PASSED] - click: Object: 'Object Repository/ReportsPage/previousDateSelector2' is clicked on

2018-06-06 19:27:53 - [MESSAGE][PASSED] - Object: 'Object Repository/ReportsPage/previousDateSelector2' is clicked on

2018-06-06 19:27:53 - [TEST_STEP][PASSED] - Statement - monthText = com.kms.katalon.core.webui.keyword.WebUiBuiltInKeywords.getText(com.kms.katalon.core.testobject.ObjectRepository.findTestObject(ReportsPage/monthText2)): Text of object 'Object Repository/ReportsPage/monthText2' is: 'April 2018'

2018-06-06 19:27:54 - [MESSAGE][PASSED] - Text of object 'Object Repository/ReportsPage/monthText2' is: 'April 2018'

2018-06-06 19:27:54 - [TEST_STEP][PASSED] - Statement - monthTextArray = monthText.split(" "): null

2018-06-06 19:27:54 - [TEST_STEP][PASSED] - Statement - month = monthTextArray[0]: null

2018-06-06 19:27:54 - [TEST_STEP][PASSED] - click: Object: 'Object Repository/ReportsPage/previousDateSelector2' is clicked on

2018-06-06 19:27:54 - [MESSAGE][PASSED] - Object: 'Object Repository/ReportsPage/previousDateSelector2' is clicked on

2018-06-06 19:27:54 - [TEST_STEP][PASSED] - Statement - monthText = com.kms.katalon.core.webui.keyword.WebUiBuiltInKeywords.getText(com.kms.katalon.core.testobject.ObjectRepository.findTestObject(ReportsPage/monthText2)): Text of object 'Object Repository/ReportsPage/monthText2' is: 'March 2018'

2018-06-06 19:27:54 - [MESSAGE][PASSED] - Text of object 'Object Repository/ReportsPage/monthText2' is: 'March 2018'

2018-06-06 19:27:54 - [TEST_STEP][PASSED] - Statement - monthTextArray = monthText.split(" "): null

2018-06-06 19:27:54 - [TEST_STEP][PASSED] - Statement - month = monthTextArray[0]: null

2018-06-06 19:27:54 - [TEST_STEP][PASSED] - Statement - endDate = CustomKeywords.projectSpecific.Reusability.getTestData("ReportsPage", "EndDate_March2"): projectSpecific.Reusability.getTestData is PASSED

2018-06-06 19:27:54 - [MESSAGE][PASSED] - projectSpecific.Reusability.getTestData is PASSED

2018-06-06 19:27:54 - [TEST_STEP][PASSED] - Statement - toDate = "(//td[text()='" + endDate + "'])[2]": null

2018-06-06 19:27:54 - [TEST_STEP][PASSED] - Statement - println(toDate): null

2018-06-06 19:27:54 - [TEST_STEP][PASSED] - Statement - toDateEle = driver.findElement(org.openqa.selenium.By.xpath(toDate)): null

2018-06-06 19:27:54 - [TEST_STEP][PASSED] - Statement - toDateEle.click(): null

2018-06-06 19:27:54 - [TEST_STEP][PASSED] - delay: Delayed 5 second(s)

2018-06-06 19:27:59 - [MESSAGE][PASSED] - Delayed 5 second(s)

2018-06-06 19:27:59 - [TEST_STEP][PASSED] - Statement - dateAttr = com.kms.katalon.core.webui.keyword.WebUiBuiltInKeywords.getAttribute(com.kms.katalon.core.testobject.ObjectRepository.findTestObject(ReportsPage/selectedDate1), "value"): Attribute 'value' of object 'Object Repository/ReportsPage/selectedDate1' is: '03/13/2018'

2018-06-06 19:27:59 - [MESSAGE][PASSED] - Attribute 'value' of object 'Object Repository/ReportsPage/selectedDate1' is: '03/13/2018'

2018-06-06 19:27:59 - [TEST_STEP][PASSED] - Statement - fromDateValue = CustomKeywords.projectSpecific.Reusability.getTestData("ReportsPage", "fromDate_March2"): projectSpecific.Reusability.getTestData is PASSED

2018-06-06 19:27:59 - [MESSAGE][PASSED] - projectSpecific.Reusability.getTestData is PASSED

2018-06-06 19:27:59 - [TEST_STEP][PASSED] - Statement - If (!(dateAttr.equals(fromDateValue))): null

2018-06-06 19:27:59 - [TEST_STEP][PASSED] - Statement - dateAttr = com.kms.katalon.core.webui.keyword.WebUiBuiltInKeywords.getAttribute(com.kms.katalon.core.testobject.ObjectRepository.findTestObject(ReportsPage/selectedDate2), "value"): Attribute 'value' of object 'Object Repository/ReportsPage/selectedDate2' is: '03/16/2018'

2018-06-06 19:27:59 - [MESSAGE][PASSED] - Attribute 'value' of object 'Object Repository/ReportsPage/selectedDate2' is: '03/16/2018'

2018-06-06 19:27:59 - [TEST_STEP][PASSED] - Statement - toDateValue = CustomKeywords.projectSpecific.Reusability.getTestData("ReportsPage", "toDate_March2"): projectSpecific.Reusability.getTestData is PASSED

2018-06-06 19:27:59 - [MESSAGE][PASSED] - projectSpecific.Reusability.getTestData is PASSED

2018-06-06 19:27:59 - [TEST_STEP][PASSED] - Statement - If (!(dateAttr.equals(toDateValue))): null

2018-06-06 19:27:59 - [TEST_STEP][PASSED] - click: Object: 'Object Repository/ReportsPage/generateReport' is clicked on

2018-06-06 19:27:59 - [MESSAGE][PASSED] - Object: 'Object Repository/ReportsPage/generateReport' is clicked on

2018-06-06 19:27:59 - [TEST_STEP][PASSED] - delay: Delayed 15 second(s)

2018-06-06 19:28:14 - [MESSAGE][PASSED] - Delayed 15 second(s)

2018-06-06 19:28:14 - [TEST_STEP][PASSED] - Statement - printTime = CustomKeywords.uiaction.CommonUIActions.getText(com.kms.katalon.core.testobject.ObjectRepository.findTestObject(SummarizedReportPage/printTime)): uiaction.CommonUIActions.getText is PASSED

2018-06-06 19:28:14 - [MESSAGE][PASSED] - uiaction.CommonUIActions.getText is PASSED

2018-06-06 19:28:14 - [TEST_STEP][PASSED] - Statement - cal = java.util.Calendar.getInstance(): null

2018-06-06 19:28:14 - [TEST_STEP][PASSED] - Statement - sdf = new java.text.SimpleDateFormat(hh:mm a): null

2018-06-06 19:28:14 - [TEST_STEP][PASSED] - Statement - currentSystemTime = sdf.format(cal.getTime()): null

2018-06-06 19:28:14 - [TEST_STEP][PASSED] - Statement - out.println(currentSystemTime): null

2018-06-06 19:28:14 - [TEST_STEP][PASSED] - Statement - If (currentSystemTime.contains(printTime)): null

2018-06-06 19:28:14 - [TEST_STEP][PASSED] - Statement - out.println("Print Time is displayed the current local time "): null

2018-06-06 19:28:14 - [TEST_STEP][PASSED] - delay: Delayed 5 second(s)

2018-06-06 19:28:19 - [MESSAGE][PASSED] - Delayed 5 second(s)

2018-06-06 19:28:19 - [TEST_STEP][PASSED] - uiaction.CommonUIActions.click: uiaction.CommonUIActions.click is PASSED

2018-06-06 19:28:24 - [MESSAGE][PASSED] - uiaction.CommonUIActions.click is PASSED

2018-06-06 19:28:24 - [TEST_STEP][PASSED] - Statement - assert TCflag == true: null

2018-06-06 19:28:24 - [TEST_STEP][PASSED] - Start listener action : sampleAfterTestCase: Browser is closed

2018-06-06 19:28:24 - [TEST_STEP][PASSED] - Statement - println(testCaseContext.getTestCaseId()): null

2018-06-06 19:28:24 - [TEST_STEP][PASSED] - Statement - println(testCaseContext.getTestCaseStatus()): null

2018-06-06 19:28:24 - [TEST_STEP][PASSED] - closeBrowser: Browser is closed

2018-06-06 19:28:25 - [MESSAGE][PASSED] - Browser is closed]]></system-out>
         <system-err><![CDATA[]]></system-err>
      </testcase>
      <testcase name="Test Cases/TimeZoneTC/HME-Account_Setting-Timezone-04" classname="Test Cases/TimeZoneTC/HME-Account_Setting-Timezone-04" status="PASSED">
         <system-out><![CDATA[2018-06-06 19:28:25 - [TEST_CASE][PASSED] - Test Cases/TimeZoneTC/HME-Account_Setting-Timezone-04: Browser is closed

2018-06-06 19:28:25 - [TEST_STEP][PASSED] - Start listener action : sampleBeforeTestCase: uiaction.CommonUIActions.deleteAllCookies is PASSED

2018-06-06 19:28:25 - [TEST_STEP][PASSED] - openBrowser: Browser is opened with url: ''

2018-06-06 19:28:27 - [MESSAGE][PASSED] - Browser is opened with url: ''

2018-06-06 19:28:27 - [TEST_STEP][PASSED] - maximizeWindow: Current window maximized

2018-06-06 19:28:28 - [MESSAGE][PASSED] - Current window maximized

2018-06-06 19:28:28 - [TEST_STEP][PASSED] - uiaction.CommonUIActions.deleteAllCookies: uiaction.CommonUIActions.deleteAllCookies is PASSED

2018-06-06 19:28:28 - [MESSAGE][PASSED] - Delete all cookies successfully

2018-06-06 19:28:28 - [MESSAGE][PASSED] - uiaction.CommonUIActions.deleteAllCookies is PASSED

2018-06-06 19:28:28 - [TEST_STEP][PASSED] - Statement - TCflag = true: null

2018-06-06 19:28:28 - [TEST_STEP][PASSED] - Statement - Try: uiaction.CommonUIActions.click is PASSED

2018-06-06 19:28:28 - [TEST_STEP][PASSED] - navigateToUrl: Navigate to 'https://uat.hmedtcloud.com' successfully

2018-06-06 19:28:50 - [MESSAGE][PASSED] - Navigate to 'https://uat.hmedtcloud.com' successfully

2018-06-06 19:28:50 - [TEST_STEP][PASSED] - delay: Delayed 15 second(s)

2018-06-06 19:29:05 - [MESSAGE][PASSED] - Delayed 15 second(s)

2018-06-06 19:29:05 - [TEST_STEP][PASSED] - projectSpecific.Reusability.login: projectSpecific.Reusability.login is PASSED

2018-06-06 19:29:05 - [MESSAGE][PASSED] - projectSpecific.Reusability.getTestData is PASSED

2018-06-06 19:29:05 - [MESSAGE][PASSED] - projectSpecific.Reusability.getTestData is PASSED

2018-06-06 19:29:22 - [MESSAGE][PASSED] - Text 'swtest01@hme.com' is set on object 'Object Repository/LoginPage/Username'

2018-06-06 19:29:22 - [MESSAGE][PASSED] - Text 'SWTest01' is set on object 'Object Repository/LoginPage/Password'

2018-06-06 19:29:29 - [MESSAGE][PASSED] - Object: 'Object Repository/LoginPage/Login' is clicked on

2018-06-06 19:29:29 - [MESSAGE][PASSED] - projectSpecific.Reusability.login is PASSED

2018-06-06 19:29:29 - [TEST_STEP][PASSED] - delay: Delayed 10 second(s)

2018-06-06 19:29:39 - [MESSAGE][PASSED] - Delayed 10 second(s)

2018-06-06 19:29:39 - [TEST_STEP][PASSED] - Statement - welcomeMsg = CustomKeywords.uiaction.CommonUIActions.getText(com.kms.katalon.core.testobject.ObjectRepository.findTestObject(HomePage/welcomeMessage)): uiaction.CommonUIActions.getText is PASSED

2018-06-06 19:29:39 - [MESSAGE][PASSED] - uiaction.CommonUIActions.getText is PASSED

2018-06-06 19:29:39 - [TEST_STEP][PASSED] - Statement - expactedWelcomeMsg = CustomKeywords.projectSpecific.Reusability.getTestData("HomePage", "welcomeMsg"): projectSpecific.Reusability.getTestData is PASSED

2018-06-06 19:29:39 - [MESSAGE][PASSED] - projectSpecific.Reusability.getTestData is PASSED

2018-06-06 19:29:39 - [TEST_STEP][PASSED] - Statement - If (welcomeMsg.contains(expactedWelcomeMsg)): null

2018-06-06 19:29:39 - [TEST_STEP][PASSED] - Statement - out.println("Welcome message is verified"): null

2018-06-06 19:29:39 - [TEST_STEP][PASSED] - uiaction.CommonUIActions.click: uiaction.CommonUIActions.click is PASSED

2018-06-06 19:29:40 - [MESSAGE][PASSED] - uiaction.CommonUIActions.click is PASSED

2018-06-06 19:29:40 - [TEST_STEP][PASSED] - Statement - storenumber = CustomKeywords.uiaction.CommonUIActions.getText(com.kms.katalon.core.testobject.ObjectRepository.findTestObject(StorePage/storepage_storenumber)): uiaction.CommonUIActions.getText is PASSED

2018-06-06 19:29:40 - [MESSAGE][PASSED] - uiaction.CommonUIActions.getText is PASSED

2018-06-06 19:29:40 - [TEST_STEP][PASSED] - Statement - out.println(" the store number is--" + storenumber.trim()): null

2018-06-06 19:29:40 - [TEST_STEP][PASSED] - uiaction.CommonUIActions.click: uiaction.CommonUIActions.click is PASSED

2018-06-06 19:29:45 - [MESSAGE][PASSED] - uiaction.CommonUIActions.click is PASSED

2018-06-06 19:29:45 - [TEST_STEP][PASSED] - delay: Delayed 15 second(s)

2018-06-06 19:30:00 - [MESSAGE][PASSED] - Delayed 15 second(s)

2018-06-06 19:30:00 - [TEST_STEP][PASSED] - Statement - driver = com.kms.katalon.core.webui.driver.DriverFactory.getWebDriver(): null

2018-06-06 19:30:00 - [TEST_STEP][PASSED] - Statement - driver.findElement(org.openqa.selenium.By.xpath("//span[contains(text(),'" + storenumber.trim() + "')]")).click(): null

2018-06-06 19:30:00 - [TEST_STEP][PASSED] - click: Object: 'Object Repository/ReportsPage/timeSelection' is clicked on

2018-06-06 19:30:00 - [MESSAGE][PASSED] - Object: 'Object Repository/ReportsPage/timeSelection' is clicked on

2018-06-06 19:30:00 - [TEST_STEP][PASSED] - click: Object: 'Object Repository/ReportsPage/dayTimeOption' is clicked on

2018-06-06 19:30:00 - [MESSAGE][PASSED] - Object: 'Object Repository/ReportsPage/dayTimeOption' is clicked on

2018-06-06 19:30:00 - [TEST_STEP][PASSED] - click: Object: 'Object Repository/ReportsPage/summaryReportHeading' is clicked on

2018-06-06 19:30:00 - [MESSAGE][PASSED] - Object: 'Object Repository/ReportsPage/summaryReportHeading' is clicked on

2018-06-06 19:30:00 - [TEST_STEP][PASSED] - verifyElementText: Actual text and expected text of test object 'Object Repository/ReportsPage/dayTimeOption' are matched.

2018-06-06 19:30:00 - [MESSAGE][PASSED] - projectSpecific.Reusability.getTestData is PASSED

2018-06-06 19:30:00 - [MESSAGE][PASSED] - Actual text and expected text of test object 'Object Repository/ReportsPage/dayTimeOption' are matched.

2018-06-06 19:30:00 - [TEST_STEP][PASSED] - verifyElementText: Actual text and expected text of test object 'Object Repository/ReportsPage/criteriaTimeMeasureForDay' are matched.

2018-06-06 19:30:00 - [MESSAGE][PASSED] - projectSpecific.Reusability.getTestData is PASSED

2018-06-06 19:30:00 - [MESSAGE][PASSED] - Actual text and expected text of test object 'Object Repository/ReportsPage/criteriaTimeMeasureForDay' are matched.

2018-06-06 19:30:00 - [TEST_STEP][PASSED] - delay: Delayed 5 second(s)

2018-06-06 19:30:05 - [MESSAGE][PASSED] - Delayed 5 second(s)

2018-06-06 19:30:05 - [TEST_STEP][PASSED] - click: Object: 'Object Repository/ReportsPage/fromDateSelector' is clicked on

2018-06-06 19:30:05 - [MESSAGE][PASSED] - Object: 'Object Repository/ReportsPage/fromDateSelector' is clicked on

2018-06-06 19:30:05 - [TEST_STEP][PASSED] - delay: Delayed 5 second(s)

2018-06-06 19:30:10 - [MESSAGE][PASSED] - Delayed 5 second(s)

2018-06-06 19:30:10 - [TEST_STEP][PASSED] - Statement - monthText = com.kms.katalon.core.webui.keyword.WebUiBuiltInKeywords.getText(com.kms.katalon.core.testobject.ObjectRepository.findTestObject(ReportsPage/monthText)): Text of object 'Object Repository/ReportsPage/monthText' is: 'June 2018'

2018-06-06 19:30:10 - [MESSAGE][PASSED] - Text of object 'Object Repository/ReportsPage/monthText' is: 'June 2018'

2018-06-06 19:30:10 - [TEST_STEP][PASSED] - Statement - monthTextArray = monthText.split(" "): null

2018-06-06 19:30:10 - [TEST_STEP][PASSED] - Statement - month = monthTextArray[0]: null

2018-06-06 19:30:10 - [TEST_STEP][PASSED] - Statement - monthTextValue = CustomKeywords.projectSpecific.Reusability.getTestData("ReportsPage", "Month"): projectSpecific.Reusability.getTestData is PASSED

2018-06-06 19:30:10 - [MESSAGE][PASSED] - projectSpecific.Reusability.getTestData is PASSED

2018-06-06 19:30:10 - [TEST_STEP][PASSED] - Statement - If (!(monthTextValue.equals(month))): null

2018-06-06 19:30:10 - [TEST_STEP][PASSED] - Statement - While (!(monthTextValue.equals(month))): null

2018-06-06 19:30:10 - [TEST_STEP][PASSED] - click: Object: 'Object Repository/ReportsPage/previousDateSelector' is clicked on

2018-06-06 19:30:10 - [MESSAGE][PASSED] - Object: 'Object Repository/ReportsPage/previousDateSelector' is clicked on

2018-06-06 19:30:10 - [TEST_STEP][PASSED] - Statement - monthText = com.kms.katalon.core.webui.keyword.WebUiBuiltInKeywords.getText(com.kms.katalon.core.testobject.ObjectRepository.findTestObject(ReportsPage/monthText)): Text of object 'Object Repository/ReportsPage/monthText' is: 'May 2018'

2018-06-06 19:30:10 - [MESSAGE][PASSED] - Text of object 'Object Repository/ReportsPage/monthText' is: 'May 2018'

2018-06-06 19:30:10 - [TEST_STEP][PASSED] - Statement - monthTextArray = monthText.split(" "): null

2018-06-06 19:30:10 - [TEST_STEP][PASSED] - Statement - month = monthTextArray[0]: null

2018-06-06 19:30:10 - [TEST_STEP][PASSED] - click: Object: 'Object Repository/ReportsPage/previousDateSelector' is clicked on

2018-06-06 19:30:10 - [MESSAGE][PASSED] - Object: 'Object Repository/ReportsPage/previousDateSelector' is clicked on

2018-06-06 19:30:10 - [TEST_STEP][PASSED] - Statement - monthText = com.kms.katalon.core.webui.keyword.WebUiBuiltInKeywords.getText(com.kms.katalon.core.testobject.ObjectRepository.findTestObject(ReportsPage/monthText)): Text of object 'Object Repository/ReportsPage/monthText' is: 'April 2018'

2018-06-06 19:30:10 - [MESSAGE][PASSED] - Text of object 'Object Repository/ReportsPage/monthText' is: 'April 2018'

2018-06-06 19:30:10 - [TEST_STEP][PASSED] - Statement - monthTextArray = monthText.split(" "): null

2018-06-06 19:30:10 - [TEST_STEP][PASSED] - Statement - month = monthTextArray[0]: null

2018-06-06 19:30:10 - [TEST_STEP][PASSED] - click: Object: 'Object Repository/ReportsPage/previousDateSelector' is clicked on

2018-06-06 19:30:10 - [MESSAGE][PASSED] - Object: 'Object Repository/ReportsPage/previousDateSelector' is clicked on

2018-06-06 19:30:10 - [TEST_STEP][PASSED] - Statement - monthText = com.kms.katalon.core.webui.keyword.WebUiBuiltInKeywords.getText(com.kms.katalon.core.testobject.ObjectRepository.findTestObject(ReportsPage/monthText)): Text of object 'Object Repository/ReportsPage/monthText' is: 'March 2018'

2018-06-06 19:30:10 - [MESSAGE][PASSED] - Text of object 'Object Repository/ReportsPage/monthText' is: 'March 2018'

2018-06-06 19:30:10 - [TEST_STEP][PASSED] - Statement - monthTextArray = monthText.split(" "): null

2018-06-06 19:30:10 - [TEST_STEP][PASSED] - Statement - month = monthTextArray[0]: null

2018-06-06 19:30:10 - [TEST_STEP][PASSED] - Statement - data = CustomKeywords.projectSpecific.Reusability.getTestData("ReportsPage", "EndDate"): projectSpecific.Reusability.getTestData is PASSED

2018-06-06 19:30:10 - [MESSAGE][PASSED] - projectSpecific.Reusability.getTestData is PASSED

2018-06-06 19:30:10 - [TEST_STEP][PASSED] - Statement - startDate = "(//td[text()='" + data + "'])[1]": null

2018-06-06 19:30:10 - [TEST_STEP][PASSED] - Statement - println(startDate): null

2018-06-06 19:30:10 - [TEST_STEP][PASSED] - Statement - startdateEle = driver.findElement(org.openqa.selenium.By.xpath(startDate)): null

2018-06-06 19:30:10 - [TEST_STEP][PASSED] - Statement - startdateEle.click(): null

2018-06-06 19:30:10 - [TEST_STEP][PASSED] - delay: Delayed 5 second(s)

2018-06-06 19:30:15 - [MESSAGE][PASSED] - Delayed 5 second(s)

2018-06-06 19:30:15 - [TEST_STEP][PASSED] - click: Object: 'Object Repository/ReportsPage/toDateSelector' is clicked on

2018-06-06 19:30:16 - [MESSAGE][PASSED] - Object: 'Object Repository/ReportsPage/toDateSelector' is clicked on

2018-06-06 19:30:16 - [TEST_STEP][PASSED] - Statement - monthText = com.kms.katalon.core.webui.keyword.WebUiBuiltInKeywords.getText(com.kms.katalon.core.testobject.ObjectRepository.findTestObject(ReportsPage/monthText2)): Text of object 'Object Repository/ReportsPage/monthText2' is: 'June 2018'

2018-06-06 19:30:16 - [MESSAGE][PASSED] - Text of object 'Object Repository/ReportsPage/monthText2' is: 'June 2018'

2018-06-06 19:30:16 - [TEST_STEP][PASSED] - Statement - monthTextArray = monthText.split(" "): null

2018-06-06 19:30:16 - [TEST_STEP][PASSED] - Statement - month = monthTextArray[0]: null

2018-06-06 19:30:16 - [TEST_STEP][PASSED] - Statement - monthTextValue1 = CustomKeywords.projectSpecific.Reusability.getTestData("ReportsPage", "Month"): projectSpecific.Reusability.getTestData is PASSED

2018-06-06 19:30:16 - [MESSAGE][PASSED] - projectSpecific.Reusability.getTestData is PASSED

2018-06-06 19:30:16 - [TEST_STEP][PASSED] - Statement - If (!(monthTextValue1.equals(month))): null

2018-06-06 19:30:16 - [TEST_STEP][PASSED] - Statement - While (!(monthTextValue1.equals(month))): null

2018-06-06 19:30:16 - [TEST_STEP][PASSED] - click: Object: 'Object Repository/ReportsPage/previousDateSelector2' is clicked on

2018-06-06 19:30:16 - [MESSAGE][PASSED] - Object: 'Object Repository/ReportsPage/previousDateSelector2' is clicked on

2018-06-06 19:30:16 - [TEST_STEP][PASSED] - Statement - monthText = com.kms.katalon.core.webui.keyword.WebUiBuiltInKeywords.getText(com.kms.katalon.core.testobject.ObjectRepository.findTestObject(ReportsPage/monthText2)): Text of object 'Object Repository/ReportsPage/monthText2' is: 'May 2018'

2018-06-06 19:30:16 - [MESSAGE][PASSED] - Text of object 'Object Repository/ReportsPage/monthText2' is: 'May 2018'

2018-06-06 19:30:16 - [TEST_STEP][PASSED] - Statement - monthTextArray = monthText.split(" "): null

2018-06-06 19:30:16 - [TEST_STEP][PASSED] - Statement - month = monthTextArray[0]: null

2018-06-06 19:30:16 - [TEST_STEP][PASSED] - click: Object: 'Object Repository/ReportsPage/previousDateSelector2' is clicked on

2018-06-06 19:30:16 - [MESSAGE][PASSED] - Object: 'Object Repository/ReportsPage/previousDateSelector2' is clicked on

2018-06-06 19:30:16 - [TEST_STEP][PASSED] - Statement - monthText = com.kms.katalon.core.webui.keyword.WebUiBuiltInKeywords.getText(com.kms.katalon.core.testobject.ObjectRepository.findTestObject(ReportsPage/monthText2)): Text of object 'Object Repository/ReportsPage/monthText2' is: 'April 2018'

2018-06-06 19:30:16 - [MESSAGE][PASSED] - Text of object 'Object Repository/ReportsPage/monthText2' is: 'April 2018'

2018-06-06 19:30:16 - [TEST_STEP][PASSED] - Statement - monthTextArray = monthText.split(" "): null

2018-06-06 19:30:16 - [TEST_STEP][PASSED] - Statement - month = monthTextArray[0]: null

2018-06-06 19:30:16 - [TEST_STEP][PASSED] - click: Object: 'Object Repository/ReportsPage/previousDateSelector2' is clicked on

2018-06-06 19:30:16 - [MESSAGE][PASSED] - Object: 'Object Repository/ReportsPage/previousDateSelector2' is clicked on

2018-06-06 19:30:16 - [TEST_STEP][PASSED] - Statement - monthText = com.kms.katalon.core.webui.keyword.WebUiBuiltInKeywords.getText(com.kms.katalon.core.testobject.ObjectRepository.findTestObject(ReportsPage/monthText2)): Text of object 'Object Repository/ReportsPage/monthText2' is: 'March 2018'

2018-06-06 19:30:16 - [MESSAGE][PASSED] - Text of object 'Object Repository/ReportsPage/monthText2' is: 'March 2018'

2018-06-06 19:30:16 - [TEST_STEP][PASSED] - Statement - monthTextArray = monthText.split(" "): null

2018-06-06 19:30:16 - [TEST_STEP][PASSED] - Statement - month = monthTextArray[0]: null

2018-06-06 19:30:16 - [TEST_STEP][PASSED] - Statement - endDate = CustomKeywords.projectSpecific.Reusability.getTestData("ReportsPage", "EndDate"): projectSpecific.Reusability.getTestData is PASSED

2018-06-06 19:30:16 - [MESSAGE][PASSED] - projectSpecific.Reusability.getTestData is PASSED

2018-06-06 19:30:16 - [TEST_STEP][PASSED] - Statement - toDate = "(//td[text()='" + endDate + "'])[2]": null

2018-06-06 19:30:16 - [TEST_STEP][PASSED] - Statement - println(toDate): null

2018-06-06 19:30:16 - [TEST_STEP][PASSED] - Statement - toDateEle = driver.findElement(org.openqa.selenium.By.xpath(toDate)): null

2018-06-06 19:30:16 - [TEST_STEP][PASSED] - Statement - toDateEle.click(): null

2018-06-06 19:30:16 - [TEST_STEP][PASSED] - delay: Delayed 5 second(s)

2018-06-06 19:30:21 - [MESSAGE][PASSED] - Delayed 5 second(s)

2018-06-06 19:30:21 - [TEST_STEP][PASSED] - Statement - dateAttr = com.kms.katalon.core.webui.keyword.WebUiBuiltInKeywords.getAttribute(com.kms.katalon.core.testobject.ObjectRepository.findTestObject(ReportsPage/selectedDate1), "value"): Attribute 'value' of object 'Object Repository/ReportsPage/selectedDate1' is: '03/14/2018'

2018-06-06 19:30:21 - [MESSAGE][PASSED] - Attribute 'value' of object 'Object Repository/ReportsPage/selectedDate1' is: '03/14/2018'

2018-06-06 19:30:21 - [TEST_STEP][PASSED] - Statement - fromDateValue = CustomKeywords.projectSpecific.Reusability.getTestData("ReportsPage", "toDate"): projectSpecific.Reusability.getTestData is PASSED

2018-06-06 19:30:21 - [MESSAGE][PASSED] - projectSpecific.Reusability.getTestData is PASSED

2018-06-06 19:30:21 - [TEST_STEP][PASSED] - Statement - If (!(dateAttr.equals(fromDateValue))): null

2018-06-06 19:30:21 - [TEST_STEP][PASSED] - Statement - dateAttr = com.kms.katalon.core.webui.keyword.WebUiBuiltInKeywords.getAttribute(com.kms.katalon.core.testobject.ObjectRepository.findTestObject(ReportsPage/selectedDate2), "value"): Attribute 'value' of object 'Object Repository/ReportsPage/selectedDate2' is: '03/14/2018'

2018-06-06 19:30:21 - [MESSAGE][PASSED] - Attribute 'value' of object 'Object Repository/ReportsPage/selectedDate2' is: '03/14/2018'

2018-06-06 19:30:21 - [TEST_STEP][PASSED] - Statement - toDateValue = CustomKeywords.projectSpecific.Reusability.getTestData("ReportsPage", "toDate"): projectSpecific.Reusability.getTestData is PASSED

2018-06-06 19:30:21 - [MESSAGE][PASSED] - projectSpecific.Reusability.getTestData is PASSED

2018-06-06 19:30:21 - [TEST_STEP][PASSED] - Statement - If (!(dateAttr.equals(toDateValue))): null

2018-06-06 19:30:21 - [TEST_STEP][PASSED] - click: Object: 'Object Repository/ReportsPage/generateReport' is clicked on

2018-06-06 19:30:21 - [MESSAGE][PASSED] - Object: 'Object Repository/ReportsPage/generateReport' is clicked on

2018-06-06 19:30:21 - [TEST_STEP][PASSED] - delay: Delayed 15 second(s)

2018-06-06 19:30:36 - [MESSAGE][PASSED] - Delayed 15 second(s)

2018-06-06 19:30:36 - [TEST_STEP][PASSED] - Statement - printTime = CustomKeywords.uiaction.CommonUIActions.getText(com.kms.katalon.core.testobject.ObjectRepository.findTestObject(SummarizedReportPage/printTime)): uiaction.CommonUIActions.getText is PASSED

2018-06-06 19:30:36 - [MESSAGE][PASSED] - uiaction.CommonUIActions.getText is PASSED

2018-06-06 19:30:36 - [TEST_STEP][PASSED] - Statement - cal = java.util.Calendar.getInstance(): null

2018-06-06 19:30:36 - [TEST_STEP][PASSED] - Statement - sdf = new java.text.SimpleDateFormat(hh:mm a): null

2018-06-06 19:30:36 - [TEST_STEP][PASSED] - Statement - currentSystemTime = sdf.format(cal.getTime()): null

[...]

2018-06-06 20:20:36 - [TEST_STEP][PASSED] - Statement - reportgroup = "(//div[@class='ctable']/table/tbody/tr[@class='tdata clear'])[" + i + "]/td[7]": null

2018-06-06 20:20:36 - [TEST_STEP][PASSED] - Statement - reportgroupTxt = driver.findElement(org.openqa.selenium.By.xpath(reportgroup)).getText(): null

2018-06-06 20:20:36 - [TEST_STEP][PASSED] - Statement - If (reportgroupTxt == "AutomationGroup1"): null

2018-06-06 20:20:36 - [TEST_STEP][PASSED] - Statement - println("Report group has right group name"): null

2018-06-06 20:20:36 - [TEST_STEP][PASSED] - Statement - reportgroup = "(//div[@class='ctable']/table/tbody/tr[@class='tdata clear'])[" + i + "]/td[7]": null

2018-06-06 20:20:36 - [TEST_STEP][PASSED] - Statement - reportgroupTxt = driver.findElement(org.openqa.selenium.By.xpath(reportgroup)).getText(): null

2018-06-06 20:20:36 - [TEST_STEP][PASSED] - Statement - If (reportgroupTxt == "AutomationGroup1"): null

2018-06-06 20:20:36 - [TEST_STEP][PASSED] - Statement - Else: null

2018-06-06 20:20:36 - [TEST_STEP][PASSED] - Statement - If (!(TCflag)): null

2018-06-06 20:20:36 - [TEST_STEP][PASSED] - Statement - reportgroup = "(//div[@class='ctable']/table/tbody/tr[@class='tdata clear'])[" + i + "]/td[7]": null

2018-06-06 20:20:36 - [TEST_STEP][PASSED] - Statement - reportgroupTxt = driver.findElement(org.openqa.selenium.By.xpath(reportgroup)).getText(): null

2018-06-06 20:20:36 - [TEST_STEP][PASSED] - Statement - If (reportgroupTxt == "AutomationGroup1"): null

2018-06-06 20:20:36 - [TEST_STEP][PASSED] - Statement - println("Report group has right group name"): null

2018-06-06 20:20:36 - [TEST_STEP][PASSED] - Statement - reportgroup = "(//div[@class='ctable']/table/tbody/tr[@class='tdata clear'])[" + i + "]/td[7]": null

2018-06-06 20:20:36 - [TEST_STEP][PASSED] - Statement - reportgroupTxt = driver.findElement(org.openqa.selenium.By.xpath(reportgroup)).getText(): null

2018-06-06 20:20:36 - [TEST_STEP][PASSED] - Statement - If (reportgroupTxt == "AutomationGroup1"): null

2018-06-06 20:20:36 - [TEST_STEP][PASSED] - Statement - println("Report group has right group name"): null

2018-06-06 20:20:36 - [TEST_STEP][PASSED] - uiaction.CommonUIActions.click: uiaction.CommonUIActions.click is PASSED

2018-06-06 20:20:36 - [MESSAGE][PASSED] - uiaction.CommonUIActions.click is PASSED

2018-06-06 20:20:36 - [TEST_STEP][PASSED] - delay: Delayed 5 second(s)

2018-06-06 20:20:41 - [MESSAGE][PASSED] - Delayed 5 second(s)

2018-06-06 20:20:41 - [TEST_STEP][PASSED] - uiaction.CommonUIActions.click: uiaction.CommonUIActions.click is PASSED

2018-06-06 20:20:41 - [MESSAGE][PASSED] - uiaction.CommonUIActions.click is PASSED

2018-06-06 20:20:41 - [TEST_STEP][PASSED] - delay: Delayed 5 second(s)

2018-06-06 20:20:46 - [MESSAGE][PASSED] - Delayed 5 second(s)

2018-06-06 20:20:46 - [TEST_STEP][PASSED] - uiaction.CommonUIActions.click: uiaction.CommonUIActions.click is PASSED

2018-06-06 20:20:46 - [MESSAGE][PASSED] - uiaction.CommonUIActions.click is PASSED

2018-06-06 20:20:46 - [TEST_STEP][PASSED] - uiaction.CommonUIActions.click: uiaction.CommonUIActions.click is PASSED

2018-06-06 20:20:47 - [MESSAGE][PASSED] - uiaction.CommonUIActions.click is PASSED

2018-06-06 20:20:47 - [TEST_STEP][PASSED] - uiaction.CommonUIActions.click: uiaction.CommonUIActions.click is PASSED

2018-06-06 20:20:47 - [MESSAGE][PASSED] - uiaction.CommonUIActions.click is PASSED

2018-06-06 20:20:47 - [TEST_STEP][PASSED] - delay: Delayed 10 second(s)

2018-06-06 20:20:57 - [MESSAGE][PASSED] - Delayed 10 second(s)

2018-06-06 20:20:57 - [TEST_STEP][PASSED] - uiaction.CommonUIActions.back: uiaction.CommonUIActions.back is PASSED

2018-06-06 20:20:57 - [MESSAGE][PASSED] - Navigate back successfully

2018-06-06 20:20:57 - [MESSAGE][PASSED] - uiaction.CommonUIActions.back is PASSED

2018-06-06 20:20:57 - [TEST_STEP][PASSED] - delay: Delayed 5 second(s)

2018-06-06 20:21:02 - [MESSAGE][PASSED] - Delayed 5 second(s)

2018-06-06 20:21:02 - [TEST_STEP][PASSED] - uiaction.CommonUIActions.back: uiaction.CommonUIActions.back is PASSED

2018-06-06 20:21:02 - [MESSAGE][PASSED] - Navigate back successfully

2018-06-06 20:21:02 - [MESSAGE][PASSED] - uiaction.CommonUIActions.back is PASSED

2018-06-06 20:21:02 - [TEST_STEP][PASSED] - uiaction.CommonUIActions.click: uiaction.CommonUIActions.click is PASSED

2018-06-06 20:21:03 - [MESSAGE][PASSED] - uiaction.CommonUIActions.click is PASSED

2018-06-06 20:21:03 - [TEST_STEP][PASSED] - uiaction.CommonUIActions.click: uiaction.CommonUIActions.click is PASSED

2018-06-06 20:21:03 - [MESSAGE][PASSED] - uiaction.CommonUIActions.click is PASSED

2018-06-06 20:21:03 - [TEST_STEP][PASSED] - uiaction.CommonUIActions.click: uiaction.CommonUIActions.click is PASSED

2018-06-06 20:21:03 - [MESSAGE][PASSED] - uiaction.CommonUIActions.click is PASSED

2018-06-06 20:21:03 - [TEST_STEP][PASSED] - uiaction.CommonUIActions.click: uiaction.CommonUIActions.click is PASSED

2018-06-06 20:21:25 - [MESSAGE][PASSED] - uiaction.CommonUIActions.click is PASSED

2018-06-06 20:21:25 - [TEST_STEP][PASSED] - Statement - assert TCflag == true: null

2018-06-06 20:21:25 - [TEST_STEP][PASSED] - Start listener action : sampleAfterTestCase: Browser is closed

2018-06-06 20:21:25 - [TEST_STEP][PASSED] - Statement - println(testCaseContext.getTestCaseId()): null

2018-06-06 20:21:25 - [TEST_STEP][PASSED] - Statement - println(testCaseContext.getTestCaseStatus()): null

2018-06-06 20:21:25 - [TEST_STEP][PASSED] - closeBrowser: Browser is closed

2018-06-06 20:21:25 - [MESSAGE][PASSED] - Browser is closed]]></system-out>
         <system-err><![CDATA[]]></system-err>
      </testcase>
      <testcase name="Test Cases/CreateGroupTC/HME-DeleteGroup-07" classname="Test Cases/CreateGroupTC/HME-DeleteGroup-07" status="FAILED">
         <failure type="FAILED" message="Unable to set text 'swtest01@hme.com' of object 'Object Repository/LoginPage/Username' (Root cause: com.kms.katalon.core.webui.exception.WebElementNotFoundException: Web element with id: 'Object Repository/LoginPage/Username' located by 'By.xpath: //*[@id=&quot;Content&quot;]/div/div/form/table/tbody/tr[1]/td/input


' not found)"/>
         <system-out><![CDATA[2018-06-06 20:21:25 - [TEST_CASE][FAILED] - Test Cases/CreateGroupTC/HME-DeleteGroup-07: Test Cases/CreateGroupTC/HME-DeleteGroup-07 FAILED because (of) Unable to set text 'swtest01@hme.com' of object 'Object Repository/LoginPage/Username' (Root cause: com.kms.katalon.core.webui.exception.WebElementNotFoundException: Web element with id: 'Object Repository/LoginPage/Username' located by 'By.xpath: //*[@id="Content"]/div/div/form/table/tbody/tr[1]/td/input


' not found)

2018-06-06 20:21:25 - [TEST_STEP][PASSED] - Start listener action : sampleBeforeTestCase: uiaction.CommonUIActions.deleteAllCookies is PASSED

2018-06-06 20:21:25 - [TEST_STEP][PASSED] - openBrowser: Browser is opened with url: ''

2018-06-06 20:21:28 - [MESSAGE][PASSED] - Browser is opened with url: ''

2018-06-06 20:21:28 - [TEST_STEP][PASSED] - maximizeWindow: Current window maximized

2018-06-06 20:21:29 - [MESSAGE][PASSED] - Current window maximized

2018-06-06 20:21:29 - [TEST_STEP][PASSED] - uiaction.CommonUIActions.deleteAllCookies: uiaction.CommonUIActions.deleteAllCookies is PASSED

2018-06-06 20:21:29 - [MESSAGE][PASSED] - Delete all cookies successfully

2018-06-06 20:21:29 - [MESSAGE][PASSED] - uiaction.CommonUIActions.deleteAllCookies is PASSED

2018-06-06 20:21:30 - [TEST_STEP][PASSED] - Statement - TCflag = true: null

2018-06-06 20:21:30 - [TEST_STEP][FAILED] - Statement - Try: null

2018-06-06 20:21:30 - [TEST_STEP][PASSED] - navigateToUrl: Navigate to 'https://uat.hmedtcloud.com' successfully

2018-06-06 20:21:51 - [MESSAGE][PASSED] - Navigate to 'https://uat.hmedtcloud.com' successfully

2018-06-06 20:21:51 - [TEST_STEP][PASSED] - delay: Delayed 15 second(s)

2018-06-06 20:22:06 - [MESSAGE][PASSED] - Delayed 15 second(s)

2018-06-06 20:22:06 - [TEST_STEP][FAILED] - projectSpecific.Reusability.login: Unable to set text 'swtest01@hme.com' of object 'Object Repository/LoginPage/Username' (Root cause: com.kms.katalon.core.webui.exception.WebElementNotFoundException: Web element with id: 'Object Repository/LoginPage/Username' located by 'By.xpath: //*[@id="Content"]/div/div/form/table/tbody/tr[1]/td/input


' not found)

2018-06-06 20:22:06 - [MESSAGE][PASSED] - projectSpecific.Reusability.getTestData is PASSED

2018-06-06 20:22:06 - [MESSAGE][PASSED] - projectSpecific.Reusability.getTestData is PASSED

2018-06-06 20:22:37 - [MESSAGE][FAILED] - Unable to set text 'swtest01@hme.com' of object 'Object Repository/LoginPage/Username' (Root cause: com.kms.katalon.core.webui.exception.WebElementNotFoundException: Web element with id: 'Object Repository/LoginPage/Username' located by 'By.xpath: //*[@id="Content"]/div/div/form/table/tbody/tr[1]/td/input


' not found)
[[ATTACHMENT|C:\\Users\\shalinin\\Katalon Studio\\HME_UAT_TestScripts\\Reports\\TestSuiteDemo\\20180606_192256\\1528296757526.png]]

2018-06-06 20:22:46 - [MESSAGE][PASSED] - Text 'SWTest01' is set on object 'Object Repository/LoginPage/Password'

2018-06-06 20:22:46 - [MESSAGE][PASSED] - Object: 'Object Repository/LoginPage/Login' is clicked on

2018-06-06 20:22:46 - [MESSAGE][FAILED] - Unable to set text 'swtest01@hme.com' of object 'Object Repository/LoginPage/Username' (Root cause: com.kms.katalon.core.webui.exception.WebElementNotFoundException: Web element with id: 'Object Repository/LoginPage/Username' located by 'By.xpath: //*[@id="Content"]/div/div/form/table/tbody/tr[1]/td/input


' not found)

2018-06-06 20:22:46 - [TEST_STEP][PASSED] - delay: Delayed 10 second(s)

2018-06-06 20:22:56 - [MESSAGE][PASSED] - Delayed 10 second(s)

2018-06-06 20:22:56 - [TEST_STEP][PASSED] - uiaction.CommonUIActions.click: uiaction.CommonUIActions.click is PASSED

2018-06-06 20:23:17 - [MESSAGE][PASSED] - uiaction.CommonUIActions.click is PASSED

2018-06-06 20:23:17 - [TEST_STEP][PASSED] - delay: Delayed 10 second(s)

2018-06-06 20:23:27 - [MESSAGE][PASSED] - Delayed 10 second(s)

2018-06-06 20:23:27 - [TEST_STEP][PASSED] - uiaction.CommonUIActions.click: uiaction.CommonUIActions.click is PASSED

2018-06-06 20:23:47 - [MESSAGE][PASSED] - uiaction.CommonUIActions.click is PASSED

2018-06-06 20:23:47 - [TEST_STEP][PASSED] - Statement - driver = com.kms.katalon.core.webui.driver.DriverFactory.getWebDriver(): null

2018-06-06 20:23:47 - [TEST_STEP][PASSED] - uiaction.CommonUIActions.click: uiaction.CommonUIActions.click is PASSED

2018-06-06 20:24:07 - [MESSAGE][PASSED] - uiaction.CommonUIActions.click is PASSED

2018-06-06 20:24:07 - [TEST_STEP][FAILED] - verifyElementPresent: com.kms.katalon.core.webui.exception.WebElementNotFoundException: Web element with id: 'Object Repository/ReportingGroupManagement/reportingGroupDetails' located by 'By.xpath: //div//h1[text()='Reporting Group Details']' not found

2018-06-06 20:24:18 - [MESSAGE][FAILED] - com.kms.katalon.core.webui.exception.WebElementNotFoundException: Web element with id: 'Object Repository/ReportingGroupManagement/reportingGroupDetails' located by 'By.xpath: //div//h1[text()='Reporting Group Details']' not found
[[ATTACHMENT|C:\\Users\\shalinin\\Katalon Studio\\HME_UAT_TestScripts\\Reports\\TestSuiteDemo\\20180606_192256\\1528296857785.png]]

2018-06-06 20:24:18 - [TEST_STEP][PASSED] - uiaction.CommonUIActions.enter: uiaction.CommonUIActions.enter is PASSED

2018-06-06 20:24:18 - [MESSAGE][PASSED] - projectSpecific.Reusability.getTestData is PASSED

2018-06-06 20:24:18 - [MESSAGE][PASSED] - uiaction.CommonUIActions.enter is PASSED

2018-06-06 20:24:18 - [TEST_STEP][PASSED] - uiaction.CommonUIActions.enter: uiaction.CommonUIActions.enter is PASSED

2018-06-06 20:24:18 - [MESSAGE][PASSED] - projectSpecific.Reusability.getTestData is PASSED

2018-06-06 20:24:38 - [MESSAGE][PASSED] - uiaction.CommonUIActions.enter is PASSED

2018-06-06 20:24:38 - [TEST_STEP][PASSED] - delay: Delayed 5 second(s)

2018-06-06 20:24:43 - [MESSAGE][PASSED] - Delayed 5 second(s)

2018-06-06 20:24:43 - [TEST_STEP][PASSED] - Statement - StoresCBList1 = driver.findElements(org.openqa.selenium.By.xpath(com.kms.katalon.core.testdata.TestDataFactory.findTestData(OR_file).getValue(2, 12))): Reading excel file with source file 'C:\Users\shalinin\Katalon Studio\HME_UAT_TestScripts\Data Files\HME_OR.xlsx' and sheet name 'Sheet1'

2018-06-06 20:24:43 - [TEST_STEP][PASSED] - Statement - storesLabel = driver.findElements(org.openqa.selenium.By.xpath(com.kms.katalon.core.testdata.TestDataFactory.findTestData(OR_file).getValue(2, 10))): Reading excel file with source file 'C:\Users\shalinin\Katalon Studio\HME_UAT_TestScripts\Data Files\HME_OR.xlsx' and sheet name 'Sheet1'

2018-06-06 20:24:43 - [TEST_STEP][PASSED] - Statement - groupStoresList = new java.util.ArrayList(): null

2018-06-06 20:24:43 - [TEST_STEP][PASSED] - Statement - out.println(StoresCBList1.size()): null

2018-06-06 20:24:43 - [TEST_STEP][PASSED] - Statement - size = StoresCBList1.size(): null

2018-06-06 20:24:43 - [TEST_STEP][PASSED] - Statement - For ([i = 0, i < size, (i++)]): null

2018-06-06 20:24:43 - [TEST_STEP][PASSED] - Statement - out.println(groupStoresList): null

2018-06-06 20:24:43 - [TEST_STEP][PASSED] - uiaction.CommonUIActions.click: uiaction.CommonUIActions.click is PASSED

2018-06-06 20:25:04 - [MESSAGE][PASSED] - uiaction.CommonUIActions.click is PASSED

2018-06-06 20:25:04 - [TEST_STEP][PASSED] - delay: Delayed 5 second(s)

2018-06-06 20:25:09 - [MESSAGE][PASSED] - Delayed 5 second(s)

2018-06-06 20:25:09 - [TEST_STEP][PASSED] - Statement - secondStoreListBox1 = driver.findElements(org.openqa.selenium.By.xpath(com.kms.katalon.core.testdata.TestDataFactory.findTestData(OR_file).getValue(2, 11))): Reading excel file with source file 'C:\Users\shalinin\Katalon Studio\HME_UAT_TestScripts\Data Files\HME_OR.xlsx' and sheet name 'Sheet1'

2018-06-06 20:25:09 - [TEST_STEP][PASSED] - Statement - actualList1 = new java.util.ArrayList(): null

2018-06-06 20:25:09 - [TEST_STEP][PASSED] - Statement - For ([i = 0, i < secondStoreListBox1.size(), (i++)]): null

2018-06-06 20:25:09 - [TEST_STEP][PASSED] - Statement - out.println(actualList1): null

2018-06-06 20:25:09 - [TEST_STEP][PASSED] - delay: Delayed 10 second(s)

2018-06-06 20:25:19 - [MESSAGE][PASSED] - Delayed 10 second(s)

2018-06-06 20:25:19 - [TEST_STEP][PASSED] - Statement - exists = false: null

2018-06-06 20:25:19 - [TEST_STEP][PASSED] - Statement - If (actualList1.containsAll(groupStoresList)): null

2018-06-06 20:25:19 - [TEST_STEP][PASSED] - Statement - exists = true: null

2018-06-06 20:25:19 - [TEST_STEP][PASSED] - Statement - println("Selected stores are displayed in Group/Stores in Group listbox"): null

2018-06-06 20:25:19 - [TEST_STEP][PASSED] - Statement - StoresCBList1 = driver.findElements(org.openqa.selenium.By.xpath(com.kms.katalon.core.testdata.TestDataFactory.findTestData(OR_file).getValue(2, 12))): Reading excel file with source file 'C:\Users\shalinin\Katalon Studio\HME_UAT_TestScripts\Data Files\HME_OR.xlsx' and sheet name 'Sheet1'

2018-06-06 20:25:19 - [TEST_STEP][PASSED] - Statement - storesLabel = driver.findElements(org.openqa.selenium.By.xpath(com.kms.katalon.core.testdata.TestDataFactory.findTestData(OR_file).getValue(2, 10))): Reading excel file with source file 'C:\Users\shalinin\Katalon Studio\HME_UAT_TestScripts\Data Files\HME_OR.xlsx' and sheet name 'Sheet1'

2018-06-06 20:25:19 - [TEST_STEP][PASSED] - Statement - storesLabelList = new java.util.ArrayList(): null

2018-06-06 20:25:19 - [TEST_STEP][PASSED] - Statement - For ([i = 0, i < storesLabel.size(), (i++)]): null

2018-06-06 20:25:19 - [TEST_STEP][PASSED] - Statement - println("storesLabel" + storesLabelList): null

2018-06-06 20:25:19 - [TEST_STEP][PASSED] - uiaction.CommonUIActions.click: uiaction.CommonUIActions.click is PASSED

2018-06-06 20:25:39 - [MESSAGE][PASSED] - uiaction.CommonUIActions.click is PASSED

2018-06-06 20:25:39 - [TEST_STEP][PASSED] - delay: Delayed 10 second(s)

2018-06-06 20:25:49 - [MESSAGE][PASSED] - Delayed 10 second(s)

2018-06-06 20:25:49 - [TEST_STEP][PASSED] - back: Navigate back successfully

2018-06-06 20:25:49 - [MESSAGE][PASSED] - Navigate back successfully

2018-06-06 20:25:49 - [TEST_STEP][PASSED] - delay: Delayed 10 second(s)

2018-06-06 20:25:59 - [MESSAGE][PASSED] - Delayed 10 second(s)

2018-06-06 20:25:59 - [TEST_STEP][PASSED] - back: Navigate back successfully

2018-06-06 20:26:01 - [MESSAGE][PASSED] - Navigate back successfully

2018-06-06 20:26:01 - [TEST_STEP][PASSED] - delay: Delayed 10 second(s)

2018-06-06 20:26:11 - [MESSAGE][PASSED] - Delayed 10 second(s)

2018-06-06 20:26:11 - [TEST_STEP][PASSED] - Statement - groupHierarchyList = driver.findElements(org.openqa.selenium.By.xpath(com.kms.katalon.core.testdata.TestDataFactory.findTestData(OR_file).getValue(2, 13))): Reading excel file with source file 'C:\Users\shalinin\Katalon Studio\HME_UAT_TestScripts\Data Files\HME_OR.xlsx' and sheet name 'Sheet1'

2018-06-06 20:26:11 - [TEST_STEP][PASSED] - Statement - actualgroupList = new java.util.ArrayList(): null

2018-06-06 20:26:11 - [TEST_STEP][PASSED] - Statement - For ([i = 0, i < groupHierarchyList.size(), (i++)]): null

2018-06-06 20:26:11 - [TEST_STEP][PASSED] - Statement - groupXpath = "//span[text()='" + CustomKeywords.projectSpecific.Reusability.getTestData("ReportingGroupManagementPage", "groupNameTC7") + "']": projectSpecific.Reusability.getTestData is PASSED

2018-06-06 20:26:11 - [MESSAGE][PASSED] - projectSpecific.Reusability.getTestData is PASSED

2018-06-06 20:26:11 - [TEST_STEP][PASSED] - Statement - println(groupXpath): null

2018-06-06 20:26:11 - [TEST_STEP][PASSED] - Statement - driver.findElement(org.openqa.selenium.By.xpath(groupXpath)).click(): null

2018-06-06 20:26:11 - [TEST_STEP][PASSED] - Statement - Catch (Exception e): null

2018-06-06 20:26:11 - [TEST_STEP][PASSED] - Statement - e.printStackTrace(): null

2018-06-06 20:26:11 - [TEST_STEP][PASSED] - Start listener action : sampleAfterTestCase: Browser is closed

2018-06-06 20:26:11 - [TEST_STEP][PASSED] - Statement - println(testCaseContext.getTestCaseId()): null

2018-06-06 20:26:11 - [TEST_STEP][PASSED] - Statement - println(testCaseContext.getTestCaseStatus()): null

2018-06-06 20:26:11 - [TEST_STEP][PASSED] - closeBrowser: Browser is closed

2018-06-06 20:26:12 - [MESSAGE][PASSED] - Browser is closed]]></system-out>
         <system-err><![CDATA[2018-06-06 20:21:25 - [TEST_CASE][FAILED] - Test Cases/CreateGroupTC/HME-DeleteGroup-07: Test Cases/CreateGroupTC/HME-DeleteGroup-07 FAILED because (of) Unable to set text 'swtest01@hme.com' of object 'Object Repository/LoginPage/Username' (Root cause: com.kms.katalon.core.webui.exception.WebElementNotFoundException: Web element with id: 'Object Repository/LoginPage/Username' located by 'By.xpath: //*[@id="Content"]/div/div/form/table/tbody/tr[1]/td/input


' not found)]]></system-err>
      </testcase>
      <system-out><![CDATA[2018-06-06 19:22:58 - [TEST_SUITE][FAILED] - TestSuiteDemo: Test Cases/TimeZoneTC/HME-Account_Setting-Timezone-05 FAILED because (of) org.codehaus.groovy.runtime.powerassert.PowerAssertionError: assert TCflag==true
       |     |
       false false]]></system-out>
      <system-err><![CDATA[2018-06-06 19:22:58 - [TEST_SUITE][FAILED] - TestSuiteDemo: Test Cases/TimeZoneTC/HME-Account_Setting-Timezone-05 FAILED because (of) org.codehaus.groovy.runtime.powerassert.PowerAssertionError: assert TCflag==true
       |     |
       false false]]></system-err>
   </testsuite>
</testsuites>
